/tmp/slurmd/job1384538/slurm_script: line 9: cd: qb18517/11_DT/dynamicTextureMain/4_C3D_ConvolutionalNN_3D/: No such file or directory
cuda:0
2_C3D_Model_BC.py:93: UserWarning: Implicit dimension choice for log_softmax has been deprecated. Change the call to include dim=X as an argument.
  return F.log_softmax(x)
2_C3D_Model_BC.py:135: UserWarning: invalid index of a 0-dim tensor. This will be an error in PyTorch 0.5. Use tensor.item() to convert a 0-dim tensor to a Python number
  print(epoch,i,loss.data[0])#, loss.data[0])
(0, 1, tensor(4.0201, device='cuda:0'))
(0, 2, tensor(3.8568, device='cuda:0'))
(0, 3, tensor(3.8437, device='cuda:0'))
(0, 4, tensor(3.8254, device='cuda:0'))
(0, 5, tensor(3.8053, device='cuda:0'))
(0, 6, tensor(3.8489, device='cuda:0'))
(0, 7, tensor(3.8293, device='cuda:0'))
(0, 8, tensor(3.9005, device='cuda:0'))
(0, 9, tensor(3.7614, device='cuda:0'))
(0, 10, tensor(3.8155, device='cuda:0'))
(0, 11, tensor(3.7345, device='cuda:0'))
(0, 12, tensor(3.8953, device='cuda:0'))
(0, 13, tensor(3.7070, device='cuda:0'))
(0, 14, tensor(3.8266, device='cuda:0'))
(0, 15, tensor(3.8533, device='cuda:0'))
(0, 16, tensor(3.7850, device='cuda:0'))
(0, 17, tensor(3.7264, device='cuda:0'))
(0, 18, tensor(3.7323, device='cuda:0'))
(0, 19, tensor(3.7011, device='cuda:0'))
(0, 20, tensor(3.7591, device='cuda:0'))
(0, 21, tensor(3.7065, device='cuda:0'))
(0, 22, tensor(3.7897, device='cuda:0'))
(0, 23, tensor(3.9480, device='cuda:0'))
(0, 24, tensor(3.6307, device='cuda:0'))
(0, 25, tensor(3.7259, device='cuda:0'))
(0, 26, tensor(3.7792, device='cuda:0'))
(0, 27, tensor(3.8873, device='cuda:0'))
(0, 28, tensor(3.6866, device='cuda:0'))
(0, 29, tensor(3.8700, device='cuda:0'))
(0, 30, tensor(3.8120, device='cuda:0'))
(0, 31, tensor(3.7394, device='cuda:0'))
(0, 32, tensor(3.7950, device='cuda:0'))
(0, 33, tensor(3.7318, device='cuda:0'))
(0, 34, tensor(3.8820, device='cuda:0'))
(0, 35, tensor(3.8084, device='cuda:0'))
(0, 36, tensor(3.7508, device='cuda:0'))
(0, 37, tensor(3.7435, device='cuda:0'))
(0, 38, tensor(3.7420, device='cuda:0'))
(0, 39, tensor(3.8867, device='cuda:0'))
(0, 40, tensor(3.7975, device='cuda:0'))
(0, 41, tensor(3.8117, device='cuda:0'))
(0, 42, tensor(3.7900, device='cuda:0'))
(0, 43, tensor(3.7213, device='cuda:0'))
(0, 44, tensor(3.7275, device='cuda:0'))
(0, 45, tensor(3.8924, device='cuda:0'))
(0, 46, tensor(3.7125, device='cuda:0'))
(0, 47, tensor(3.7798, device='cuda:0'))
(0, 48, tensor(3.8579, device='cuda:0'))
(0, 49, tensor(3.7579, device='cuda:0'))
(0, 50, tensor(3.7501, device='cuda:0'))
(0, 51, tensor(3.8386, device='cuda:0'))
(0, 52, tensor(3.7740, device='cuda:0'))
(0, 53, tensor(3.7234, device='cuda:0'))
(0, 54, tensor(3.8122, device='cuda:0'))
(0, 55, tensor(3.8515, device='cuda:0'))
(0, 56, tensor(3.7367, device='cuda:0'))
(0, 57, tensor(3.7901, device='cuda:0'))
(0, 58, tensor(3.8005, device='cuda:0'))
(0, 59, tensor(3.8028, device='cuda:0'))
(0, 60, tensor(3.8847, device='cuda:0'))
(0, 61, tensor(3.7768, device='cuda:0'))
(0, 62, tensor(3.8450, device='cuda:0'))
(0, 63, tensor(3.7812, device='cuda:0'))
(0, 64, tensor(3.7374, device='cuda:0'))
(0, 65, tensor(3.8029, device='cuda:0'))
(0, 66, tensor(3.6726, device='cuda:0'))
(0, 67, tensor(3.7199, device='cuda:0'))
(0, 68, tensor(3.8333, device='cuda:0'))
(0, 69, tensor(3.7904, device='cuda:0'))
(0, 70, tensor(3.7448, device='cuda:0'))
(0, 71, tensor(3.7136, device='cuda:0'))
(0, 72, tensor(3.6870, device='cuda:0'))
(0, 73, tensor(3.7757, device='cuda:0'))
(0, 74, tensor(3.8371, device='cuda:0'))
(0, 75, tensor(3.6653, device='cuda:0'))
(0, 76, tensor(3.8353, device='cuda:0'))
(0, 77, tensor(3.8235, device='cuda:0'))
(0, 78, tensor(3.6968, device='cuda:0'))
(0, 79, tensor(3.7637, device='cuda:0'))
(0, 80, tensor(3.8153, device='cuda:0'))
(0, 81, tensor(3.6332, device='cuda:0'))
(0, 82, tensor(3.8190, device='cuda:0'))
(0, 83, tensor(3.7189, device='cuda:0'))
(0, 84, tensor(3.7991, device='cuda:0'))
(0, 85, tensor(3.7614, device='cuda:0'))
(0, 86, tensor(3.8238, device='cuda:0'))
(0, 87, tensor(3.7506, device='cuda:0'))
(0, 88, tensor(3.6732, device='cuda:0'))
(0, 89, tensor(3.7846, device='cuda:0'))
(0, 90, tensor(3.6619, device='cuda:0'))
(0, 91, tensor(3.9007, device='cuda:0'))
(0, 92, tensor(3.8375, device='cuda:0'))
(0, 93, tensor(3.8301, device='cuda:0'))
(0, 94, tensor(3.8154, device='cuda:0'))
(0, 95, tensor(3.8045, device='cuda:0'))
(0, 96, tensor(3.7741, device='cuda:0'))
(0, 97, tensor(3.7428, device='cuda:0'))
(0, 98, tensor(3.7348, device='cuda:0'))
(0, 99, tensor(3.8569, device='cuda:0'))
(0, 100, tensor(3.7532, device='cuda:0'))
(0, 101, tensor(3.7773, device='cuda:0'))
(0, 102, tensor(3.7357, device='cuda:0'))
(0, 103, tensor(3.7603, device='cuda:0'))
(0, 104, tensor(3.7513, device='cuda:0'))
(0, 105, tensor(3.7393, device='cuda:0'))
(0, 106, tensor(3.7275, device='cuda:0'))
(0, 107, tensor(3.8397, device='cuda:0'))
(0, 108, tensor(3.7563, device='cuda:0'))
(0, 109, tensor(3.7271, device='cuda:0'))
(0, 110, tensor(3.7138, device='cuda:0'))
(0, 111, tensor(3.7822, device='cuda:0'))
(0, 112, tensor(3.7855, device='cuda:0'))
(0, 113, tensor(3.8401, device='cuda:0'))
(0, 114, tensor(3.7081, device='cuda:0'))
(0, 115, tensor(3.7607, device='cuda:0'))
(0, 116, tensor(3.7414, device='cuda:0'))
(0, 117, tensor(3.8646, device='cuda:0'))
(0, 118, tensor(3.8072, device='cuda:0'))
(0, 119, tensor(3.8820, device='cuda:0'))
(0, 120, tensor(3.7947, device='cuda:0'))
(0, 121, tensor(3.8527, device='cuda:0'))
(0, 122, tensor(3.7938, device='cuda:0'))
(0, 123, tensor(3.7110, device='cuda:0'))
(0, 124, tensor(3.7965, device='cuda:0'))
(0, 125, tensor(3.7837, device='cuda:0'))
(0, 126, tensor(3.7287, device='cuda:0'))
(0, 127, tensor(3.7673, device='cuda:0'))
(0, 128, tensor(3.7556, device='cuda:0'))
(0, 129, tensor(3.7135, device='cuda:0'))
(0, 130, tensor(3.7498, device='cuda:0'))
(0, 131, tensor(3.8008, device='cuda:0'))
(0, 132, tensor(3.6936, device='cuda:0'))
(0, 133, tensor(3.7959, device='cuda:0'))
(0, 134, tensor(3.7554, device='cuda:0'))
(0, 135, tensor(3.7248, device='cuda:0'))
(0, 136, tensor(3.7467, device='cuda:0'))
(0, 137, tensor(3.7079, device='cuda:0'))
(0, 138, tensor(3.7249, device='cuda:0'))
(0, 139, tensor(3.7058, device='cuda:0'))
(0, 140, tensor(3.7615, device='cuda:0'))
(0, 141, tensor(3.5812, device='cuda:0'))
(0, 142, tensor(3.8440, device='cuda:0'))
(0, 143, tensor(3.7260, device='cuda:0'))
(0, 144, tensor(3.8638, device='cuda:0'))
(0, 145, tensor(3.6924, device='cuda:0'))
(0, 146, tensor(3.8490, device='cuda:0'))
(0, 147, tensor(3.7040, device='cuda:0'))
(0, 148, tensor(3.5493, device='cuda:0'))
(0, 149, tensor(3.8193, device='cuda:0'))
(0, 150, tensor(3.6197, device='cuda:0'))
(0, 151, tensor(3.7690, device='cuda:0'))
(0, 152, tensor(3.7654, device='cuda:0'))
(0, 153, tensor(3.9016, device='cuda:0'))
(0, 154, tensor(3.8218, device='cuda:0'))
(0, 155, tensor(3.7505, device='cuda:0'))
(0, 156, tensor(3.7706, device='cuda:0'))
(0, 157, tensor(3.7219, device='cuda:0'))
(0, 158, tensor(3.8266, device='cuda:0'))
(0, 159, tensor(3.6986, device='cuda:0'))
(0, 160, tensor(3.7630, device='cuda:0'))
(0, 161, tensor(3.7074, device='cuda:0'))
(0, 162, tensor(3.7131, device='cuda:0'))
(0, 163, tensor(3.8213, device='cuda:0'))
(0, 164, tensor(3.8106, device='cuda:0'))
(0, 165, tensor(3.6872, device='cuda:0'))
(0, 166, tensor(3.7709, device='cuda:0'))
(0, 167, tensor(3.8061, device='cuda:0'))
(0, 168, tensor(3.8072, device='cuda:0'))
(0, 169, tensor(3.6476, device='cuda:0'))
(0, 170, tensor(3.6132, device='cuda:0'))
(0, 171, tensor(3.7878, device='cuda:0'))
(0, 172, tensor(3.6464, device='cuda:0'))
(0, 173, tensor(3.6600, device='cuda:0'))
(0, 174, tensor(3.6837, device='cuda:0'))
(0, 175, tensor(3.8168, device='cuda:0'))
(0, 176, tensor(3.6220, device='cuda:0'))
(0, 177, tensor(3.7790, device='cuda:0'))
(0, 178, tensor(3.8683, device='cuda:0'))
(0, 179, tensor(3.7414, device='cuda:0'))
(0, 180, tensor(3.6388, device='cuda:0'))
(0, 181, tensor(3.7350, device='cuda:0'))
(0, 182, tensor(3.8516, device='cuda:0'))
(0, 183, tensor(3.6981, device='cuda:0'))
(0, 184, tensor(3.7881, device='cuda:0'))
(0, 185, tensor(3.7593, device='cuda:0'))
(0, 186, tensor(3.7083, device='cuda:0'))
(0, 187, tensor(3.7606, device='cuda:0'))
(0, 188, tensor(3.8648, device='cuda:0'))
(0, 189, tensor(3.6647, device='cuda:0'))
(0, 190, tensor(3.7351, device='cuda:0'))
(0, 191, tensor(3.7091, device='cuda:0'))
(0, 192, tensor(3.7006, device='cuda:0'))
(0, 193, tensor(3.9162, device='cuda:0'))
(0, 194, tensor(3.7258, device='cuda:0'))
(0, 195, tensor(3.8343, device='cuda:0'))
(0, 196, tensor(3.8163, device='cuda:0'))
(0, 197, tensor(3.7335, device='cuda:0'))
(0, 198, tensor(3.7969, device='cuda:0'))
(0, 199, tensor(3.6038, device='cuda:0'))
(0, 200, tensor(3.7256, device='cuda:0'))
(0, 201, tensor(3.7121, device='cuda:0'))
(0, 202, tensor(3.8802, device='cuda:0'))
(0, 203, tensor(3.8060, device='cuda:0'))
(0, 204, tensor(3.6881, device='cuda:0'))
(0, 205, tensor(3.8282, device='cuda:0'))
(0, 206, tensor(3.7874, device='cuda:0'))
(0, 207, tensor(3.6723, device='cuda:0'))
(0, 208, tensor(3.7486, device='cuda:0'))
(0, 209, tensor(3.8105, device='cuda:0'))
(0, 210, tensor(3.7725, device='cuda:0'))
(0, 211, tensor(3.7067, device='cuda:0'))
(0, 212, tensor(3.8019, device='cuda:0'))
(0, 213, tensor(3.7084, device='cuda:0'))
(0, 214, tensor(3.7058, device='cuda:0'))
(0, 215, tensor(3.8034, device='cuda:0'))
(0, 216, tensor(3.7562, device='cuda:0'))
(0, 217, tensor(3.6264, device='cuda:0'))
(1, 218, tensor(3.7122, device='cuda:0'))
(1, 219, tensor(3.8297, device='cuda:0'))
(1, 220, tensor(3.7224, device='cuda:0'))
(1, 221, tensor(3.8420, device='cuda:0'))
(1, 222, tensor(3.8622, device='cuda:0'))
(1, 223, tensor(3.7574, device='cuda:0'))
(1, 224, tensor(3.7694, device='cuda:0'))
(1, 225, tensor(3.7716, device='cuda:0'))
(1, 226, tensor(3.7383, device='cuda:0'))
(1, 227, tensor(3.7054, device='cuda:0'))
(1, 228, tensor(3.7281, device='cuda:0'))
(1, 229, tensor(3.7401, device='cuda:0'))
(1, 230, tensor(3.7978, device='cuda:0'))
(1, 231, tensor(3.8079, device='cuda:0'))
(1, 232, tensor(3.7815, device='cuda:0'))
(1, 233, tensor(3.8131, device='cuda:0'))
(1, 234, tensor(3.7780, device='cuda:0'))
(1, 235, tensor(3.7085, device='cuda:0'))
(1, 236, tensor(3.7216, device='cuda:0'))
(1, 237, tensor(3.6878, device='cuda:0'))
(1, 238, tensor(3.7232, device='cuda:0'))
(1, 239, tensor(3.6608, device='cuda:0'))
(1, 240, tensor(3.7446, device='cuda:0'))
(1, 241, tensor(3.6573, device='cuda:0'))
(1, 242, tensor(3.6396, device='cuda:0'))
(1, 243, tensor(3.8749, device='cuda:0'))
(1, 244, tensor(3.6883, device='cuda:0'))
(1, 245, tensor(3.8382, device='cuda:0'))
(1, 246, tensor(3.6514, device='cuda:0'))
(1, 247, tensor(3.7182, device='cuda:0'))
(1, 248, tensor(3.7266, device='cuda:0'))
(1, 249, tensor(3.7098, device='cuda:0'))
(1, 250, tensor(3.8809, device='cuda:0'))
(1, 251, tensor(3.7331, device='cuda:0'))
(1, 252, tensor(3.7644, device='cuda:0'))
(1, 253, tensor(3.7232, device='cuda:0'))
(1, 254, tensor(3.6924, device='cuda:0'))
(1, 255, tensor(3.7909, device='cuda:0'))
(1, 256, tensor(3.7578, device='cuda:0'))
(1, 257, tensor(3.7274, device='cuda:0'))
(1, 258, tensor(3.7037, device='cuda:0'))
(1, 259, tensor(3.7116, device='cuda:0'))
(1, 260, tensor(3.7294, device='cuda:0'))
(1, 261, tensor(3.6755, device='cuda:0'))
(1, 262, tensor(3.8472, device='cuda:0'))
(1, 263, tensor(3.8647, device='cuda:0'))
(1, 264, tensor(3.6851, device='cuda:0'))
(1, 265, tensor(3.7023, device='cuda:0'))
(1, 266, tensor(3.7165, device='cuda:0'))
(1, 267, tensor(3.8070, device='cuda:0'))
(1, 268, tensor(3.7166, device='cuda:0'))
(1, 269, tensor(3.6727, device='cuda:0'))
(1, 270, tensor(3.6688, device='cuda:0'))
(1, 271, tensor(3.6825, device='cuda:0'))
(1, 272, tensor(3.6928, device='cuda:0'))
(1, 273, tensor(3.8067, device='cuda:0'))
(1, 274, tensor(3.6118, device='cuda:0'))
(1, 275, tensor(3.6775, device='cuda:0'))
(1, 276, tensor(3.6482, device='cuda:0'))
(1, 277, tensor(3.6019, device='cuda:0'))
(1, 278, tensor(3.7180, device='cuda:0'))
(1, 279, tensor(3.8212, device='cuda:0'))
(1, 280, tensor(3.5810, device='cuda:0'))
(1, 281, tensor(3.6278, device='cuda:0'))
(1, 282, tensor(3.8039, device='cuda:0'))
(1, 283, tensor(3.5748, device='cuda:0'))
(1, 284, tensor(3.8655, device='cuda:0'))
(1, 285, tensor(3.6191, device='cuda:0'))
(1, 286, tensor(3.6345, device='cuda:0'))
(1, 287, tensor(3.6002, device='cuda:0'))
(1, 288, tensor(3.8266, device='cuda:0'))
(1, 289, tensor(3.9046, device='cuda:0'))
(1, 290, tensor(3.7043, device='cuda:0'))
(1, 291, tensor(3.6682, device='cuda:0'))
(1, 292, tensor(3.7476, device='cuda:0'))
(1, 293, tensor(3.6279, device='cuda:0'))
(1, 294, tensor(3.7928, device='cuda:0'))
(1, 295, tensor(3.8646, device='cuda:0'))
(1, 296, tensor(3.8026, device='cuda:0'))
(1, 297, tensor(3.7232, device='cuda:0'))
(1, 298, tensor(3.7286, device='cuda:0'))
(1, 299, tensor(3.5919, device='cuda:0'))
(1, 300, tensor(3.6648, device='cuda:0'))
(1, 301, tensor(3.7231, device='cuda:0'))
(1, 302, tensor(3.6234, device='cuda:0'))
(1, 303, tensor(3.7131, device='cuda:0'))
(1, 304, tensor(3.8383, device='cuda:0'))
(1, 305, tensor(3.8487, device='cuda:0'))
(1, 306, tensor(3.7581, device='cuda:0'))
(1, 307, tensor(3.7456, device='cuda:0'))
(1, 308, tensor(3.7647, device='cuda:0'))
(1, 309, tensor(3.7155, device='cuda:0'))
(1, 310, tensor(3.8517, device='cuda:0'))
(1, 311, tensor(3.8651, device='cuda:0'))
(1, 312, tensor(3.7302, device='cuda:0'))
(1, 313, tensor(3.8034, device='cuda:0'))
(1, 314, tensor(3.7522, device='cuda:0'))
(1, 315, tensor(3.6296, device='cuda:0'))
(1, 316, tensor(3.7660, device='cuda:0'))
(1, 317, tensor(3.6958, device='cuda:0'))
(1, 318, tensor(3.7648, device='cuda:0'))
(1, 319, tensor(3.8848, device='cuda:0'))
(1, 320, tensor(3.7003, device='cuda:0'))
(1, 321, tensor(3.6387, device='cuda:0'))
(1, 322, tensor(3.8041, device='cuda:0'))
(1, 323, tensor(3.7958, device='cuda:0'))
(1, 324, tensor(3.6593, device='cuda:0'))
(1, 325, tensor(3.7355, device='cuda:0'))
(1, 326, tensor(3.7057, device='cuda:0'))
(1, 327, tensor(3.6923, device='cuda:0'))
(1, 328, tensor(3.8264, device='cuda:0'))
(1, 329, tensor(3.7666, device='cuda:0'))
(1, 330, tensor(3.7512, device='cuda:0'))
(1, 331, tensor(3.6789, device='cuda:0'))
(1, 332, tensor(3.7260, device='cuda:0'))
(1, 333, tensor(3.7492, device='cuda:0'))
(1, 334, tensor(3.7122, device='cuda:0'))
(1, 335, tensor(3.6765, device='cuda:0'))
(1, 336, tensor(3.6274, device='cuda:0'))
(1, 337, tensor(3.7742, device='cuda:0'))
(1, 338, tensor(3.6107, device='cuda:0'))
(1, 339, tensor(3.7843, device='cuda:0'))
(1, 340, tensor(3.6938, device='cuda:0'))
(1, 341, tensor(3.7954, device='cuda:0'))
(1, 342, tensor(3.7874, device='cuda:0'))
(1, 343, tensor(3.6468, device='cuda:0'))
(1, 344, tensor(3.7016, device='cuda:0'))
(1, 345, tensor(3.7279, device='cuda:0'))
(1, 346, tensor(3.7441, device='cuda:0'))
(1, 347, tensor(3.8152, device='cuda:0'))
(1, 348, tensor(3.6998, device='cuda:0'))
(1, 349, tensor(3.6617, device='cuda:0'))
(1, 350, tensor(3.7796, device='cuda:0'))
(1, 351, tensor(3.8054, device='cuda:0'))
(1, 352, tensor(3.8266, device='cuda:0'))
(1, 353, tensor(3.7359, device='cuda:0'))
(1, 354, tensor(3.7617, device='cuda:0'))
(1, 355, tensor(3.6677, device='cuda:0'))
(1, 356, tensor(3.6961, device='cuda:0'))
(1, 357, tensor(3.6142, device='cuda:0'))
(1, 358, tensor(3.8413, device='cuda:0'))
(1, 359, tensor(3.8159, device='cuda:0'))
(1, 360, tensor(3.8693, device='cuda:0'))
(1, 361, tensor(3.7961, device='cuda:0'))
(1, 362, tensor(3.6918, device='cuda:0'))
(1, 363, tensor(3.7793, device='cuda:0'))
(1, 364, tensor(3.7807, device='cuda:0'))
(1, 365, tensor(3.7564, device='cuda:0'))
(1, 366, tensor(3.6831, device='cuda:0'))
(1, 367, tensor(3.7526, device='cuda:0'))
(1, 368, tensor(3.6195, device='cuda:0'))
(1, 369, tensor(3.5999, device='cuda:0'))
(1, 370, tensor(3.7816, device='cuda:0'))
(1, 371, tensor(3.7535, device='cuda:0'))
(1, 372, tensor(3.7734, device='cuda:0'))
(1, 373, tensor(3.7087, device='cuda:0'))
(1, 374, tensor(3.7270, device='cuda:0'))
(1, 375, tensor(3.7611, device='cuda:0'))
(1, 376, tensor(3.7161, device='cuda:0'))
(1, 377, tensor(3.8139, device='cuda:0'))
(1, 378, tensor(3.5391, device='cuda:0'))
(1, 379, tensor(3.6909, device='cuda:0'))
(1, 380, tensor(3.8068, device='cuda:0'))
(1, 381, tensor(3.7910, device='cuda:0'))
(1, 382, tensor(3.6162, device='cuda:0'))
(1, 383, tensor(3.8014, device='cuda:0'))
(1, 384, tensor(3.6879, device='cuda:0'))
(1, 385, tensor(3.5857, device='cuda:0'))
(1, 386, tensor(3.5780, device='cuda:0'))
(1, 387, tensor(3.8797, device='cuda:0'))
(1, 388, tensor(3.6426, device='cuda:0'))
(1, 389, tensor(3.8619, device='cuda:0'))
(1, 390, tensor(3.8414, device='cuda:0'))
(1, 391, tensor(3.7411, device='cuda:0'))
(1, 392, tensor(3.7000, device='cuda:0'))
(1, 393, tensor(3.7192, device='cuda:0'))
(1, 394, tensor(3.7967, device='cuda:0'))
(1, 395, tensor(3.6591, device='cuda:0'))
(1, 396, tensor(3.6667, device='cuda:0'))
(1, 397, tensor(3.7766, device='cuda:0'))
(1, 398, tensor(3.7987, device='cuda:0'))
(1, 399, tensor(3.8280, device='cuda:0'))
(1, 400, tensor(3.7054, device='cuda:0'))
(1, 401, tensor(3.8615, device='cuda:0'))
(1, 402, tensor(3.7400, device='cuda:0'))
(1, 403, tensor(3.8291, device='cuda:0'))
(1, 404, tensor(3.6782, device='cuda:0'))
(1, 405, tensor(3.7348, device='cuda:0'))
(1, 406, tensor(3.6659, device='cuda:0'))
(1, 407, tensor(3.7130, device='cuda:0'))
(1, 408, tensor(3.8067, device='cuda:0'))
(1, 409, tensor(3.7111, device='cuda:0'))
(1, 410, tensor(3.6592, device='cuda:0'))
(1, 411, tensor(3.5761, device='cuda:0'))
(1, 412, tensor(3.6849, device='cuda:0'))
(1, 413, tensor(3.6094, device='cuda:0'))
(1, 414, tensor(3.6059, device='cuda:0'))
(1, 415, tensor(3.7177, device='cuda:0'))
(1, 416, tensor(3.8598, device='cuda:0'))
(1, 417, tensor(3.7225, device='cuda:0'))
(1, 418, tensor(3.7502, device='cuda:0'))
(1, 419, tensor(3.8109, device='cuda:0'))
(1, 420, tensor(3.6997, device='cuda:0'))
(1, 421, tensor(3.7327, device='cuda:0'))
(1, 422, tensor(3.7712, device='cuda:0'))
(1, 423, tensor(3.7335, device='cuda:0'))
(1, 424, tensor(3.6887, device='cuda:0'))
(1, 425, tensor(3.8671, device='cuda:0'))
(1, 426, tensor(3.6012, device='cuda:0'))
(1, 427, tensor(3.6898, device='cuda:0'))
(1, 428, tensor(3.6836, device='cuda:0'))
(1, 429, tensor(3.7253, device='cuda:0'))
(1, 430, tensor(3.7777, device='cuda:0'))
(1, 431, tensor(3.8139, device='cuda:0'))
(1, 432, tensor(3.8071, device='cuda:0'))
(1, 433, tensor(3.6965, device='cuda:0'))
(1, 434, tensor(3.3652, device='cuda:0'))
(2, 435, tensor(3.6191, device='cuda:0'))
(2, 436, tensor(3.8711, device='cuda:0'))
(2, 437, tensor(3.8471, device='cuda:0'))
(2, 438, tensor(3.6512, device='cuda:0'))
(2, 439, tensor(3.7059, device='cuda:0'))
(2, 440, tensor(3.7685, device='cuda:0'))
(2, 441, tensor(3.9523, device='cuda:0'))
(2, 442, tensor(3.7287, device='cuda:0'))
(2, 443, tensor(3.6630, device='cuda:0'))
(2, 444, tensor(3.7108, device='cuda:0'))
(2, 445, tensor(3.7086, device='cuda:0'))
(2, 446, tensor(3.7263, device='cuda:0'))
(2, 447, tensor(3.6284, device='cuda:0'))
(2, 448, tensor(3.8271, device='cuda:0'))
(2, 449, tensor(3.6394, device='cuda:0'))
(2, 450, tensor(3.7223, device='cuda:0'))
(2, 451, tensor(3.6792, device='cuda:0'))
(2, 452, tensor(3.6866, device='cuda:0'))
(2, 453, tensor(3.7366, device='cuda:0'))
(2, 454, tensor(3.7205, device='cuda:0'))
(2, 455, tensor(3.7584, device='cuda:0'))
(2, 456, tensor(3.8212, device='cuda:0'))
(2, 457, tensor(3.6862, device='cuda:0'))
(2, 458, tensor(3.6401, device='cuda:0'))
(2, 459, tensor(3.7524, device='cuda:0'))
(2, 460, tensor(3.6888, device='cuda:0'))
(2, 461, tensor(3.6547, device='cuda:0'))
(2, 462, tensor(3.6391, device='cuda:0'))
(2, 463, tensor(3.5880, device='cuda:0'))
(2, 464, tensor(3.6368, device='cuda:0'))
(2, 465, tensor(3.8590, device='cuda:0'))
(2, 466, tensor(3.6230, device='cuda:0'))
(2, 467, tensor(3.9205, device='cuda:0'))
(2, 468, tensor(3.7249, device='cuda:0'))
(2, 469, tensor(3.7658, device='cuda:0'))
(2, 470, tensor(3.7359, device='cuda:0'))
(2, 471, tensor(3.7624, device='cuda:0'))
(2, 472, tensor(3.7846, device='cuda:0'))
(2, 473, tensor(3.7638, device='cuda:0'))
(2, 474, tensor(3.6270, device='cuda:0'))
(2, 475, tensor(3.8202, device='cuda:0'))
(2, 476, tensor(3.7244, device='cuda:0'))
(2, 477, tensor(3.7118, device='cuda:0'))
(2, 478, tensor(3.6962, device='cuda:0'))
(2, 479, tensor(3.6329, device='cuda:0'))
(2, 480, tensor(3.7369, device='cuda:0'))
(2, 481, tensor(3.5717, device='cuda:0'))
(2, 482, tensor(3.8259, device='cuda:0'))
(2, 483, tensor(3.7322, device='cuda:0'))
(2, 484, tensor(3.6373, device='cuda:0'))
(2, 485, tensor(3.6829, device='cuda:0'))
(2, 486, tensor(3.9746, device='cuda:0'))
(2, 487, tensor(3.8224, device='cuda:0'))
(2, 488, tensor(3.7726, device='cuda:0'))
(2, 489, tensor(3.7442, device='cuda:0'))
(2, 490, tensor(3.7082, device='cuda:0'))
(2, 491, tensor(3.8216, device='cuda:0'))
(2, 492, tensor(3.6614, device='cuda:0'))
(2, 493, tensor(3.6671, device='cuda:0'))
(2, 494, tensor(3.7657, device='cuda:0'))
(2, 495, tensor(3.7447, device='cuda:0'))
(2, 496, tensor(3.7291, device='cuda:0'))
(2, 497, tensor(3.7299, device='cuda:0'))
(2, 498, tensor(3.6739, device='cuda:0'))
(2, 499, tensor(3.7711, device='cuda:0'))
(2, 500, tensor(3.9143, device='cuda:0'))
(2, 501, tensor(3.6430, device='cuda:0'))
(2, 502, tensor(3.6457, device='cuda:0'))
(2, 503, tensor(3.7813, device='cuda:0'))
(2, 504, tensor(3.6243, device='cuda:0'))
(2, 505, tensor(3.7072, device='cuda:0'))
(2, 506, tensor(3.6919, device='cuda:0'))
(2, 507, tensor(3.6541, device='cuda:0'))
(2, 508, tensor(3.6544, device='cuda:0'))
(2, 509, tensor(3.7666, device='cuda:0'))
(2, 510, tensor(3.8015, device='cuda:0'))
(2, 511, tensor(3.7448, device='cuda:0'))
(2, 512, tensor(3.6384, device='cuda:0'))
(2, 513, tensor(3.8345, device='cuda:0'))
(2, 514, tensor(3.6307, device='cuda:0'))
(2, 515, tensor(3.7921, device='cuda:0'))
(2, 516, tensor(3.7059, device='cuda:0'))
(2, 517, tensor(3.6788, device='cuda:0'))
(2, 518, tensor(3.7869, device='cuda:0'))
(2, 519, tensor(3.7495, device='cuda:0'))
(2, 520, tensor(3.6709, device='cuda:0'))
(2, 521, tensor(3.6999, device='cuda:0'))
(2, 522, tensor(3.6765, device='cuda:0'))
(2, 523, tensor(3.6446, device='cuda:0'))
(2, 524, tensor(3.8239, device='cuda:0'))
(2, 525, tensor(3.6605, device='cuda:0'))
(2, 526, tensor(3.7169, device='cuda:0'))
(2, 527, tensor(3.7661, device='cuda:0'))
(2, 528, tensor(3.7769, device='cuda:0'))
(2, 529, tensor(3.7574, device='cuda:0'))
(2, 530, tensor(3.7976, device='cuda:0'))
(2, 531, tensor(3.6752, device='cuda:0'))
(2, 532, tensor(3.6166, device='cuda:0'))
(2, 533, tensor(3.5926, device='cuda:0'))
(2, 534, tensor(3.7585, device='cuda:0'))
(2, 535, tensor(3.7685, device='cuda:0'))
(2, 536, tensor(3.6539, device='cuda:0'))
(2, 537, tensor(3.7261, device='cuda:0'))
(2, 538, tensor(3.6902, device='cuda:0'))
(2, 539, tensor(3.7478, device='cuda:0'))
(2, 540, tensor(3.5699, device='cuda:0'))
(2, 541, tensor(3.7063, device='cuda:0'))
(2, 542, tensor(3.6911, device='cuda:0'))
(2, 543, tensor(3.6465, device='cuda:0'))
(2, 544, tensor(3.7981, device='cuda:0'))
(2, 545, tensor(3.7840, device='cuda:0'))
(2, 546, tensor(3.7905, device='cuda:0'))
(2, 547, tensor(3.6247, device='cuda:0'))
(2, 548, tensor(3.8435, device='cuda:0'))
(2, 549, tensor(3.6689, device='cuda:0'))
(2, 550, tensor(3.7033, device='cuda:0'))
(2, 551, tensor(3.7375, device='cuda:0'))
(2, 552, tensor(3.6462, device='cuda:0'))
(2, 553, tensor(3.7853, device='cuda:0'))
(2, 554, tensor(3.6751, device='cuda:0'))
(2, 555, tensor(3.6592, device='cuda:0'))
(2, 556, tensor(3.7129, device='cuda:0'))
(2, 557, tensor(3.5792, device='cuda:0'))
(2, 558, tensor(3.7774, device='cuda:0'))
(2, 559, tensor(3.6135, device='cuda:0'))
(2, 560, tensor(3.8299, device='cuda:0'))
(2, 561, tensor(3.6292, device='cuda:0'))
(2, 562, tensor(3.5367, device='cuda:0'))
(2, 563, tensor(3.6637, device='cuda:0'))
(2, 564, tensor(3.7646, device='cuda:0'))
(2, 565, tensor(3.8658, device='cuda:0'))
(2, 566, tensor(3.7374, device='cuda:0'))
(2, 567, tensor(3.8851, device='cuda:0'))
(2, 568, tensor(3.7357, device='cuda:0'))
(2, 569, tensor(3.7219, device='cuda:0'))
(2, 570, tensor(3.7749, device='cuda:0'))
(2, 571, tensor(3.6735, device='cuda:0'))
(2, 572, tensor(3.7454, device='cuda:0'))
(2, 573, tensor(3.6916, device='cuda:0'))
(2, 574, tensor(3.6856, device='cuda:0'))
(2, 575, tensor(3.8336, device='cuda:0'))
(2, 576, tensor(3.8617, device='cuda:0'))
(2, 577, tensor(3.8134, device='cuda:0'))
(2, 578, tensor(3.7797, device='cuda:0'))
(2, 579, tensor(3.7357, device='cuda:0'))
(2, 580, tensor(3.6265, device='cuda:0'))
(2, 581, tensor(3.7278, device='cuda:0'))
(2, 582, tensor(3.6916, device='cuda:0'))
(2, 583, tensor(3.7027, device='cuda:0'))
(2, 584, tensor(3.7174, device='cuda:0'))
(2, 585, tensor(3.7485, device='cuda:0'))
(2, 586, tensor(3.7216, device='cuda:0'))
(2, 587, tensor(3.7559, device='cuda:0'))
(2, 588, tensor(3.8026, device='cuda:0'))
(2, 589, tensor(3.7805, device='cuda:0'))
(2, 590, tensor(3.6564, device='cuda:0'))
(2, 591, tensor(3.7364, device='cuda:0'))
(2, 592, tensor(3.7385, device='cuda:0'))
(2, 593, tensor(3.5638, device='cuda:0'))
(2, 594, tensor(3.6552, device='cuda:0'))
(2, 595, tensor(3.7123, device='cuda:0'))
(2, 596, tensor(3.8273, device='cuda:0'))
(2, 597, tensor(3.7221, device='cuda:0'))
(2, 598, tensor(3.7954, device='cuda:0'))
(2, 599, tensor(3.8789, device='cuda:0'))
(2, 600, tensor(3.7352, device='cuda:0'))
(2, 601, tensor(3.8137, device='cuda:0'))
(2, 602, tensor(3.7437, device='cuda:0'))
(2, 603, tensor(3.7124, device='cuda:0'))
(2, 604, tensor(3.7426, device='cuda:0'))
(2, 605, tensor(3.7282, device='cuda:0'))
(2, 606, tensor(3.6507, device='cuda:0'))
(2, 607, tensor(3.6220, device='cuda:0'))
(2, 608, tensor(3.7662, device='cuda:0'))
(2, 609, tensor(3.8489, device='cuda:0'))
(2, 610, tensor(3.7762, device='cuda:0'))
(2, 611, tensor(3.7147, device='cuda:0'))
(2, 612, tensor(3.7535, device='cuda:0'))
(2, 613, tensor(3.8108, device='cuda:0'))
(2, 614, tensor(3.8270, device='cuda:0'))
(2, 615, tensor(3.6898, device='cuda:0'))
(2, 616, tensor(3.7608, device='cuda:0'))
(2, 617, tensor(3.7892, device='cuda:0'))
(2, 618, tensor(3.8343, device='cuda:0'))
(2, 619, tensor(3.6871, device='cuda:0'))
(2, 620, tensor(3.7061, device='cuda:0'))
(2, 621, tensor(3.7220, device='cuda:0'))
(2, 622, tensor(3.6504, device='cuda:0'))
(2, 623, tensor(3.7273, device='cuda:0'))
(2, 624, tensor(3.6487, device='cuda:0'))
(2, 625, tensor(3.6269, device='cuda:0'))
(2, 626, tensor(3.8472, device='cuda:0'))
(2, 627, tensor(3.7948, device='cuda:0'))
(2, 628, tensor(3.7036, device='cuda:0'))
(2, 629, tensor(3.6971, device='cuda:0'))
(2, 630, tensor(3.7557, device='cuda:0'))
(2, 631, tensor(3.7948, device='cuda:0'))
(2, 632, tensor(3.7381, device='cuda:0'))
(2, 633, tensor(3.7671, device='cuda:0'))
(2, 634, tensor(3.7244, device='cuda:0'))
(2, 635, tensor(3.5834, device='cuda:0'))
(2, 636, tensor(3.7811, device='cuda:0'))
(2, 637, tensor(3.7450, device='cuda:0'))
(2, 638, tensor(3.7110, device='cuda:0'))
(2, 639, tensor(3.7578, device='cuda:0'))
(2, 640, tensor(3.7132, device='cuda:0'))
(2, 641, tensor(3.8081, device='cuda:0'))
(2, 642, tensor(3.7632, device='cuda:0'))
(2, 643, tensor(3.6773, device='cuda:0'))
(2, 644, tensor(3.6787, device='cuda:0'))
(2, 645, tensor(3.6933, device='cuda:0'))
(2, 646, tensor(3.7831, device='cuda:0'))
(2, 647, tensor(3.6411, device='cuda:0'))
(2, 648, tensor(3.7937, device='cuda:0'))
(2, 649, tensor(3.7619, device='cuda:0'))
(2, 650, tensor(3.8189, device='cuda:0'))
(2, 651, tensor(3.7609, device='cuda:0'))
(3, 652, tensor(3.6440, device='cuda:0'))
(3, 653, tensor(3.6986, device='cuda:0'))
(3, 654, tensor(3.7644, device='cuda:0'))
(3, 655, tensor(3.7935, device='cuda:0'))
(3, 656, tensor(3.8226, device='cuda:0'))
(3, 657, tensor(3.7887, device='cuda:0'))
(3, 658, tensor(3.7938, device='cuda:0'))
(3, 659, tensor(3.6601, device='cuda:0'))
(3, 660, tensor(3.7099, device='cuda:0'))
(3, 661, tensor(3.6580, device='cuda:0'))
(3, 662, tensor(3.6955, device='cuda:0'))
(3, 663, tensor(3.6930, device='cuda:0'))
(3, 664, tensor(3.8783, device='cuda:0'))
(3, 665, tensor(3.8879, device='cuda:0'))
(3, 666, tensor(3.7532, device='cuda:0'))
(3, 667, tensor(3.6428, device='cuda:0'))
(3, 668, tensor(3.7150, device='cuda:0'))
(3, 669, tensor(3.7722, device='cuda:0'))
(3, 670, tensor(3.6565, device='cuda:0'))
(3, 671, tensor(3.7365, device='cuda:0'))
(3, 672, tensor(3.6605, device='cuda:0'))
(3, 673, tensor(3.5244, device='cuda:0'))
(3, 674, tensor(3.7787, device='cuda:0'))
(3, 675, tensor(3.6777, device='cuda:0'))
(3, 676, tensor(3.8520, device='cuda:0'))
(3, 677, tensor(3.8788, device='cuda:0'))
(3, 678, tensor(3.6533, device='cuda:0'))
(3, 679, tensor(3.7133, device='cuda:0'))
(3, 680, tensor(3.6487, device='cuda:0'))
(3, 681, tensor(3.7217, device='cuda:0'))
(3, 682, tensor(3.7363, device='cuda:0'))
(3, 683, tensor(3.6733, device='cuda:0'))
(3, 684, tensor(3.7528, device='cuda:0'))
(3, 685, tensor(3.6490, device='cuda:0'))
(3, 686, tensor(3.8414, device='cuda:0'))
(3, 687, tensor(3.6806, device='cuda:0'))
(3, 688, tensor(3.6966, device='cuda:0'))
(3, 689, tensor(3.7106, device='cuda:0'))
(3, 690, tensor(3.5566, device='cuda:0'))
(3, 691, tensor(3.7623, device='cuda:0'))
(3, 692, tensor(3.7585, device='cuda:0'))
(3, 693, tensor(3.6702, device='cuda:0'))
(3, 694, tensor(3.7803, device='cuda:0'))
(3, 695, tensor(3.7229, device='cuda:0'))
(3, 696, tensor(3.7351, device='cuda:0'))
(3, 697, tensor(3.6597, device='cuda:0'))
(3, 698, tensor(3.9122, device='cuda:0'))
(3, 699, tensor(3.8262, device='cuda:0'))
(3, 700, tensor(3.7250, device='cuda:0'))
(3, 701, tensor(3.7951, device='cuda:0'))
(3, 702, tensor(3.7286, device='cuda:0'))
(3, 703, tensor(3.7131, device='cuda:0'))
(3, 704, tensor(3.6874, device='cuda:0'))
(3, 705, tensor(3.6765, device='cuda:0'))
(3, 706, tensor(3.6945, device='cuda:0'))
(3, 707, tensor(3.8107, device='cuda:0'))
(3, 708, tensor(3.7089, device='cuda:0'))
(3, 709, tensor(3.7679, device='cuda:0'))
(3, 710, tensor(3.6279, device='cuda:0'))
(3, 711, tensor(3.8922, device='cuda:0'))
(3, 712, tensor(3.6535, device='cuda:0'))
(3, 713, tensor(3.6722, device='cuda:0'))
(3, 714, tensor(3.6974, device='cuda:0'))
(3, 715, tensor(3.7253, device='cuda:0'))
(3, 716, tensor(3.6411, device='cuda:0'))
(3, 717, tensor(3.7850, device='cuda:0'))
(3, 718, tensor(3.8690, device='cuda:0'))
(3, 719, tensor(3.6201, device='cuda:0'))
(3, 720, tensor(3.6800, device='cuda:0'))
(3, 721, tensor(3.8309, device='cuda:0'))
(3, 722, tensor(3.6566, device='cuda:0'))
(3, 723, tensor(3.6198, device='cuda:0'))
(3, 724, tensor(3.7172, device='cuda:0'))
(3, 725, tensor(3.7409, device='cuda:0'))
(3, 726, tensor(3.6608, device='cuda:0'))
(3, 727, tensor(3.7923, device='cuda:0'))
(3, 728, tensor(3.7308, device='cuda:0'))
(3, 729, tensor(3.8005, device='cuda:0'))
(3, 730, tensor(3.6200, device='cuda:0'))
(3, 731, tensor(3.6541, device='cuda:0'))
(3, 732, tensor(3.6633, device='cuda:0'))
(3, 733, tensor(3.7290, device='cuda:0'))
(3, 734, tensor(3.7535, device='cuda:0'))
(3, 735, tensor(3.7504, device='cuda:0'))
(3, 736, tensor(3.6971, device='cuda:0'))
(3, 737, tensor(3.7290, device='cuda:0'))
(3, 738, tensor(3.8350, device='cuda:0'))
(3, 739, tensor(3.6588, device='cuda:0'))
(3, 740, tensor(3.7719, device='cuda:0'))
(3, 741, tensor(3.7913, device='cuda:0'))
(3, 742, tensor(3.7043, device='cuda:0'))
(3, 743, tensor(3.5924, device='cuda:0'))
(3, 744, tensor(3.7836, device='cuda:0'))
(3, 745, tensor(3.6195, device='cuda:0'))
(3, 746, tensor(3.7801, device='cuda:0'))
(3, 747, tensor(3.7527, device='cuda:0'))
(3, 748, tensor(3.6758, device='cuda:0'))
(3, 749, tensor(3.8103, device='cuda:0'))
(3, 750, tensor(3.7720, device='cuda:0'))
(3, 751, tensor(3.6296, device='cuda:0'))
(3, 752, tensor(3.7429, device='cuda:0'))
(3, 753, tensor(3.7341, device='cuda:0'))
(3, 754, tensor(3.8008, device='cuda:0'))
(3, 755, tensor(3.8245, device='cuda:0'))
(3, 756, tensor(3.7084, device='cuda:0'))
(3, 757, tensor(3.6979, device='cuda:0'))
(3, 758, tensor(3.7238, device='cuda:0'))
(3, 759, tensor(3.7955, device='cuda:0'))
(3, 760, tensor(3.7361, device='cuda:0'))
(3, 761, tensor(3.6767, device='cuda:0'))
(3, 762, tensor(3.8470, device='cuda:0'))
(3, 763, tensor(3.7473, device='cuda:0'))
(3, 764, tensor(3.8468, device='cuda:0'))
(3, 765, tensor(3.6985, device='cuda:0'))
(3, 766, tensor(3.7135, device='cuda:0'))
(3, 767, tensor(3.7340, device='cuda:0'))
(3, 768, tensor(3.7448, device='cuda:0'))
(3, 769, tensor(3.7468, device='cuda:0'))
(3, 770, tensor(3.7749, device='cuda:0'))
(3, 771, tensor(3.7308, device='cuda:0'))
(3, 772, tensor(3.8204, device='cuda:0'))
(3, 773, tensor(3.7171, device='cuda:0'))
(3, 774, tensor(3.7989, device='cuda:0'))
(3, 775, tensor(3.7562, device='cuda:0'))
(3, 776, tensor(3.7763, device='cuda:0'))
(3, 777, tensor(3.7122, device='cuda:0'))
(3, 778, tensor(3.7260, device='cuda:0'))
(3, 779, tensor(3.6399, device='cuda:0'))
(3, 780, tensor(3.5693, device='cuda:0'))
(3, 781, tensor(3.6542, device='cuda:0'))
(3, 782, tensor(3.7979, device='cuda:0'))
(3, 783, tensor(3.9737, device='cuda:0'))
(3, 784, tensor(3.7481, device='cuda:0'))
(3, 785, tensor(3.7723, device='cuda:0'))
(3, 786, tensor(3.6754, device='cuda:0'))
(3, 787, tensor(3.7246, device='cuda:0'))
(3, 788, tensor(3.8579, device='cuda:0'))
(3, 789, tensor(3.7362, device='cuda:0'))
(3, 790, tensor(3.6999, device='cuda:0'))
(3, 791, tensor(3.7047, device='cuda:0'))
(3, 792, tensor(3.6720, device='cuda:0'))
(3, 793, tensor(3.7719, device='cuda:0'))
(3, 794, tensor(3.6658, device='cuda:0'))
(3, 795, tensor(3.6700, device='cuda:0'))
(3, 796, tensor(3.7185, device='cuda:0'))
(3, 797, tensor(3.5944, device='cuda:0'))
(3, 798, tensor(3.6394, device='cuda:0'))
(3, 799, tensor(3.7158, device='cuda:0'))
(3, 800, tensor(3.6394, device='cuda:0'))
(3, 801, tensor(3.5988, device='cuda:0'))
(3, 802, tensor(3.6105, device='cuda:0'))
(3, 803, tensor(3.5625, device='cuda:0'))
(3, 804, tensor(3.6805, device='cuda:0'))
(3, 805, tensor(3.7869, device='cuda:0'))
(3, 806, tensor(3.6151, device='cuda:0'))
(3, 807, tensor(3.6510, device='cuda:0'))
(3, 808, tensor(3.8238, device='cuda:0'))
(3, 809, tensor(3.6110, device='cuda:0'))
(3, 810, tensor(3.7280, device='cuda:0'))
(3, 811, tensor(3.8178, device='cuda:0'))
(3, 812, tensor(3.8721, device='cuda:0'))
(3, 813, tensor(3.6530, device='cuda:0'))
(3, 814, tensor(3.7556, device='cuda:0'))
(3, 815, tensor(3.6791, device='cuda:0'))
(3, 816, tensor(3.8019, device='cuda:0'))
(3, 817, tensor(3.5940, device='cuda:0'))
(3, 818, tensor(3.9010, device='cuda:0'))
(3, 819, tensor(3.8656, device='cuda:0'))
(3, 820, tensor(3.7542, device='cuda:0'))
(3, 821, tensor(3.6825, device='cuda:0'))
(3, 822, tensor(3.7734, device='cuda:0'))
(3, 823, tensor(3.7585, device='cuda:0'))
(3, 824, tensor(3.8122, device='cuda:0'))
(3, 825, tensor(3.6473, device='cuda:0'))
(3, 826, tensor(3.7505, device='cuda:0'))
(3, 827, tensor(3.8183, device='cuda:0'))
(3, 828, tensor(3.6540, device='cuda:0'))
(3, 829, tensor(3.6318, device='cuda:0'))
(3, 830, tensor(3.6538, device='cuda:0'))
(3, 831, tensor(3.7278, device='cuda:0'))
(3, 832, tensor(3.7464, device='cuda:0'))
(3, 833, tensor(3.7978, device='cuda:0'))
(3, 834, tensor(3.5653, device='cuda:0'))
(3, 835, tensor(3.6925, device='cuda:0'))
(3, 836, tensor(3.7150, device='cuda:0'))
(3, 837, tensor(3.8597, device='cuda:0'))
(3, 838, tensor(3.7348, device='cuda:0'))
(3, 839, tensor(3.7173, device='cuda:0'))
(3, 840, tensor(3.5919, device='cuda:0'))
(3, 841, tensor(3.7479, device='cuda:0'))
(3, 842, tensor(3.7366, device='cuda:0'))
(3, 843, tensor(3.8005, device='cuda:0'))
(3, 844, tensor(3.5287, device='cuda:0'))
(3, 845, tensor(3.7779, device='cuda:0'))
(3, 846, tensor(3.8315, device='cuda:0'))
(3, 847, tensor(3.6787, device='cuda:0'))
(3, 848, tensor(3.6181, device='cuda:0'))
(3, 849, tensor(3.6702, device='cuda:0'))
(3, 850, tensor(3.9029, device='cuda:0'))
(3, 851, tensor(3.7332, device='cuda:0'))
(3, 852, tensor(3.8064, device='cuda:0'))
(3, 853, tensor(3.7115, device='cuda:0'))
(3, 854, tensor(3.7657, device='cuda:0'))
(3, 855, tensor(3.7237, device='cuda:0'))
(3, 856, tensor(3.7449, device='cuda:0'))
(3, 857, tensor(3.7674, device='cuda:0'))
(3, 858, tensor(3.7101, device='cuda:0'))
(3, 859, tensor(3.7180, device='cuda:0'))
(3, 860, tensor(3.6646, device='cuda:0'))
(3, 861, tensor(3.7082, device='cuda:0'))
(3, 862, tensor(3.7755, device='cuda:0'))
(3, 863, tensor(3.7238, device='cuda:0'))
(3, 864, tensor(3.6537, device='cuda:0'))
(3, 865, tensor(3.6654, device='cuda:0'))
(3, 866, tensor(3.7254, device='cuda:0'))
(3, 867, tensor(3.8504, device='cuda:0'))
(3, 868, tensor(3.4190, device='cuda:0'))
(4, 869, tensor(3.7072, device='cuda:0'))
(4, 870, tensor(3.7498, device='cuda:0'))
(4, 871, tensor(3.8228, device='cuda:0'))
(4, 872, tensor(3.7178, device='cuda:0'))
(4, 873, tensor(3.5439, device='cuda:0'))
(4, 874, tensor(3.8153, device='cuda:0'))
(4, 875, tensor(3.7192, device='cuda:0'))
(4, 876, tensor(3.8971, device='cuda:0'))
(4, 877, tensor(3.7849, device='cuda:0'))
(4, 878, tensor(3.6301, device='cuda:0'))
(4, 879, tensor(3.8585, device='cuda:0'))
(4, 880, tensor(3.7374, device='cuda:0'))
(4, 881, tensor(3.7985, device='cuda:0'))
(4, 882, tensor(3.7276, device='cuda:0'))
(4, 883, tensor(3.7643, device='cuda:0'))
(4, 884, tensor(3.7146, device='cuda:0'))
(4, 885, tensor(3.7207, device='cuda:0'))
(4, 886, tensor(3.7465, device='cuda:0'))
(4, 887, tensor(3.7373, device='cuda:0'))
(4, 888, tensor(3.6370, device='cuda:0'))
(4, 889, tensor(3.8063, device='cuda:0'))
(4, 890, tensor(3.7541, device='cuda:0'))
(4, 891, tensor(3.7513, device='cuda:0'))
(4, 892, tensor(3.7330, device='cuda:0'))
(4, 893, tensor(3.7426, device='cuda:0'))
(4, 894, tensor(3.8030, device='cuda:0'))
(4, 895, tensor(3.8085, device='cuda:0'))
(4, 896, tensor(3.8387, device='cuda:0'))
(4, 897, tensor(3.7198, device='cuda:0'))
(4, 898, tensor(3.7869, device='cuda:0'))
(4, 899, tensor(3.7748, device='cuda:0'))
(4, 900, tensor(3.7309, device='cuda:0'))
(4, 901, tensor(3.6840, device='cuda:0'))
(4, 902, tensor(3.7693, device='cuda:0'))
(4, 903, tensor(3.6967, device='cuda:0'))
(4, 904, tensor(3.6011, device='cuda:0'))
(4, 905, tensor(3.8097, device='cuda:0'))
(4, 906, tensor(3.5130, device='cuda:0'))
(4, 907, tensor(3.7939, device='cuda:0'))
(4, 908, tensor(3.6462, device='cuda:0'))
(4, 909, tensor(3.9042, device='cuda:0'))
(4, 910, tensor(3.6524, device='cuda:0'))
(4, 911, tensor(3.7340, device='cuda:0'))
(4, 912, tensor(3.7138, device='cuda:0'))
(4, 913, tensor(3.6675, device='cuda:0'))
(4, 914, tensor(3.6220, device='cuda:0'))
(4, 915, tensor(3.7894, device='cuda:0'))
(4, 916, tensor(3.4316, device='cuda:0'))
(4, 917, tensor(3.7744, device='cuda:0'))
(4, 918, tensor(3.5947, device='cuda:0'))
(4, 919, tensor(3.7975, device='cuda:0'))
(4, 920, tensor(3.9322, device='cuda:0'))
(4, 921, tensor(3.8032, device='cuda:0'))
(4, 922, tensor(3.6524, device='cuda:0'))
(4, 923, tensor(3.6821, device='cuda:0'))
(4, 924, tensor(3.6652, device='cuda:0'))
(4, 925, tensor(3.7446, device='cuda:0'))
(4, 926, tensor(3.6754, device='cuda:0'))
(4, 927, tensor(3.7768, device='cuda:0'))
(4, 928, tensor(3.6753, device='cuda:0'))
(4, 929, tensor(3.6934, device='cuda:0'))
(4, 930, tensor(3.6928, device='cuda:0'))
(4, 931, tensor(3.7377, device='cuda:0'))
(4, 932, tensor(3.7252, device='cuda:0'))
(4, 933, tensor(3.7405, device='cuda:0'))
(4, 934, tensor(3.6838, device='cuda:0'))
(4, 935, tensor(3.6475, device='cuda:0'))
(4, 936, tensor(3.6755, device='cuda:0'))
(4, 937, tensor(3.7276, device='cuda:0'))
(4, 938, tensor(3.7467, device='cuda:0'))
(4, 939, tensor(3.8694, device='cuda:0'))
(4, 940, tensor(3.8571, device='cuda:0'))
(4, 941, tensor(3.6528, device='cuda:0'))
(4, 942, tensor(3.6637, device='cuda:0'))
(4, 943, tensor(3.7083, device='cuda:0'))
(4, 944, tensor(3.7351, device='cuda:0'))
(4, 945, tensor(3.8284, device='cuda:0'))
(4, 946, tensor(3.6353, device='cuda:0'))
(4, 947, tensor(3.7028, device='cuda:0'))
(4, 948, tensor(3.6854, device='cuda:0'))
(4, 949, tensor(3.6657, device='cuda:0'))
(4, 950, tensor(3.7871, device='cuda:0'))
(4, 951, tensor(3.7914, device='cuda:0'))
(4, 952, tensor(3.8031, device='cuda:0'))
(4, 953, tensor(3.6898, device='cuda:0'))
(4, 954, tensor(3.7001, device='cuda:0'))
(4, 955, tensor(3.6287, device='cuda:0'))
(4, 956, tensor(3.7228, device='cuda:0'))
(4, 957, tensor(3.7308, device='cuda:0'))
(4, 958, tensor(3.5844, device='cuda:0'))
(4, 959, tensor(3.6481, device='cuda:0'))
(4, 960, tensor(3.7375, device='cuda:0'))
(4, 961, tensor(3.6262, device='cuda:0'))
(4, 962, tensor(3.7195, device='cuda:0'))
(4, 963, tensor(3.7112, device='cuda:0'))
(4, 964, tensor(3.6841, device='cuda:0'))
(4, 965, tensor(3.6593, device='cuda:0'))
(4, 966, tensor(3.7763, device='cuda:0'))
(4, 967, tensor(3.9085, device='cuda:0'))
(4, 968, tensor(3.7348, device='cuda:0'))
(4, 969, tensor(3.7423, device='cuda:0'))
(4, 970, tensor(3.6884, device='cuda:0'))
(4, 971, tensor(3.7081, device='cuda:0'))
(4, 972, tensor(3.6235, device='cuda:0'))
(4, 973, tensor(3.7356, device='cuda:0'))
(4, 974, tensor(3.5596, device='cuda:0'))
(4, 975, tensor(3.7912, device='cuda:0'))
(4, 976, tensor(3.6714, device='cuda:0'))
(4, 977, tensor(3.5851, device='cuda:0'))
(4, 978, tensor(3.7050, device='cuda:0'))
(4, 979, tensor(3.4826, device='cuda:0'))
(4, 980, tensor(3.7082, device='cuda:0'))
(4, 981, tensor(3.7232, device='cuda:0'))
(4, 982, tensor(3.5960, device='cuda:0'))
(4, 983, tensor(3.6004, device='cuda:0'))
(4, 984, tensor(3.7007, device='cuda:0'))
(4, 985, tensor(3.8473, device='cuda:0'))
(4, 986, tensor(3.6865, device='cuda:0'))
(4, 987, tensor(3.7823, device='cuda:0'))
(4, 988, tensor(3.7151, device='cuda:0'))
(4, 989, tensor(3.6940, device='cuda:0'))
(4, 990, tensor(3.7147, device='cuda:0'))
(4, 991, tensor(3.5713, device='cuda:0'))
(4, 992, tensor(3.7401, device='cuda:0'))
(4, 993, tensor(3.6882, device='cuda:0'))
(4, 994, tensor(3.7759, device='cuda:0'))
(4, 995, tensor(3.6358, device='cuda:0'))
(4, 996, tensor(3.6753, device='cuda:0'))
(4, 997, tensor(3.6688, device='cuda:0'))
(4, 998, tensor(3.7102, device='cuda:0'))
(4, 999, tensor(3.6754, device='cuda:0'))
(4, 1000, tensor(3.8273, device='cuda:0'))
(4, 1001, tensor(3.7929, device='cuda:0'))
(4, 1002, tensor(3.8004, device='cuda:0'))
(4, 1003, tensor(3.7468, device='cuda:0'))
(4, 1004, tensor(3.6834, device='cuda:0'))
(4, 1005, tensor(3.8387, device='cuda:0'))
(4, 1006, tensor(3.7492, device='cuda:0'))
(4, 1007, tensor(3.6712, device='cuda:0'))
(4, 1008, tensor(3.8519, device='cuda:0'))
(4, 1009, tensor(3.7550, device='cuda:0'))
(4, 1010, tensor(3.5259, device='cuda:0'))
(4, 1011, tensor(3.6037, device='cuda:0'))
(4, 1012, tensor(3.7060, device='cuda:0'))
(4, 1013, tensor(3.6926, device='cuda:0'))
(4, 1014, tensor(3.8017, device='cuda:0'))
(4, 1015, tensor(3.6377, device='cuda:0'))
(4, 1016, tensor(3.8789, device='cuda:0'))
(4, 1017, tensor(3.7482, device='cuda:0'))
(4, 1018, tensor(3.7143, device='cuda:0'))
(4, 1019, tensor(3.6798, device='cuda:0'))
(4, 1020, tensor(3.6484, device='cuda:0'))
(4, 1021, tensor(3.6623, device='cuda:0'))
(4, 1022, tensor(3.6825, device='cuda:0'))
(4, 1023, tensor(3.6964, device='cuda:0'))
(4, 1024, tensor(3.7115, device='cuda:0'))
(4, 1025, tensor(3.8001, device='cuda:0'))
(4, 1026, tensor(3.7879, device='cuda:0'))
(4, 1027, tensor(3.8095, device='cuda:0'))
(4, 1028, tensor(3.7886, device='cuda:0'))
(4, 1029, tensor(3.6794, device='cuda:0'))
(4, 1030, tensor(3.8247, device='cuda:0'))
(4, 1031, tensor(3.7300, device='cuda:0'))
(4, 1032, tensor(3.8036, device='cuda:0'))
(4, 1033, tensor(3.7268, device='cuda:0'))
(4, 1034, tensor(3.6974, device='cuda:0'))
(4, 1035, tensor(3.7851, device='cuda:0'))
(4, 1036, tensor(3.8016, device='cuda:0'))
(4, 1037, tensor(3.7744, device='cuda:0'))
(4, 1038, tensor(3.6467, device='cuda:0'))
(4, 1039, tensor(3.5937, device='cuda:0'))
(4, 1040, tensor(3.8348, device='cuda:0'))
(4, 1041, tensor(3.6547, device='cuda:0'))
(4, 1042, tensor(3.6072, device='cuda:0'))
(4, 1043, tensor(3.5685, device='cuda:0'))
(4, 1044, tensor(3.8864, device='cuda:0'))
(4, 1045, tensor(3.7782, device='cuda:0'))
(4, 1046, tensor(3.6904, device='cuda:0'))
(4, 1047, tensor(3.7308, device='cuda:0'))
(4, 1048, tensor(3.8232, device='cuda:0'))
(4, 1049, tensor(3.6811, device='cuda:0'))
(4, 1050, tensor(3.7877, device='cuda:0'))
(4, 1051, tensor(3.6768, device='cuda:0'))
(4, 1052, tensor(3.7078, device='cuda:0'))
(4, 1053, tensor(3.8640, device='cuda:0'))
(4, 1054, tensor(3.8753, device='cuda:0'))
(4, 1055, tensor(3.7174, device='cuda:0'))
(4, 1056, tensor(3.8299, device='cuda:0'))
(4, 1057, tensor(3.7859, device='cuda:0'))
(4, 1058, tensor(3.7887, device='cuda:0'))
(4, 1059, tensor(3.7439, device='cuda:0'))
(4, 1060, tensor(3.8313, device='cuda:0'))
(4, 1061, tensor(3.7141, device='cuda:0'))
(4, 1062, tensor(3.7012, device='cuda:0'))
(4, 1063, tensor(3.7114, device='cuda:0'))
(4, 1064, tensor(3.8255, device='cuda:0'))
(4, 1065, tensor(3.7071, device='cuda:0'))
(4, 1066, tensor(3.6793, device='cuda:0'))
(4, 1067, tensor(3.7969, device='cuda:0'))
(4, 1068, tensor(3.7138, device='cuda:0'))
(4, 1069, tensor(3.7752, device='cuda:0'))
(4, 1070, tensor(3.7680, device='cuda:0'))
(4, 1071, tensor(3.7126, device='cuda:0'))
(4, 1072, tensor(3.6847, device='cuda:0'))
(4, 1073, tensor(3.9955, device='cuda:0'))
(4, 1074, tensor(3.7729, device='cuda:0'))
(4, 1075, tensor(3.7016, device='cuda:0'))
(4, 1076, tensor(3.5616, device='cuda:0'))
(4, 1077, tensor(3.6553, device='cuda:0'))
(4, 1078, tensor(3.5879, device='cuda:0'))
(4, 1079, tensor(3.7934, device='cuda:0'))
(4, 1080, tensor(3.6972, device='cuda:0'))
(4, 1081, tensor(3.6814, device='cuda:0'))
(4, 1082, tensor(3.7069, device='cuda:0'))
(4, 1083, tensor(3.8883, device='cuda:0'))
(4, 1084, tensor(3.6681, device='cuda:0'))
(4, 1085, tensor(3.7824, device='cuda:0'))
(5, 1086, tensor(3.6216, device='cuda:0'))
(5, 1087, tensor(3.6892, device='cuda:0'))
(5, 1088, tensor(3.7449, device='cuda:0'))
(5, 1089, tensor(3.7286, device='cuda:0'))
(5, 1090, tensor(3.6894, device='cuda:0'))
(5, 1091, tensor(3.7346, device='cuda:0'))
(5, 1092, tensor(3.7470, device='cuda:0'))
(5, 1093, tensor(3.7446, device='cuda:0'))
(5, 1094, tensor(3.7542, device='cuda:0'))
(5, 1095, tensor(3.7478, device='cuda:0'))
(5, 1096, tensor(3.7761, device='cuda:0'))
(5, 1097, tensor(3.7125, device='cuda:0'))
(5, 1098, tensor(3.6829, device='cuda:0'))
(5, 1099, tensor(3.6539, device='cuda:0'))
(5, 1100, tensor(3.6514, device='cuda:0'))
(5, 1101, tensor(3.7570, device='cuda:0'))
(5, 1102, tensor(3.6292, device='cuda:0'))
(5, 1103, tensor(3.7157, device='cuda:0'))
(5, 1104, tensor(3.6372, device='cuda:0'))
(5, 1105, tensor(3.5659, device='cuda:0'))
(5, 1106, tensor(3.8275, device='cuda:0'))
(5, 1107, tensor(3.7028, device='cuda:0'))
(5, 1108, tensor(3.7094, device='cuda:0'))
(5, 1109, tensor(3.7248, device='cuda:0'))
(5, 1110, tensor(3.8596, device='cuda:0'))
(5, 1111, tensor(3.7183, device='cuda:0'))
(5, 1112, tensor(3.6784, device='cuda:0'))
(5, 1113, tensor(3.7017, device='cuda:0'))
(5, 1114, tensor(3.8200, device='cuda:0'))
(5, 1115, tensor(3.6732, device='cuda:0'))
(5, 1116, tensor(3.7143, device='cuda:0'))
(5, 1117, tensor(3.6672, device='cuda:0'))
(5, 1118, tensor(3.7035, device='cuda:0'))
(5, 1119, tensor(3.7167, device='cuda:0'))
(5, 1120, tensor(3.6384, device='cuda:0'))
(5, 1121, tensor(3.6968, device='cuda:0'))
(5, 1122, tensor(3.8644, device='cuda:0'))
(5, 1123, tensor(3.7079, device='cuda:0'))
(5, 1124, tensor(3.6943, device='cuda:0'))
(5, 1125, tensor(3.5892, device='cuda:0'))
(5, 1126, tensor(3.7564, device='cuda:0'))
(5, 1127, tensor(3.6721, device='cuda:0'))
(5, 1128, tensor(3.6040, device='cuda:0'))
(5, 1129, tensor(3.9048, device='cuda:0'))
(5, 1130, tensor(3.7693, device='cuda:0'))
(5, 1131, tensor(3.6710, device='cuda:0'))
(5, 1132, tensor(3.6841, device='cuda:0'))
(5, 1133, tensor(3.7029, device='cuda:0'))
(5, 1134, tensor(3.7457, device='cuda:0'))
(5, 1135, tensor(3.5528, device='cuda:0'))
(5, 1136, tensor(3.6638, device='cuda:0'))
(5, 1137, tensor(3.8126, device='cuda:0'))
(5, 1138, tensor(3.6592, device='cuda:0'))
(5, 1139, tensor(3.6674, device='cuda:0'))
(5, 1140, tensor(3.8240, device='cuda:0'))
(5, 1141, tensor(3.6967, device='cuda:0'))
(5, 1142, tensor(3.6940, device='cuda:0'))
(5, 1143, tensor(3.7387, device='cuda:0'))
(5, 1144, tensor(3.6846, device='cuda:0'))
(5, 1145, tensor(3.6747, device='cuda:0'))
(5, 1146, tensor(3.7235, device='cuda:0'))
(5, 1147, tensor(3.6684, device='cuda:0'))
(5, 1148, tensor(3.7584, device='cuda:0'))
(5, 1149, tensor(3.7463, device='cuda:0'))
(5, 1150, tensor(3.6758, device='cuda:0'))
(5, 1151, tensor(3.7726, device='cuda:0'))
(5, 1152, tensor(3.5701, device='cuda:0'))
(5, 1153, tensor(3.6278, device='cuda:0'))
(5, 1154, tensor(3.7711, device='cuda:0'))
(5, 1155, tensor(3.8028, device='cuda:0'))
(5, 1156, tensor(3.7566, device='cuda:0'))
(5, 1157, tensor(3.6477, device='cuda:0'))
(5, 1158, tensor(3.8368, device='cuda:0'))
(5, 1159, tensor(3.8135, device='cuda:0'))
(5, 1160, tensor(3.8051, device='cuda:0'))
(5, 1161, tensor(3.8092, device='cuda:0'))
(5, 1162, tensor(3.7025, device='cuda:0'))
(5, 1163, tensor(3.7873, device='cuda:0'))
(5, 1164, tensor(3.7538, device='cuda:0'))
(5, 1165, tensor(3.7369, device='cuda:0'))
(5, 1166, tensor(3.7696, device='cuda:0'))
(5, 1167, tensor(3.7280, device='cuda:0'))
(5, 1168, tensor(3.7939, device='cuda:0'))
(5, 1169, tensor(3.6791, device='cuda:0'))
(5, 1170, tensor(3.7395, device='cuda:0'))
(5, 1171, tensor(3.6994, device='cuda:0'))
(5, 1172, tensor(3.6248, device='cuda:0'))
(5, 1173, tensor(3.5813, device='cuda:0'))
(5, 1174, tensor(3.6852, device='cuda:0'))
(5, 1175, tensor(3.6673, device='cuda:0'))
(5, 1176, tensor(3.6408, device='cuda:0'))
(5, 1177, tensor(3.7827, device='cuda:0'))
(5, 1178, tensor(3.6193, device='cuda:0'))
(5, 1179, tensor(3.8628, device='cuda:0'))
(5, 1180, tensor(3.7292, device='cuda:0'))
(5, 1181, tensor(3.6941, device='cuda:0'))
(5, 1182, tensor(3.6781, device='cuda:0'))
(5, 1183, tensor(3.7954, device='cuda:0'))
(5, 1184, tensor(3.7134, device='cuda:0'))
(5, 1185, tensor(3.5527, device='cuda:0'))
(5, 1186, tensor(3.8549, device='cuda:0'))
(5, 1187, tensor(3.6391, device='cuda:0'))
(5, 1188, tensor(3.7230, device='cuda:0'))
(5, 1189, tensor(3.7028, device='cuda:0'))
(5, 1190, tensor(3.7676, device='cuda:0'))
(5, 1191, tensor(3.7248, device='cuda:0'))
(5, 1192, tensor(3.6954, device='cuda:0'))
(5, 1193, tensor(3.4807, device='cuda:0'))
(5, 1194, tensor(3.8191, device='cuda:0'))
(5, 1195, tensor(3.7730, device='cuda:0'))
(5, 1196, tensor(3.8466, device='cuda:0'))
(5, 1197, tensor(3.7621, device='cuda:0'))
(5, 1198, tensor(3.7957, device='cuda:0'))
(5, 1199, tensor(3.8023, device='cuda:0'))
(5, 1200, tensor(3.6968, device='cuda:0'))
(5, 1201, tensor(3.8197, device='cuda:0'))
(5, 1202, tensor(3.6344, device='cuda:0'))
(5, 1203, tensor(3.6028, device='cuda:0'))
(5, 1204, tensor(3.7348, device='cuda:0'))
(5, 1205, tensor(3.7270, device='cuda:0'))
(5, 1206, tensor(3.8093, device='cuda:0'))
(5, 1207, tensor(3.8242, device='cuda:0'))
(5, 1208, tensor(3.6812, device='cuda:0'))
(5, 1209, tensor(3.7324, device='cuda:0'))
(5, 1210, tensor(3.6659, device='cuda:0'))
(5, 1211, tensor(3.6779, device='cuda:0'))
(5, 1212, tensor(3.5798, device='cuda:0'))
(5, 1213, tensor(3.7113, device='cuda:0'))
(5, 1214, tensor(3.7985, device='cuda:0'))
(5, 1215, tensor(3.7774, device='cuda:0'))
(5, 1216, tensor(3.7404, device='cuda:0'))
(5, 1217, tensor(3.7904, device='cuda:0'))
(5, 1218, tensor(3.7425, device='cuda:0'))
(5, 1219, tensor(3.6886, device='cuda:0'))
(5, 1220, tensor(3.8434, device='cuda:0'))
(5, 1221, tensor(3.8150, device='cuda:0'))
(5, 1222, tensor(3.7089, device='cuda:0'))
(5, 1223, tensor(3.6024, device='cuda:0'))
(5, 1224, tensor(3.8089, device='cuda:0'))
(5, 1225, tensor(3.6834, device='cuda:0'))
(5, 1226, tensor(3.6255, device='cuda:0'))
(5, 1227, tensor(3.7104, device='cuda:0'))
(5, 1228, tensor(3.6185, device='cuda:0'))
(5, 1229, tensor(3.7903, device='cuda:0'))
(5, 1230, tensor(3.7919, device='cuda:0'))
(5, 1231, tensor(3.5592, device='cuda:0'))
(5, 1232, tensor(3.8474, device='cuda:0'))
(5, 1233, tensor(3.7649, device='cuda:0'))
(5, 1234, tensor(3.8144, device='cuda:0'))
(5, 1235, tensor(3.7334, device='cuda:0'))
(5, 1236, tensor(3.8950, device='cuda:0'))
(5, 1237, tensor(3.6009, device='cuda:0'))
(5, 1238, tensor(3.7844, device='cuda:0'))
(5, 1239, tensor(3.6181, device='cuda:0'))
(5, 1240, tensor(3.7184, device='cuda:0'))
(5, 1241, tensor(3.6765, device='cuda:0'))
(5, 1242, tensor(3.7340, device='cuda:0'))
(5, 1243, tensor(3.7067, device='cuda:0'))
(5, 1244, tensor(3.5910, device='cuda:0'))
(5, 1245, tensor(3.6976, device='cuda:0'))
(5, 1246, tensor(3.8248, device='cuda:0'))
(5, 1247, tensor(3.7780, device='cuda:0'))
(5, 1248, tensor(3.7773, device='cuda:0'))
(5, 1249, tensor(3.7389, device='cuda:0'))
(5, 1250, tensor(3.7616, device='cuda:0'))
(5, 1251, tensor(3.6826, device='cuda:0'))
(5, 1252, tensor(3.7853, device='cuda:0'))
(5, 1253, tensor(3.7207, device='cuda:0'))
(5, 1254, tensor(3.6316, device='cuda:0'))
(5, 1255, tensor(3.7008, device='cuda:0'))
(5, 1256, tensor(3.7202, device='cuda:0'))
(5, 1257, tensor(3.7717, device='cuda:0'))
(5, 1258, tensor(3.8246, device='cuda:0'))
(5, 1259, tensor(3.8143, device='cuda:0'))
(5, 1260, tensor(3.8509, device='cuda:0'))
(5, 1261, tensor(3.7002, device='cuda:0'))
(5, 1262, tensor(3.6509, device='cuda:0'))
(5, 1263, tensor(3.7318, device='cuda:0'))
(5, 1264, tensor(3.8547, device='cuda:0'))
(5, 1265, tensor(3.7365, device='cuda:0'))
(5, 1266, tensor(3.8209, device='cuda:0'))
(5, 1267, tensor(3.7150, device='cuda:0'))
(5, 1268, tensor(3.6884, device='cuda:0'))
(5, 1269, tensor(3.7102, device='cuda:0'))
(5, 1270, tensor(3.8680, device='cuda:0'))
(5, 1271, tensor(3.6364, device='cuda:0'))
(5, 1272, tensor(3.6043, device='cuda:0'))
(5, 1273, tensor(3.7751, device='cuda:0'))
(5, 1274, tensor(3.5555, device='cuda:0'))
(5, 1275, tensor(3.7430, device='cuda:0'))
(5, 1276, tensor(3.6493, device='cuda:0'))
(5, 1277, tensor(3.7914, device='cuda:0'))
(5, 1278, tensor(3.7700, device='cuda:0'))
(5, 1279, tensor(3.8159, device='cuda:0'))
(5, 1280, tensor(3.9426, device='cuda:0'))
(5, 1281, tensor(3.7223, device='cuda:0'))
(5, 1282, tensor(3.7026, device='cuda:0'))
(5, 1283, tensor(3.6864, device='cuda:0'))
(5, 1284, tensor(3.6610, device='cuda:0'))
(5, 1285, tensor(3.6535, device='cuda:0'))
(5, 1286, tensor(3.6940, device='cuda:0'))
(5, 1287, tensor(3.7115, device='cuda:0'))
(5, 1288, tensor(3.6801, device='cuda:0'))
(5, 1289, tensor(3.7773, device='cuda:0'))
(5, 1290, tensor(3.6897, device='cuda:0'))
(5, 1291, tensor(3.5695, device='cuda:0'))
(5, 1292, tensor(3.8211, device='cuda:0'))
(5, 1293, tensor(3.6972, device='cuda:0'))
(5, 1294, tensor(3.6406, device='cuda:0'))
(5, 1295, tensor(3.7964, device='cuda:0'))
(5, 1296, tensor(3.8538, device='cuda:0'))
(5, 1297, tensor(3.8067, device='cuda:0'))
(5, 1298, tensor(3.7241, device='cuda:0'))
slurmstepd: error: *** JOB 1384538 ON gpu32 CANCELLED AT 2018-11-15T10:14:29 DUE TO TIME LIMIT ***
