/tmp/slurmd/job1384543/slurm_script: line 9: cd: qb18517/11_DT/dynamicTextureMain/4_C3D_ConvolutionalNN_3D/: No such file or directory
cuda:0
2_C3D_Model_BC.py:93: UserWarning: Implicit dimension choice for log_softmax has been deprecated. Change the call to include dim=X as an argument.
  return F.log_softmax(x)
2_C3D_Model_BC.py:135: UserWarning: invalid index of a 0-dim tensor. This will be an error in PyTorch 0.5. Use tensor.item() to convert a 0-dim tensor to a Python number
  print(epoch,i,loss.data[0])#, loss.data[0])
(0, 1, tensor(3.8977, device='cuda:0'))
(0, 2, tensor(3.8626, device='cuda:0'))
(0, 3, tensor(3.8533, device='cuda:0'))
(0, 4, tensor(3.7882, device='cuda:0'))
(0, 5, tensor(3.8499, device='cuda:0'))
(0, 6, tensor(3.8166, device='cuda:0'))
(0, 7, tensor(3.8712, device='cuda:0'))
(0, 8, tensor(3.8327, device='cuda:0'))
(0, 9, tensor(3.8212, device='cuda:0'))
(0, 10, tensor(3.8376, device='cuda:0'))
(0, 11, tensor(3.8366, device='cuda:0'))
(0, 12, tensor(3.8187, device='cuda:0'))
(0, 13, tensor(3.8163, device='cuda:0'))
(0, 14, tensor(3.8283, device='cuda:0'))
(0, 15, tensor(3.8061, device='cuda:0'))
(0, 16, tensor(3.8210, device='cuda:0'))
(0, 17, tensor(3.7944, device='cuda:0'))
(0, 18, tensor(3.8342, device='cuda:0'))
(0, 19, tensor(3.8342, device='cuda:0'))
(0, 20, tensor(3.8176, device='cuda:0'))
(0, 21, tensor(3.8589, device='cuda:0'))
(0, 22, tensor(3.8252, device='cuda:0'))
(0, 23, tensor(3.8838, device='cuda:0'))
(0, 24, tensor(3.8411, device='cuda:0'))
(0, 25, tensor(3.8093, device='cuda:0'))
(0, 26, tensor(3.8327, device='cuda:0'))
(0, 27, tensor(3.8164, device='cuda:0'))
(0, 28, tensor(3.8411, device='cuda:0'))
(0, 29, tensor(3.8074, device='cuda:0'))
(0, 30, tensor(3.8524, device='cuda:0'))
(0, 31, tensor(3.7832, device='cuda:0'))
(0, 32, tensor(3.8209, device='cuda:0'))
(0, 33, tensor(3.8113, device='cuda:0'))
(0, 34, tensor(3.7799, device='cuda:0'))
(0, 35, tensor(3.8301, device='cuda:0'))
(0, 36, tensor(3.8159, device='cuda:0'))
(0, 37, tensor(3.8477, device='cuda:0'))
(0, 38, tensor(3.8399, device='cuda:0'))
(0, 39, tensor(3.8578, device='cuda:0'))
(0, 40, tensor(3.8501, device='cuda:0'))
(0, 41, tensor(3.8264, device='cuda:0'))
(0, 42, tensor(3.8485, device='cuda:0'))
(0, 43, tensor(3.8404, device='cuda:0'))
(0, 44, tensor(3.7997, device='cuda:0'))
(0, 45, tensor(3.8344, device='cuda:0'))
(0, 46, tensor(3.8303, device='cuda:0'))
(0, 47, tensor(3.8162, device='cuda:0'))
(0, 48, tensor(3.8012, device='cuda:0'))
(0, 49, tensor(3.8104, device='cuda:0'))
(0, 50, tensor(3.8753, device='cuda:0'))
(0, 51, tensor(3.8438, device='cuda:0'))
(0, 52, tensor(3.8168, device='cuda:0'))
(0, 53, tensor(3.7880, device='cuda:0'))
(0, 54, tensor(3.8301, device='cuda:0'))
(0, 55, tensor(3.7806, device='cuda:0'))
(0, 56, tensor(3.7795, device='cuda:0'))
(0, 57, tensor(3.7493, device='cuda:0'))
(0, 58, tensor(3.8027, device='cuda:0'))
(0, 59, tensor(3.8256, device='cuda:0'))
(0, 60, tensor(3.8411, device='cuda:0'))
(0, 61, tensor(3.8041, device='cuda:0'))
(0, 62, tensor(3.8039, device='cuda:0'))
(0, 63, tensor(3.7416, device='cuda:0'))
(0, 64, tensor(3.8244, device='cuda:0'))
(0, 65, tensor(3.7950, device='cuda:0'))
(0, 66, tensor(3.8219, device='cuda:0'))
(0, 67, tensor(3.7636, device='cuda:0'))
(0, 68, tensor(3.8072, device='cuda:0'))
(0, 69, tensor(3.8070, device='cuda:0'))
(0, 70, tensor(3.7653, device='cuda:0'))
(0, 71, tensor(3.8013, device='cuda:0'))
(0, 72, tensor(3.7574, device='cuda:0'))
(0, 73, tensor(3.8372, device='cuda:0'))
(0, 74, tensor(3.7701, device='cuda:0'))
(0, 75, tensor(3.7299, device='cuda:0'))
(0, 76, tensor(3.8107, device='cuda:0'))
(0, 77, tensor(3.8369, device='cuda:0'))
(0, 78, tensor(3.8524, device='cuda:0'))
(0, 79, tensor(3.8145, device='cuda:0'))
(0, 80, tensor(3.7925, device='cuda:0'))
(0, 81, tensor(3.7997, device='cuda:0'))
(0, 82, tensor(3.8328, device='cuda:0'))
(0, 83, tensor(3.7641, device='cuda:0'))
(0, 84, tensor(3.7881, device='cuda:0'))
(0, 85, tensor(3.8101, device='cuda:0'))
(0, 86, tensor(3.7625, device='cuda:0'))
(0, 87, tensor(3.7633, device='cuda:0'))
(0, 88, tensor(3.8194, device='cuda:0'))
(0, 89, tensor(3.7881, device='cuda:0'))
(0, 90, tensor(3.7885, device='cuda:0'))
(0, 91, tensor(3.7624, device='cuda:0'))
(0, 92, tensor(3.7789, device='cuda:0'))
(0, 93, tensor(3.7433, device='cuda:0'))
(0, 94, tensor(3.8417, device='cuda:0'))
(0, 95, tensor(3.8036, device='cuda:0'))
(0, 96, tensor(3.7249, device='cuda:0'))
(0, 97, tensor(3.7687, device='cuda:0'))
(0, 98, tensor(3.8076, device='cuda:0'))
(0, 99, tensor(3.7314, device='cuda:0'))
(0, 100, tensor(3.8155, device='cuda:0'))
(0, 101, tensor(3.7183, device='cuda:0'))
(0, 102, tensor(3.8477, device='cuda:0'))
(0, 103, tensor(3.7921, device='cuda:0'))
(0, 104, tensor(3.8344, device='cuda:0'))
(0, 105, tensor(3.6914, device='cuda:0'))
(0, 106, tensor(3.7938, device='cuda:0'))
(0, 107, tensor(3.8050, device='cuda:0'))
(0, 108, tensor(3.8140, device='cuda:0'))
(0, 109, tensor(3.8401, device='cuda:0'))
(0, 110, tensor(3.7163, device='cuda:0'))
(0, 111, tensor(3.7742, device='cuda:0'))
(0, 112, tensor(3.8418, device='cuda:0'))
(0, 113, tensor(3.8238, device='cuda:0'))
(0, 114, tensor(3.8121, device='cuda:0'))
(0, 115, tensor(3.7019, device='cuda:0'))
(0, 116, tensor(3.7244, device='cuda:0'))
(0, 117, tensor(3.7088, device='cuda:0'))
(0, 118, tensor(3.7985, device='cuda:0'))
(0, 119, tensor(3.7963, device='cuda:0'))
(0, 120, tensor(3.7149, device='cuda:0'))
(0, 121, tensor(3.8459, device='cuda:0'))
(0, 122, tensor(3.8750, device='cuda:0'))
(0, 123, tensor(3.8106, device='cuda:0'))
(0, 124, tensor(3.7465, device='cuda:0'))
(0, 125, tensor(3.7736, device='cuda:0'))
(0, 126, tensor(3.7781, device='cuda:0'))
(0, 127, tensor(3.8104, device='cuda:0'))
(0, 128, tensor(3.6978, device='cuda:0'))
(0, 129, tensor(3.8750, device='cuda:0'))
(0, 130, tensor(3.7514, device='cuda:0'))
(0, 131, tensor(3.8682, device='cuda:0'))
(0, 132, tensor(3.8796, device='cuda:0'))
(0, 133, tensor(3.7733, device='cuda:0'))
(0, 134, tensor(3.8074, device='cuda:0'))
(0, 135, tensor(3.7684, device='cuda:0'))
(0, 136, tensor(3.7666, device='cuda:0'))
(0, 137, tensor(3.8370, device='cuda:0'))
(0, 138, tensor(3.7247, device='cuda:0'))
(0, 139, tensor(3.8009, device='cuda:0'))
(0, 140, tensor(3.7159, device='cuda:0'))
(0, 141, tensor(3.7733, device='cuda:0'))
(0, 142, tensor(3.7871, device='cuda:0'))
(0, 143, tensor(3.8079, device='cuda:0'))
(0, 144, tensor(3.6424, device='cuda:0'))
(0, 145, tensor(3.8041, device='cuda:0'))
(0, 146, tensor(3.7485, device='cuda:0'))
(0, 147, tensor(3.6296, device='cuda:0'))
(0, 148, tensor(3.6342, device='cuda:0'))
(0, 149, tensor(3.6741, device='cuda:0'))
(0, 150, tensor(3.9361, device='cuda:0'))
(0, 151, tensor(3.7325, device='cuda:0'))
(0, 152, tensor(3.6770, device='cuda:0'))
(0, 153, tensor(3.7263, device='cuda:0'))
(0, 154, tensor(3.8275, device='cuda:0'))
(0, 155, tensor(3.7203, device='cuda:0'))
(0, 156, tensor(3.9584, device='cuda:0'))
(0, 157, tensor(3.8863, device='cuda:0'))
(0, 158, tensor(3.7237, device='cuda:0'))
(0, 159, tensor(3.7998, device='cuda:0'))
(0, 160, tensor(3.7566, device='cuda:0'))
(0, 161, tensor(3.7318, device='cuda:0'))
(0, 162, tensor(3.7574, device='cuda:0'))
(0, 163, tensor(3.9224, device='cuda:0'))
(0, 164, tensor(3.7962, device='cuda:0'))
(0, 165, tensor(3.7277, device='cuda:0'))
(0, 166, tensor(3.7682, device='cuda:0'))
(0, 167, tensor(3.8336, device='cuda:0'))
(0, 168, tensor(3.7651, device='cuda:0'))
(0, 169, tensor(3.8027, device='cuda:0'))
(0, 170, tensor(3.7251, device='cuda:0'))
(0, 171, tensor(3.7392, device='cuda:0'))
(0, 172, tensor(3.8477, device='cuda:0'))
(0, 173, tensor(3.7790, device='cuda:0'))
(0, 174, tensor(3.8035, device='cuda:0'))
(0, 175, tensor(3.7347, device='cuda:0'))
(0, 176, tensor(3.7674, device='cuda:0'))
(0, 177, tensor(3.8256, device='cuda:0'))
(0, 178, tensor(3.7526, device='cuda:0'))
(0, 179, tensor(3.8503, device='cuda:0'))
(0, 180, tensor(3.8319, device='cuda:0'))
(0, 181, tensor(3.7329, device='cuda:0'))
(0, 182, tensor(3.6896, device='cuda:0'))
(0, 183, tensor(3.7953, device='cuda:0'))
(0, 184, tensor(3.7356, device='cuda:0'))
(0, 185, tensor(3.9983, device='cuda:0'))
(0, 186, tensor(3.8582, device='cuda:0'))
(0, 187, tensor(3.7746, device='cuda:0'))
(0, 188, tensor(3.7700, device='cuda:0'))
(0, 189, tensor(3.7640, device='cuda:0'))
(0, 190, tensor(3.8205, device='cuda:0'))
(0, 191, tensor(3.8266, device='cuda:0'))
(0, 192, tensor(3.8084, device='cuda:0'))
(0, 193, tensor(3.7440, device='cuda:0'))
(0, 194, tensor(3.7765, device='cuda:0'))
(0, 195, tensor(3.6956, device='cuda:0'))
(0, 196, tensor(3.7431, device='cuda:0'))
(0, 197, tensor(3.8466, device='cuda:0'))
(0, 198, tensor(3.7401, device='cuda:0'))
(0, 199, tensor(3.8058, device='cuda:0'))
(0, 200, tensor(3.7938, device='cuda:0'))
(0, 201, tensor(3.7638, device='cuda:0'))
(0, 202, tensor(3.7943, device='cuda:0'))
(0, 203, tensor(3.8027, device='cuda:0'))
(0, 204, tensor(3.7552, device='cuda:0'))
(0, 205, tensor(3.7602, device='cuda:0'))
(0, 206, tensor(3.8071, device='cuda:0'))
(0, 207, tensor(3.8226, device='cuda:0'))
(0, 208, tensor(3.7418, device='cuda:0'))
(0, 209, tensor(3.8922, device='cuda:0'))
(0, 210, tensor(3.8144, device='cuda:0'))
(0, 211, tensor(3.8040, device='cuda:0'))
(0, 212, tensor(3.7358, device='cuda:0'))
(0, 213, tensor(3.7711, device='cuda:0'))
(0, 214, tensor(3.7869, device='cuda:0'))
(0, 215, tensor(3.6897, device='cuda:0'))
(0, 216, tensor(3.8318, device='cuda:0'))
(0, 217, tensor(4.0518, device='cuda:0'))
(1, 218, tensor(3.8297, device='cuda:0'))
(1, 219, tensor(3.7740, device='cuda:0'))
(1, 220, tensor(3.7153, device='cuda:0'))
(1, 221, tensor(3.7148, device='cuda:0'))
(1, 222, tensor(3.7841, device='cuda:0'))
(1, 223, tensor(3.7098, device='cuda:0'))
(1, 224, tensor(3.8024, device='cuda:0'))
(1, 225, tensor(3.7128, device='cuda:0'))
(1, 226, tensor(3.8283, device='cuda:0'))
(1, 227, tensor(3.7336, device='cuda:0'))
(1, 228, tensor(3.7754, device='cuda:0'))
(1, 229, tensor(3.8081, device='cuda:0'))
(1, 230, tensor(3.7215, device='cuda:0'))
(1, 231, tensor(3.8044, device='cuda:0'))
(1, 232, tensor(3.7511, device='cuda:0'))
(1, 233, tensor(3.7041, device='cuda:0'))
(1, 234, tensor(3.8434, device='cuda:0'))
(1, 235, tensor(3.7334, device='cuda:0'))
(1, 236, tensor(3.7681, device='cuda:0'))
(1, 237, tensor(3.6616, device='cuda:0'))
(1, 238, tensor(3.8289, device='cuda:0'))
(1, 239, tensor(3.7928, device='cuda:0'))
(1, 240, tensor(3.7148, device='cuda:0'))
(1, 241, tensor(3.6576, device='cuda:0'))
(1, 242, tensor(3.7276, device='cuda:0'))
(1, 243, tensor(3.6752, device='cuda:0'))
(1, 244, tensor(3.6302, device='cuda:0'))
(1, 245, tensor(3.8255, device='cuda:0'))
(1, 246, tensor(3.7179, device='cuda:0'))
(1, 247, tensor(3.6415, device='cuda:0'))
(1, 248, tensor(3.7335, device='cuda:0'))
(1, 249, tensor(3.6413, device='cuda:0'))
(1, 250, tensor(3.7105, device='cuda:0'))
(1, 251, tensor(3.6968, device='cuda:0'))
(1, 252, tensor(3.5948, device='cuda:0'))
(1, 253, tensor(3.6717, device='cuda:0'))
(1, 254, tensor(3.7293, device='cuda:0'))
(1, 255, tensor(3.5368, device='cuda:0'))
(1, 256, tensor(3.8229, device='cuda:0'))
(1, 257, tensor(3.7863, device='cuda:0'))
(1, 258, tensor(3.6581, device='cuda:0'))
(1, 259, tensor(3.7296, device='cuda:0'))
(1, 260, tensor(3.8310, device='cuda:0'))
(1, 261, tensor(3.7718, device='cuda:0'))
(1, 262, tensor(3.6930, device='cuda:0'))
(1, 263, tensor(3.7197, device='cuda:0'))
(1, 264, tensor(3.7585, device='cuda:0'))
(1, 265, tensor(3.8158, device='cuda:0'))
(1, 266, tensor(3.7325, device='cuda:0'))
(1, 267, tensor(3.6898, device='cuda:0'))
(1, 268, tensor(3.5902, device='cuda:0'))
(1, 269, tensor(3.8664, device='cuda:0'))
(1, 270, tensor(3.9462, device='cuda:0'))
(1, 271, tensor(3.7077, device='cuda:0'))
(1, 272, tensor(3.6480, device='cuda:0'))
(1, 273, tensor(3.7555, device='cuda:0'))
(1, 274, tensor(3.7716, device='cuda:0'))
(1, 275, tensor(3.6506, device='cuda:0'))
(1, 276, tensor(3.6472, device='cuda:0'))
(1, 277, tensor(3.7714, device='cuda:0'))
(1, 278, tensor(3.7844, device='cuda:0'))
(1, 279, tensor(3.6802, device='cuda:0'))
(1, 280, tensor(3.7405, device='cuda:0'))
(1, 281, tensor(3.7744, device='cuda:0'))
(1, 282, tensor(3.6177, device='cuda:0'))
(1, 283, tensor(3.7547, device='cuda:0'))
(1, 284, tensor(3.7630, device='cuda:0'))
(1, 285, tensor(3.9005, device='cuda:0'))
(1, 286, tensor(3.7965, device='cuda:0'))
(1, 287, tensor(3.7146, device='cuda:0'))
(1, 288, tensor(3.6038, device='cuda:0'))
(1, 289, tensor(3.7830, device='cuda:0'))
(1, 290, tensor(3.7529, device='cuda:0'))
(1, 291, tensor(3.7877, device='cuda:0'))
(1, 292, tensor(3.8052, device='cuda:0'))
(1, 293, tensor(3.6877, device='cuda:0'))
(1, 294, tensor(3.7900, device='cuda:0'))
(1, 295, tensor(3.7682, device='cuda:0'))
(1, 296, tensor(3.7071, device='cuda:0'))
(1, 297, tensor(3.8146, device='cuda:0'))
(1, 298, tensor(3.7523, device='cuda:0'))
(1, 299, tensor(3.7405, device='cuda:0'))
(1, 300, tensor(3.6277, device='cuda:0'))
(1, 301, tensor(3.7266, device='cuda:0'))
(1, 302, tensor(3.7759, device='cuda:0'))
(1, 303, tensor(3.7482, device='cuda:0'))
(1, 304, tensor(3.7790, device='cuda:0'))
(1, 305, tensor(3.6601, device='cuda:0'))
(1, 306, tensor(3.6920, device='cuda:0'))
(1, 307, tensor(3.6945, device='cuda:0'))
(1, 308, tensor(3.8067, device='cuda:0'))
(1, 309, tensor(3.7695, device='cuda:0'))
(1, 310, tensor(3.7321, device='cuda:0'))
(1, 311, tensor(3.6000, device='cuda:0'))
(1, 312, tensor(3.7947, device='cuda:0'))
(1, 313, tensor(3.8896, device='cuda:0'))
(1, 314, tensor(3.6507, device='cuda:0'))
(1, 315, tensor(3.7539, device='cuda:0'))
(1, 316, tensor(3.6521, device='cuda:0'))
(1, 317, tensor(3.7023, device='cuda:0'))
(1, 318, tensor(3.6575, device='cuda:0'))
(1, 319, tensor(3.7581, device='cuda:0'))
(1, 320, tensor(3.8170, device='cuda:0'))
(1, 321, tensor(3.8058, device='cuda:0'))
(1, 322, tensor(3.6116, device='cuda:0'))
(1, 323, tensor(3.8421, device='cuda:0'))
(1, 324, tensor(3.6617, device='cuda:0'))
(1, 325, tensor(3.9014, device='cuda:0'))
(1, 326, tensor(3.7376, device='cuda:0'))
(1, 327, tensor(3.5802, device='cuda:0'))
(1, 328, tensor(3.7544, device='cuda:0'))
(1, 329, tensor(3.6967, device='cuda:0'))
(1, 330, tensor(3.6323, device='cuda:0'))
(1, 331, tensor(3.7054, device='cuda:0'))
(1, 332, tensor(3.8044, device='cuda:0'))
(1, 333, tensor(3.8364, device='cuda:0'))
(1, 334, tensor(3.7133, device='cuda:0'))
(1, 335, tensor(3.8647, device='cuda:0'))
(1, 336, tensor(3.7586, device='cuda:0'))
(1, 337, tensor(3.6651, device='cuda:0'))
(1, 338, tensor(3.7673, device='cuda:0'))
(1, 339, tensor(3.6508, device='cuda:0'))
(1, 340, tensor(3.7837, device='cuda:0'))
(1, 341, tensor(3.7083, device='cuda:0'))
(1, 342, tensor(3.8052, device='cuda:0'))
(1, 343, tensor(3.8028, device='cuda:0'))
(1, 344, tensor(3.7780, device='cuda:0'))
(1, 345, tensor(3.7970, device='cuda:0'))
(1, 346, tensor(3.6254, device='cuda:0'))
(1, 347, tensor(3.6488, device='cuda:0'))
(1, 348, tensor(3.7693, device='cuda:0'))
(1, 349, tensor(3.7326, device='cuda:0'))
(1, 350, tensor(3.7632, device='cuda:0'))
(1, 351, tensor(3.7985, device='cuda:0'))
(1, 352, tensor(3.7764, device='cuda:0'))
(1, 353, tensor(3.8260, device='cuda:0'))
(1, 354, tensor(3.8095, device='cuda:0'))
(1, 355, tensor(3.7090, device='cuda:0'))
(1, 356, tensor(3.7909, device='cuda:0'))
(1, 357, tensor(3.6858, device='cuda:0'))
(1, 358, tensor(3.7124, device='cuda:0'))
(1, 359, tensor(3.7268, device='cuda:0'))
(1, 360, tensor(3.5696, device='cuda:0'))
(1, 361, tensor(3.7844, device='cuda:0'))
(1, 362, tensor(3.6298, device='cuda:0'))
(1, 363, tensor(3.6231, device='cuda:0'))
(1, 364, tensor(3.8825, device='cuda:0'))
(1, 365, tensor(3.6277, device='cuda:0'))
(1, 366, tensor(3.6983, device='cuda:0'))
(1, 367, tensor(3.8154, device='cuda:0'))
(1, 368, tensor(3.7982, device='cuda:0'))
(1, 369, tensor(3.7627, device='cuda:0'))
(1, 370, tensor(3.6861, device='cuda:0'))
(1, 371, tensor(3.7024, device='cuda:0'))
(1, 372, tensor(3.8079, device='cuda:0'))
(1, 373, tensor(3.6358, device='cuda:0'))
(1, 374, tensor(3.6454, device='cuda:0'))
(1, 375, tensor(3.6892, device='cuda:0'))
(1, 376, tensor(3.8613, device='cuda:0'))
(1, 377, tensor(3.7785, device='cuda:0'))
(1, 378, tensor(3.7613, device='cuda:0'))
(1, 379, tensor(3.8314, device='cuda:0'))
(1, 380, tensor(3.7269, device='cuda:0'))
(1, 381, tensor(3.7306, device='cuda:0'))
(1, 382, tensor(3.7033, device='cuda:0'))
(1, 383, tensor(3.7018, device='cuda:0'))
(1, 384, tensor(3.7132, device='cuda:0'))
(1, 385, tensor(3.8835, device='cuda:0'))
(1, 386, tensor(3.6026, device='cuda:0'))
(1, 387, tensor(3.7085, device='cuda:0'))
(1, 388, tensor(3.7520, device='cuda:0'))
(1, 389, tensor(3.7243, device='cuda:0'))
(1, 390, tensor(3.6618, device='cuda:0'))
(1, 391, tensor(3.7832, device='cuda:0'))
(1, 392, tensor(3.7643, device='cuda:0'))
(1, 393, tensor(3.8504, device='cuda:0'))
(1, 394, tensor(3.5931, device='cuda:0'))
(1, 395, tensor(3.6679, device='cuda:0'))
(1, 396, tensor(3.6780, device='cuda:0'))
(1, 397, tensor(3.6993, device='cuda:0'))
(1, 398, tensor(3.6946, device='cuda:0'))
(1, 399, tensor(3.7269, device='cuda:0'))
(1, 400, tensor(3.7192, device='cuda:0'))
(1, 401, tensor(3.8105, device='cuda:0'))
(1, 402, tensor(3.8190, device='cuda:0'))
(1, 403, tensor(3.7497, device='cuda:0'))
(1, 404, tensor(3.7131, device='cuda:0'))
(1, 405, tensor(3.6155, device='cuda:0'))
(1, 406, tensor(3.6969, device='cuda:0'))
(1, 407, tensor(3.8539, device='cuda:0'))
(1, 408, tensor(3.7545, device='cuda:0'))
(1, 409, tensor(3.7038, device='cuda:0'))
(1, 410, tensor(3.7199, device='cuda:0'))
(1, 411, tensor(3.6868, device='cuda:0'))
(1, 412, tensor(3.6633, device='cuda:0'))
(1, 413, tensor(3.8315, device='cuda:0'))
(1, 414, tensor(3.7345, device='cuda:0'))
(1, 415, tensor(3.9022, device='cuda:0'))
(1, 416, tensor(3.8011, device='cuda:0'))
(1, 417, tensor(3.6766, device='cuda:0'))
(1, 418, tensor(3.7303, device='cuda:0'))
(1, 419, tensor(3.8318, device='cuda:0'))
(1, 420, tensor(3.7100, device='cuda:0'))
(1, 421, tensor(3.6629, device='cuda:0'))
(1, 422, tensor(3.7089, device='cuda:0'))
(1, 423, tensor(3.7969, device='cuda:0'))
(1, 424, tensor(3.7283, device='cuda:0'))
(1, 425, tensor(3.7377, device='cuda:0'))
(1, 426, tensor(3.7890, device='cuda:0'))
(1, 427, tensor(3.5567, device='cuda:0'))
(1, 428, tensor(3.7481, device='cuda:0'))
(1, 429, tensor(3.6240, device='cuda:0'))
(1, 430, tensor(3.7682, device='cuda:0'))
(1, 431, tensor(3.6325, device='cuda:0'))
(1, 432, tensor(3.7431, device='cuda:0'))
(1, 433, tensor(3.7697, device='cuda:0'))
(1, 434, tensor(3.5065, device='cuda:0'))
(2, 435, tensor(3.7438, device='cuda:0'))
(2, 436, tensor(3.7001, device='cuda:0'))
(2, 437, tensor(3.7681, device='cuda:0'))
(2, 438, tensor(3.6646, device='cuda:0'))
(2, 439, tensor(3.6577, device='cuda:0'))
(2, 440, tensor(3.6006, device='cuda:0'))
(2, 441, tensor(3.6127, device='cuda:0'))
(2, 442, tensor(3.6813, device='cuda:0'))
(2, 443, tensor(3.7814, device='cuda:0'))
(2, 444, tensor(3.9289, device='cuda:0'))
(2, 445, tensor(3.7013, device='cuda:0'))
(2, 446, tensor(3.5830, device='cuda:0'))
(2, 447, tensor(3.7364, device='cuda:0'))
(2, 448, tensor(3.6526, device='cuda:0'))
(2, 449, tensor(3.6663, device='cuda:0'))
(2, 450, tensor(3.7105, device='cuda:0'))
(2, 451, tensor(3.8307, device='cuda:0'))
(2, 452, tensor(3.7096, device='cuda:0'))
(2, 453, tensor(3.7461, device='cuda:0'))
(2, 454, tensor(3.8205, device='cuda:0'))
(2, 455, tensor(3.5666, device='cuda:0'))
(2, 456, tensor(3.7954, device='cuda:0'))
(2, 457, tensor(3.7735, device='cuda:0'))
(2, 458, tensor(3.7727, device='cuda:0'))
(2, 459, tensor(3.8225, device='cuda:0'))
(2, 460, tensor(3.7084, device='cuda:0'))
(2, 461, tensor(3.7420, device='cuda:0'))
(2, 462, tensor(3.6872, device='cuda:0'))
(2, 463, tensor(3.6951, device='cuda:0'))
(2, 464, tensor(3.7086, device='cuda:0'))
(2, 465, tensor(3.6922, device='cuda:0'))
(2, 466, tensor(3.7810, device='cuda:0'))
(2, 467, tensor(3.7752, device='cuda:0'))
(2, 468, tensor(3.5696, device='cuda:0'))
(2, 469, tensor(3.7421, device='cuda:0'))
(2, 470, tensor(3.7230, device='cuda:0'))
(2, 471, tensor(3.6034, device='cuda:0'))
(2, 472, tensor(3.7449, device='cuda:0'))
(2, 473, tensor(3.8440, device='cuda:0'))
(2, 474, tensor(3.6723, device='cuda:0'))
(2, 475, tensor(3.7003, device='cuda:0'))
(2, 476, tensor(3.6314, device='cuda:0'))
(2, 477, tensor(3.8299, device='cuda:0'))
(2, 478, tensor(3.6296, device='cuda:0'))
(2, 479, tensor(3.8787, device='cuda:0'))
(2, 480, tensor(3.8063, device='cuda:0'))
(2, 481, tensor(3.6851, device='cuda:0'))
(2, 482, tensor(3.6386, device='cuda:0'))
(2, 483, tensor(3.7517, device='cuda:0'))
(2, 484, tensor(3.7359, device='cuda:0'))
(2, 485, tensor(3.8501, device='cuda:0'))
(2, 486, tensor(3.7823, device='cuda:0'))
(2, 487, tensor(3.7059, device='cuda:0'))
(2, 488, tensor(3.7729, device='cuda:0'))
(2, 489, tensor(3.8076, device='cuda:0'))
(2, 490, tensor(3.7316, device='cuda:0'))
(2, 491, tensor(3.8211, device='cuda:0'))
(2, 492, tensor(3.7413, device='cuda:0'))
(2, 493, tensor(3.7012, device='cuda:0'))
(2, 494, tensor(3.7174, device='cuda:0'))
(2, 495, tensor(3.7299, device='cuda:0'))
(2, 496, tensor(3.7309, device='cuda:0'))
(2, 497, tensor(3.6418, device='cuda:0'))
(2, 498, tensor(3.6856, device='cuda:0'))
(2, 499, tensor(3.7655, device='cuda:0'))
(2, 500, tensor(3.8033, device='cuda:0'))
(2, 501, tensor(3.6903, device='cuda:0'))
(2, 502, tensor(3.7237, device='cuda:0'))
(2, 503, tensor(3.7141, device='cuda:0'))
(2, 504, tensor(3.6849, device='cuda:0'))
(2, 505, tensor(3.6510, device='cuda:0'))
(2, 506, tensor(3.7588, device='cuda:0'))
(2, 507, tensor(3.7136, device='cuda:0'))
(2, 508, tensor(3.9374, device='cuda:0'))
(2, 509, tensor(3.7597, device='cuda:0'))
(2, 510, tensor(3.6305, device='cuda:0'))
(2, 511, tensor(3.6859, device='cuda:0'))
(2, 512, tensor(3.6968, device='cuda:0'))
(2, 513, tensor(3.7829, device='cuda:0'))
(2, 514, tensor(3.6999, device='cuda:0'))
(2, 515, tensor(3.9086, device='cuda:0'))
(2, 516, tensor(3.6631, device='cuda:0'))
(2, 517, tensor(3.6818, device='cuda:0'))
(2, 518, tensor(3.6790, device='cuda:0'))
(2, 519, tensor(3.7740, device='cuda:0'))
(2, 520, tensor(3.8342, device='cuda:0'))
(2, 521, tensor(3.6644, device='cuda:0'))
(2, 522, tensor(3.8101, device='cuda:0'))
(2, 523, tensor(3.7842, device='cuda:0'))
(2, 524, tensor(3.7253, device='cuda:0'))
(2, 525, tensor(3.5992, device='cuda:0'))
(2, 526, tensor(3.6882, device='cuda:0'))
(2, 527, tensor(3.7971, device='cuda:0'))
(2, 528, tensor(3.6753, device='cuda:0'))
(2, 529, tensor(3.6827, device='cuda:0'))
(2, 530, tensor(3.7499, device='cuda:0'))
(2, 531, tensor(3.8149, device='cuda:0'))
(2, 532, tensor(3.7332, device='cuda:0'))
(2, 533, tensor(3.6517, device='cuda:0'))
(2, 534, tensor(3.7632, device='cuda:0'))
(2, 535, tensor(3.7663, device='cuda:0'))
(2, 536, tensor(3.6653, device='cuda:0'))
(2, 537, tensor(3.6566, device='cuda:0'))
(2, 538, tensor(3.7533, device='cuda:0'))
(2, 539, tensor(3.5914, device='cuda:0'))
(2, 540, tensor(3.7706, device='cuda:0'))
(2, 541, tensor(3.8922, device='cuda:0'))
(2, 542, tensor(3.7648, device='cuda:0'))
(2, 543, tensor(3.6772, device='cuda:0'))
(2, 544, tensor(3.7037, device='cuda:0'))
(2, 545, tensor(3.7169, device='cuda:0'))
(2, 546, tensor(3.6532, device='cuda:0'))
(2, 547, tensor(3.6739, device='cuda:0'))
(2, 548, tensor(3.7235, device='cuda:0'))
(2, 549, tensor(3.8865, device='cuda:0'))
(2, 550, tensor(3.7151, device='cuda:0'))
(2, 551, tensor(3.8499, device='cuda:0'))
(2, 552, tensor(3.6306, device='cuda:0'))
(2, 553, tensor(3.6886, device='cuda:0'))
(2, 554, tensor(3.6278, device='cuda:0'))
(2, 555, tensor(3.6034, device='cuda:0'))
(2, 556, tensor(3.9807, device='cuda:0'))
(2, 557, tensor(3.7124, device='cuda:0'))
(2, 558, tensor(3.7298, device='cuda:0'))
(2, 559, tensor(3.7780, device='cuda:0'))
(2, 560, tensor(3.7085, device='cuda:0'))
(2, 561, tensor(3.6560, device='cuda:0'))
(2, 562, tensor(3.8267, device='cuda:0'))
(2, 563, tensor(3.6711, device='cuda:0'))
(2, 564, tensor(3.7926, device='cuda:0'))
(2, 565, tensor(3.7921, device='cuda:0'))
(2, 566, tensor(3.7281, device='cuda:0'))
(2, 567, tensor(3.7578, device='cuda:0'))
(2, 568, tensor(3.6160, device='cuda:0'))
(2, 569, tensor(3.8530, device='cuda:0'))
(2, 570, tensor(3.6789, device='cuda:0'))
(2, 571, tensor(3.6377, device='cuda:0'))
(2, 572, tensor(3.9213, device='cuda:0'))
(2, 573, tensor(3.7442, device='cuda:0'))
(2, 574, tensor(3.7158, device='cuda:0'))
(2, 575, tensor(3.7653, device='cuda:0'))
(2, 576, tensor(3.7713, device='cuda:0'))
(2, 577, tensor(3.7186, device='cuda:0'))
(2, 578, tensor(3.6177, device='cuda:0'))
(2, 579, tensor(3.8094, device='cuda:0'))
(2, 580, tensor(3.6308, device='cuda:0'))
(2, 581, tensor(3.8758, device='cuda:0'))
(2, 582, tensor(3.7617, device='cuda:0'))
(2, 583, tensor(3.8265, device='cuda:0'))
(2, 584, tensor(3.6612, device='cuda:0'))
(2, 585, tensor(3.6925, device='cuda:0'))
(2, 586, tensor(3.7095, device='cuda:0'))
(2, 587, tensor(3.7260, device='cuda:0'))
(2, 588, tensor(3.6563, device='cuda:0'))
(2, 589, tensor(3.6365, device='cuda:0'))
(2, 590, tensor(3.8041, device='cuda:0'))
(2, 591, tensor(3.8153, device='cuda:0'))
(2, 592, tensor(3.8523, device='cuda:0'))
(2, 593, tensor(3.7153, device='cuda:0'))
(2, 594, tensor(3.7062, device='cuda:0'))
(2, 595, tensor(3.6272, device='cuda:0'))
(2, 596, tensor(3.6745, device='cuda:0'))
(2, 597, tensor(3.7383, device='cuda:0'))
(2, 598, tensor(3.7417, device='cuda:0'))
(2, 599, tensor(3.7355, device='cuda:0'))
(2, 600, tensor(3.7073, device='cuda:0'))
(2, 601, tensor(3.7352, device='cuda:0'))
(2, 602, tensor(3.6945, device='cuda:0'))
(2, 603, tensor(3.6686, device='cuda:0'))
(2, 604, tensor(3.7103, device='cuda:0'))
(2, 605, tensor(3.7629, device='cuda:0'))
(2, 606, tensor(3.7015, device='cuda:0'))
(2, 607, tensor(3.7199, device='cuda:0'))
(2, 608, tensor(3.7044, device='cuda:0'))
(2, 609, tensor(3.6660, device='cuda:0'))
(2, 610, tensor(3.7769, device='cuda:0'))
(2, 611, tensor(3.7257, device='cuda:0'))
(2, 612, tensor(3.5150, device='cuda:0'))
(2, 613, tensor(3.9386, device='cuda:0'))
(2, 614, tensor(3.8579, device='cuda:0'))
(2, 615, tensor(3.5937, device='cuda:0'))
(2, 616, tensor(3.7322, device='cuda:0'))
(2, 617, tensor(3.6542, device='cuda:0'))
(2, 618, tensor(3.7784, device='cuda:0'))
(2, 619, tensor(3.7366, device='cuda:0'))
(2, 620, tensor(3.6246, device='cuda:0'))
(2, 621, tensor(3.6909, device='cuda:0'))
(2, 622, tensor(3.7735, device='cuda:0'))
(2, 623, tensor(3.7087, device='cuda:0'))
(2, 624, tensor(3.7682, device='cuda:0'))
(2, 625, tensor(3.7848, device='cuda:0'))
(2, 626, tensor(3.7082, device='cuda:0'))
(2, 627, tensor(3.7028, device='cuda:0'))
(2, 628, tensor(3.8625, device='cuda:0'))
(2, 629, tensor(3.8454, device='cuda:0'))
(2, 630, tensor(3.8701, device='cuda:0'))
(2, 631, tensor(3.6826, device='cuda:0'))
(2, 632, tensor(3.7427, device='cuda:0'))
(2, 633, tensor(3.6262, device='cuda:0'))
(2, 634, tensor(3.6670, device='cuda:0'))
(2, 635, tensor(3.8366, device='cuda:0'))
(2, 636, tensor(3.7205, device='cuda:0'))
(2, 637, tensor(3.6536, device='cuda:0'))
(2, 638, tensor(3.7945, device='cuda:0'))
(2, 639, tensor(3.6286, device='cuda:0'))
(2, 640, tensor(3.8161, device='cuda:0'))
(2, 641, tensor(3.7215, device='cuda:0'))
(2, 642, tensor(3.6719, device='cuda:0'))
(2, 643, tensor(3.8138, device='cuda:0'))
(2, 644, tensor(3.7112, device='cuda:0'))
(2, 645, tensor(3.7321, device='cuda:0'))
(2, 646, tensor(3.8157, device='cuda:0'))
(2, 647, tensor(3.6594, device='cuda:0'))
(2, 648, tensor(3.6390, device='cuda:0'))
(2, 649, tensor(3.8125, device='cuda:0'))
(2, 650, tensor(3.8156, device='cuda:0'))
(2, 651, tensor(3.4126, device='cuda:0'))
(3, 652, tensor(3.7601, device='cuda:0'))
(3, 653, tensor(3.6606, device='cuda:0'))
(3, 654, tensor(3.7333, device='cuda:0'))
(3, 655, tensor(3.7847, device='cuda:0'))
(3, 656, tensor(3.6335, device='cuda:0'))
(3, 657, tensor(3.6835, device='cuda:0'))
(3, 658, tensor(3.7981, device='cuda:0'))
(3, 659, tensor(3.7932, device='cuda:0'))
(3, 660, tensor(3.8582, device='cuda:0'))
(3, 661, tensor(3.5828, device='cuda:0'))
(3, 662, tensor(3.6480, device='cuda:0'))
(3, 663, tensor(3.6591, device='cuda:0'))
(3, 664, tensor(3.7279, device='cuda:0'))
(3, 665, tensor(3.6274, device='cuda:0'))
(3, 666, tensor(3.6600, device='cuda:0'))
(3, 667, tensor(3.7877, device='cuda:0'))
(3, 668, tensor(3.5593, device='cuda:0'))
(3, 669, tensor(3.6583, device='cuda:0'))
(3, 670, tensor(3.8101, device='cuda:0'))
(3, 671, tensor(3.7268, device='cuda:0'))
(3, 672, tensor(3.7374, device='cuda:0'))
(3, 673, tensor(3.7613, device='cuda:0'))
(3, 674, tensor(3.8127, device='cuda:0'))
(3, 675, tensor(3.6645, device='cuda:0'))
(3, 676, tensor(3.6439, device='cuda:0'))
(3, 677, tensor(3.5815, device='cuda:0'))
(3, 678, tensor(3.9066, device='cuda:0'))
(3, 679, tensor(3.6522, device='cuda:0'))
(3, 680, tensor(3.6274, device='cuda:0'))
(3, 681, tensor(3.5698, device='cuda:0'))
(3, 682, tensor(3.6793, device='cuda:0'))
(3, 683, tensor(3.6742, device='cuda:0'))
(3, 684, tensor(3.5293, device='cuda:0'))
(3, 685, tensor(3.7113, device='cuda:0'))
(3, 686, tensor(3.6042, device='cuda:0'))
(3, 687, tensor(3.7701, device='cuda:0'))
(3, 688, tensor(3.6592, device='cuda:0'))
(3, 689, tensor(3.7195, device='cuda:0'))
(3, 690, tensor(3.7778, device='cuda:0'))
(3, 691, tensor(3.7512, device='cuda:0'))
(3, 692, tensor(3.7597, device='cuda:0'))
(3, 693, tensor(3.6664, device='cuda:0'))
(3, 694, tensor(3.7408, device='cuda:0'))
(3, 695, tensor(3.6864, device='cuda:0'))
(3, 696, tensor(3.8271, device='cuda:0'))
(3, 697, tensor(3.6826, device='cuda:0'))
(3, 698, tensor(3.6638, device='cuda:0'))
(3, 699, tensor(3.7151, device='cuda:0'))
(3, 700, tensor(3.6285, device='cuda:0'))
(3, 701, tensor(3.7902, device='cuda:0'))
(3, 702, tensor(3.7034, device='cuda:0'))
(3, 703, tensor(3.6807, device='cuda:0'))
(3, 704, tensor(3.7260, device='cuda:0'))
(3, 705, tensor(3.7751, device='cuda:0'))
(3, 706, tensor(3.7724, device='cuda:0'))
(3, 707, tensor(3.6761, device='cuda:0'))
(3, 708, tensor(3.7877, device='cuda:0'))
(3, 709, tensor(3.6981, device='cuda:0'))
(3, 710, tensor(3.5792, device='cuda:0'))
(3, 711, tensor(3.8308, device='cuda:0'))
(3, 712, tensor(3.7295, device='cuda:0'))
(3, 713, tensor(3.7927, device='cuda:0'))
(3, 714, tensor(3.6775, device='cuda:0'))
(3, 715, tensor(3.8077, device='cuda:0'))
(3, 716, tensor(3.7232, device='cuda:0'))
(3, 717, tensor(3.7569, device='cuda:0'))
(3, 718, tensor(3.9300, device='cuda:0'))
(3, 719, tensor(3.6777, device='cuda:0'))
(3, 720, tensor(3.7142, device='cuda:0'))
(3, 721, tensor(3.7094, device='cuda:0'))
(3, 722, tensor(3.7511, device='cuda:0'))
(3, 723, tensor(3.7850, device='cuda:0'))
(3, 724, tensor(3.7176, device='cuda:0'))
(3, 725, tensor(3.7018, device='cuda:0'))
(3, 726, tensor(3.7498, device='cuda:0'))
(3, 727, tensor(3.6675, device='cuda:0'))
(3, 728, tensor(3.7974, device='cuda:0'))
(3, 729, tensor(3.7992, device='cuda:0'))
(3, 730, tensor(3.6918, device='cuda:0'))
(3, 731, tensor(3.7164, device='cuda:0'))
(3, 732, tensor(3.6302, device='cuda:0'))
(3, 733, tensor(3.7078, device='cuda:0'))
(3, 734, tensor(3.7047, device='cuda:0'))
(3, 735, tensor(3.7655, device='cuda:0'))
(3, 736, tensor(3.7840, device='cuda:0'))
(3, 737, tensor(3.6044, device='cuda:0'))
(3, 738, tensor(3.8295, device='cuda:0'))
(3, 739, tensor(3.7478, device='cuda:0'))
(3, 740, tensor(3.7118, device='cuda:0'))
(3, 741, tensor(3.7645, device='cuda:0'))
(3, 742, tensor(3.7218, device='cuda:0'))
(3, 743, tensor(3.7114, device='cuda:0'))
(3, 744, tensor(3.6713, device='cuda:0'))
(3, 745, tensor(3.8266, device='cuda:0'))
(3, 746, tensor(3.8259, device='cuda:0'))
(3, 747, tensor(3.8947, device='cuda:0'))
(3, 748, tensor(3.7537, device='cuda:0'))
(3, 749, tensor(3.7927, device='cuda:0'))
(3, 750, tensor(3.7232, device='cuda:0'))
(3, 751, tensor(3.6588, device='cuda:0'))
(3, 752, tensor(3.7908, device='cuda:0'))
(3, 753, tensor(3.7836, device='cuda:0'))
(3, 754, tensor(3.7569, device='cuda:0'))
(3, 755, tensor(3.6403, device='cuda:0'))
(3, 756, tensor(3.6757, device='cuda:0'))
(3, 757, tensor(3.7832, device='cuda:0'))
(3, 758, tensor(3.6911, device='cuda:0'))
(3, 759, tensor(3.8332, device='cuda:0'))
(3, 760, tensor(3.6180, device='cuda:0'))
(3, 761, tensor(3.7310, device='cuda:0'))
(3, 762, tensor(3.7753, device='cuda:0'))
(3, 763, tensor(3.6632, device='cuda:0'))
(3, 764, tensor(3.6547, device='cuda:0'))
(3, 765, tensor(3.6251, device='cuda:0'))
(3, 766, tensor(3.6733, device='cuda:0'))
(3, 767, tensor(3.6819, device='cuda:0'))
(3, 768, tensor(3.7063, device='cuda:0'))
(3, 769, tensor(3.7879, device='cuda:0'))
(3, 770, tensor(3.9070, device='cuda:0'))
(3, 771, tensor(3.6697, device='cuda:0'))
(3, 772, tensor(3.8080, device='cuda:0'))
(3, 773, tensor(3.6665, device='cuda:0'))
(3, 774, tensor(3.6860, device='cuda:0'))
(3, 775, tensor(3.7649, device='cuda:0'))
(3, 776, tensor(3.8115, device='cuda:0'))
(3, 777, tensor(3.7650, device='cuda:0'))
(3, 778, tensor(3.6925, device='cuda:0'))
(3, 779, tensor(3.8689, device='cuda:0'))
(3, 780, tensor(3.8212, device='cuda:0'))
(3, 781, tensor(3.7797, device='cuda:0'))
(3, 782, tensor(3.6325, device='cuda:0'))
(3, 783, tensor(3.6243, device='cuda:0'))
(3, 784, tensor(3.7273, device='cuda:0'))
(3, 785, tensor(3.7699, device='cuda:0'))
(3, 786, tensor(3.7384, device='cuda:0'))
(3, 787, tensor(3.8618, device='cuda:0'))
(3, 788, tensor(3.7229, device='cuda:0'))
(3, 789, tensor(3.7282, device='cuda:0'))
(3, 790, tensor(3.7610, device='cuda:0'))
(3, 791, tensor(3.7317, device='cuda:0'))
(3, 792, tensor(3.7516, device='cuda:0'))
(3, 793, tensor(3.7743, device='cuda:0'))
(3, 794, tensor(3.7100, device='cuda:0'))
(3, 795, tensor(3.7572, device='cuda:0'))
(3, 796, tensor(3.7482, device='cuda:0'))
(3, 797, tensor(3.7125, device='cuda:0'))
(3, 798, tensor(3.7031, device='cuda:0'))
(3, 799, tensor(3.8151, device='cuda:0'))
(3, 800, tensor(3.7325, device='cuda:0'))
(3, 801, tensor(3.7651, device='cuda:0'))
(3, 802, tensor(3.9186, device='cuda:0'))
(3, 803, tensor(3.7506, device='cuda:0'))
(3, 804, tensor(3.7048, device='cuda:0'))
(3, 805, tensor(3.6424, device='cuda:0'))
(3, 806, tensor(3.8678, device='cuda:0'))
(3, 807, tensor(3.8189, device='cuda:0'))
(3, 808, tensor(3.7571, device='cuda:0'))
(3, 809, tensor(3.6984, device='cuda:0'))
(3, 810, tensor(3.7417, device='cuda:0'))
(3, 811, tensor(3.6957, device='cuda:0'))
(3, 812, tensor(3.7120, device='cuda:0'))
(3, 813, tensor(3.8641, device='cuda:0'))
(3, 814, tensor(3.7438, device='cuda:0'))
(3, 815, tensor(3.6772, device='cuda:0'))
(3, 816, tensor(3.6920, device='cuda:0'))
(3, 817, tensor(3.6502, device='cuda:0'))
(3, 818, tensor(3.6172, device='cuda:0'))
(3, 819, tensor(3.7918, device='cuda:0'))
(3, 820, tensor(3.6029, device='cuda:0'))
(3, 821, tensor(3.6694, device='cuda:0'))
(3, 822, tensor(3.6692, device='cuda:0'))
(3, 823, tensor(3.7225, device='cuda:0'))
(3, 824, tensor(3.5419, device='cuda:0'))
(3, 825, tensor(3.8365, device='cuda:0'))
(3, 826, tensor(3.6461, device='cuda:0'))
(3, 827, tensor(3.6235, device='cuda:0'))
(3, 828, tensor(3.6716, device='cuda:0'))
(3, 829, tensor(3.8368, device='cuda:0'))
(3, 830, tensor(3.6149, device='cuda:0'))
(3, 831, tensor(3.7544, device='cuda:0'))
(3, 832, tensor(3.7341, device='cuda:0'))
(3, 833, tensor(3.7941, device='cuda:0'))
(3, 834, tensor(3.6882, device='cuda:0'))
(3, 835, tensor(3.7807, device='cuda:0'))
(3, 836, tensor(3.6063, device='cuda:0'))
(3, 837, tensor(3.7547, device='cuda:0'))
(3, 838, tensor(3.7104, device='cuda:0'))
(3, 839, tensor(3.7748, device='cuda:0'))
(3, 840, tensor(3.6753, device='cuda:0'))
(3, 841, tensor(3.7864, device='cuda:0'))
(3, 842, tensor(3.6738, device='cuda:0'))
(3, 843, tensor(3.6286, device='cuda:0'))
(3, 844, tensor(3.6755, device='cuda:0'))
(3, 845, tensor(3.8216, device='cuda:0'))
(3, 846, tensor(3.7747, device='cuda:0'))
(3, 847, tensor(3.6901, device='cuda:0'))
(3, 848, tensor(3.6994, device='cuda:0'))
(3, 849, tensor(3.6897, device='cuda:0'))
(3, 850, tensor(3.7575, device='cuda:0'))
(3, 851, tensor(3.7541, device='cuda:0'))
(3, 852, tensor(3.7715, device='cuda:0'))
(3, 853, tensor(3.7454, device='cuda:0'))
(3, 854, tensor(3.7562, device='cuda:0'))
(3, 855, tensor(3.7427, device='cuda:0'))
(3, 856, tensor(3.8301, device='cuda:0'))
(3, 857, tensor(3.7286, device='cuda:0'))
(3, 858, tensor(3.7320, device='cuda:0'))
(3, 859, tensor(3.7273, device='cuda:0'))
(3, 860, tensor(3.8791, device='cuda:0'))
(3, 861, tensor(3.7198, device='cuda:0'))
(3, 862, tensor(3.8072, device='cuda:0'))
(3, 863, tensor(3.6857, device='cuda:0'))
(3, 864, tensor(3.6745, device='cuda:0'))
(3, 865, tensor(3.7395, device='cuda:0'))
(3, 866, tensor(3.7959, device='cuda:0'))
(3, 867, tensor(3.6904, device='cuda:0'))
(3, 868, tensor(3.8002, device='cuda:0'))
(4, 869, tensor(3.7710, device='cuda:0'))
(4, 870, tensor(3.7963, device='cuda:0'))
(4, 871, tensor(3.7292, device='cuda:0'))
(4, 872, tensor(3.8170, device='cuda:0'))
(4, 873, tensor(3.7912, device='cuda:0'))
(4, 874, tensor(3.6718, device='cuda:0'))
(4, 875, tensor(3.7468, device='cuda:0'))
(4, 876, tensor(3.8370, device='cuda:0'))
(4, 877, tensor(3.6569, device='cuda:0'))
(4, 878, tensor(3.6757, device='cuda:0'))
(4, 879, tensor(3.7120, device='cuda:0'))
(4, 880, tensor(3.6412, device='cuda:0'))
(4, 881, tensor(3.7263, device='cuda:0'))
(4, 882, tensor(3.6919, device='cuda:0'))
(4, 883, tensor(3.7798, device='cuda:0'))
(4, 884, tensor(3.8171, device='cuda:0'))
(4, 885, tensor(3.6564, device='cuda:0'))
(4, 886, tensor(3.4716, device='cuda:0'))
(4, 887, tensor(3.6572, device='cuda:0'))
(4, 888, tensor(3.8225, device='cuda:0'))
(4, 889, tensor(3.7209, device='cuda:0'))
(4, 890, tensor(3.8345, device='cuda:0'))
(4, 891, tensor(3.6666, device='cuda:0'))
(4, 892, tensor(3.7234, device='cuda:0'))
(4, 893, tensor(3.8823, device='cuda:0'))
(4, 894, tensor(3.7710, device='cuda:0'))
(4, 895, tensor(3.6683, device='cuda:0'))
(4, 896, tensor(3.6631, device='cuda:0'))
(4, 897, tensor(3.6504, device='cuda:0'))
(4, 898, tensor(3.7581, device='cuda:0'))
(4, 899, tensor(3.6734, device='cuda:0'))
(4, 900, tensor(3.7397, device='cuda:0'))
(4, 901, tensor(3.6687, device='cuda:0'))
(4, 902, tensor(3.8011, device='cuda:0'))
(4, 903, tensor(3.7144, device='cuda:0'))
(4, 904, tensor(3.8123, device='cuda:0'))
(4, 905, tensor(3.7324, device='cuda:0'))
(4, 906, tensor(3.7084, device='cuda:0'))
(4, 907, tensor(3.7441, device='cuda:0'))
(4, 908, tensor(3.7796, device='cuda:0'))
(4, 909, tensor(3.6001, device='cuda:0'))
(4, 910, tensor(3.6585, device='cuda:0'))
(4, 911, tensor(3.6654, device='cuda:0'))
(4, 912, tensor(3.7429, device='cuda:0'))
(4, 913, tensor(3.6519, device='cuda:0'))
(4, 914, tensor(3.6435, device='cuda:0'))
(4, 915, tensor(3.8412, device='cuda:0'))
(4, 916, tensor(3.7593, device='cuda:0'))
(4, 917, tensor(3.7568, device='cuda:0'))
(4, 918, tensor(3.5471, device='cuda:0'))
(4, 919, tensor(3.7686, device='cuda:0'))
(4, 920, tensor(3.7259, device='cuda:0'))
(4, 921, tensor(3.8271, device='cuda:0'))
(4, 922, tensor(3.7266, device='cuda:0'))
(4, 923, tensor(3.7955, device='cuda:0'))
(4, 924, tensor(3.7143, device='cuda:0'))
(4, 925, tensor(3.7319, device='cuda:0'))
(4, 926, tensor(3.6950, device='cuda:0'))
(4, 927, tensor(3.5779, device='cuda:0'))
(4, 928, tensor(3.6813, device='cuda:0'))
(4, 929, tensor(3.6574, device='cuda:0'))
(4, 930, tensor(3.7648, device='cuda:0'))
(4, 931, tensor(3.7607, device='cuda:0'))
(4, 932, tensor(3.6959, device='cuda:0'))
(4, 933, tensor(3.7510, device='cuda:0'))
(4, 934, tensor(3.6030, device='cuda:0'))
(4, 935, tensor(3.7873, device='cuda:0'))
(4, 936, tensor(3.7556, device='cuda:0'))
(4, 937, tensor(3.7567, device='cuda:0'))
(4, 938, tensor(3.6725, device='cuda:0'))
(4, 939, tensor(3.7731, device='cuda:0'))
(4, 940, tensor(3.7686, device='cuda:0'))
(4, 941, tensor(3.6528, device='cuda:0'))
(4, 942, tensor(3.6877, device='cuda:0'))
(4, 943, tensor(3.5847, device='cuda:0'))
(4, 944, tensor(3.7152, device='cuda:0'))
(4, 945, tensor(3.7648, device='cuda:0'))
(4, 946, tensor(3.7952, device='cuda:0'))
(4, 947, tensor(3.6169, device='cuda:0'))
(4, 948, tensor(3.8463, device='cuda:0'))
(4, 949, tensor(3.7365, device='cuda:0'))
(4, 950, tensor(3.7579, device='cuda:0'))
(4, 951, tensor(3.6835, device='cuda:0'))
(4, 952, tensor(3.6893, device='cuda:0'))
(4, 953, tensor(3.8808, device='cuda:0'))
(4, 954, tensor(3.7338, device='cuda:0'))
(4, 955, tensor(3.6903, device='cuda:0'))
(4, 956, tensor(3.7193, device='cuda:0'))
(4, 957, tensor(3.5983, device='cuda:0'))
(4, 958, tensor(3.6771, device='cuda:0'))
(4, 959, tensor(3.7207, device='cuda:0'))
(4, 960, tensor(3.8433, device='cuda:0'))
(4, 961, tensor(3.7888, device='cuda:0'))
(4, 962, tensor(3.6918, device='cuda:0'))
(4, 963, tensor(3.6681, device='cuda:0'))
(4, 964, tensor(3.7350, device='cuda:0'))
(4, 965, tensor(3.6297, device='cuda:0'))
(4, 966, tensor(3.7633, device='cuda:0'))
(4, 967, tensor(3.6803, device='cuda:0'))
(4, 968, tensor(3.8094, device='cuda:0'))
(4, 969, tensor(3.6193, device='cuda:0'))
(4, 970, tensor(3.8745, device='cuda:0'))
(4, 971, tensor(3.7721, device='cuda:0'))
(4, 972, tensor(3.6912, device='cuda:0'))
(4, 973, tensor(3.6705, device='cuda:0'))
(4, 974, tensor(3.6446, device='cuda:0'))
(4, 975, tensor(3.7561, device='cuda:0'))
(4, 976, tensor(3.8131, device='cuda:0'))
(4, 977, tensor(3.6692, device='cuda:0'))
(4, 978, tensor(3.7906, device='cuda:0'))
(4, 979, tensor(3.7604, device='cuda:0'))
(4, 980, tensor(3.8262, device='cuda:0'))
(4, 981, tensor(3.8364, device='cuda:0'))
(4, 982, tensor(3.8507, device='cuda:0'))
(4, 983, tensor(3.7137, device='cuda:0'))
(4, 984, tensor(3.6155, device='cuda:0'))
(4, 985, tensor(3.7246, device='cuda:0'))
(4, 986, tensor(3.7437, device='cuda:0'))
(4, 987, tensor(3.7041, device='cuda:0'))
(4, 988, tensor(3.8242, device='cuda:0'))
(4, 989, tensor(3.7409, device='cuda:0'))
(4, 990, tensor(3.7124, device='cuda:0'))
(4, 991, tensor(3.7116, device='cuda:0'))
(4, 992, tensor(3.6180, device='cuda:0'))
(4, 993, tensor(3.7473, device='cuda:0'))
(4, 994, tensor(3.7002, device='cuda:0'))
(4, 995, tensor(3.5678, device='cuda:0'))
(4, 996, tensor(3.6585, device='cuda:0'))
(4, 997, tensor(3.6206, device='cuda:0'))
(4, 998, tensor(3.8542, device='cuda:0'))
(4, 999, tensor(3.7924, device='cuda:0'))
(4, 1000, tensor(3.7246, device='cuda:0'))
(4, 1001, tensor(3.7737, device='cuda:0'))
(4, 1002, tensor(3.9189, device='cuda:0'))
(4, 1003, tensor(3.6716, device='cuda:0'))
(4, 1004, tensor(3.6979, device='cuda:0'))
(4, 1005, tensor(3.7945, device='cuda:0'))
(4, 1006, tensor(3.7018, device='cuda:0'))
(4, 1007, tensor(3.6523, device='cuda:0'))
(4, 1008, tensor(3.7737, device='cuda:0'))
(4, 1009, tensor(3.8870, device='cuda:0'))
(4, 1010, tensor(3.6802, device='cuda:0'))
(4, 1011, tensor(3.7219, device='cuda:0'))
(4, 1012, tensor(3.7717, device='cuda:0'))
(4, 1013, tensor(3.6918, device='cuda:0'))
(4, 1014, tensor(3.7893, device='cuda:0'))
(4, 1015, tensor(3.6742, device='cuda:0'))
(4, 1016, tensor(3.6690, device='cuda:0'))
(4, 1017, tensor(3.8341, device='cuda:0'))
(4, 1018, tensor(3.6721, device='cuda:0'))
(4, 1019, tensor(3.7321, device='cuda:0'))
(4, 1020, tensor(3.6848, device='cuda:0'))
(4, 1021, tensor(3.8489, device='cuda:0'))
(4, 1022, tensor(3.6939, device='cuda:0'))
(4, 1023, tensor(3.7555, device='cuda:0'))
(4, 1024, tensor(3.7187, device='cuda:0'))
(4, 1025, tensor(3.6154, device='cuda:0'))
(4, 1026, tensor(3.7361, device='cuda:0'))
(4, 1027, tensor(3.6432, device='cuda:0'))
(4, 1028, tensor(3.7552, device='cuda:0'))
(4, 1029, tensor(3.7101, device='cuda:0'))
(4, 1030, tensor(3.8636, device='cuda:0'))
(4, 1031, tensor(3.6762, device='cuda:0'))
(4, 1032, tensor(3.7730, device='cuda:0'))
(4, 1033, tensor(3.7776, device='cuda:0'))
(4, 1034, tensor(3.6823, device='cuda:0'))
(4, 1035, tensor(3.7091, device='cuda:0'))
(4, 1036, tensor(3.6775, device='cuda:0'))
(4, 1037, tensor(3.5552, device='cuda:0'))
(4, 1038, tensor(3.7042, device='cuda:0'))
(4, 1039, tensor(3.8527, device='cuda:0'))
(4, 1040, tensor(3.7502, device='cuda:0'))
(4, 1041, tensor(3.6723, device='cuda:0'))
(4, 1042, tensor(3.7219, device='cuda:0'))
(4, 1043, tensor(3.7208, device='cuda:0'))
(4, 1044, tensor(3.6619, device='cuda:0'))
(4, 1045, tensor(3.7965, device='cuda:0'))
(4, 1046, tensor(3.7938, device='cuda:0'))
(4, 1047, tensor(3.5898, device='cuda:0'))
(4, 1048, tensor(3.7071, device='cuda:0'))
(4, 1049, tensor(3.7218, device='cuda:0'))
(4, 1050, tensor(3.7555, device='cuda:0'))
(4, 1051, tensor(3.7329, device='cuda:0'))
(4, 1052, tensor(3.7309, device='cuda:0'))
(4, 1053, tensor(3.7186, device='cuda:0'))
(4, 1054, tensor(3.7353, device='cuda:0'))
(4, 1055, tensor(3.7284, device='cuda:0'))
(4, 1056, tensor(3.7118, device='cuda:0'))
(4, 1057, tensor(3.7587, device='cuda:0'))
(4, 1058, tensor(3.6263, device='cuda:0'))
(4, 1059, tensor(3.7334, device='cuda:0'))
(4, 1060, tensor(3.7125, device='cuda:0'))
(4, 1061, tensor(3.8442, device='cuda:0'))
(4, 1062, tensor(3.7501, device='cuda:0'))
(4, 1063, tensor(3.7612, device='cuda:0'))
(4, 1064, tensor(3.6938, device='cuda:0'))
(4, 1065, tensor(3.6822, device='cuda:0'))
(4, 1066, tensor(3.6476, device='cuda:0'))
(4, 1067, tensor(3.7589, device='cuda:0'))
(4, 1068, tensor(3.7007, device='cuda:0'))
(4, 1069, tensor(3.6707, device='cuda:0'))
(4, 1070, tensor(3.8001, device='cuda:0'))
(4, 1071, tensor(3.6800, device='cuda:0'))
(4, 1072, tensor(3.6232, device='cuda:0'))
(4, 1073, tensor(3.5793, device='cuda:0'))
(4, 1074, tensor(3.6349, device='cuda:0'))
(4, 1075, tensor(3.6708, device='cuda:0'))
(4, 1076, tensor(3.8362, device='cuda:0'))
(4, 1077, tensor(3.7118, device='cuda:0'))
(4, 1078, tensor(3.8483, device='cuda:0'))
(4, 1079, tensor(3.7279, device='cuda:0'))
(4, 1080, tensor(3.8030, device='cuda:0'))
(4, 1081, tensor(3.7281, device='cuda:0'))
(4, 1082, tensor(3.7204, device='cuda:0'))
(4, 1083, tensor(3.7145, device='cuda:0'))
(4, 1084, tensor(3.7277, device='cuda:0'))
(4, 1085, tensor(3.4401, device='cuda:0'))
(5, 1086, tensor(3.6799, device='cuda:0'))
(5, 1087, tensor(3.6444, device='cuda:0'))
(5, 1088, tensor(3.5130, device='cuda:0'))
(5, 1089, tensor(3.8170, device='cuda:0'))
(5, 1090, tensor(3.6327, device='cuda:0'))
(5, 1091, tensor(3.5826, device='cuda:0'))
(5, 1092, tensor(3.8176, device='cuda:0'))
(5, 1093, tensor(3.7579, device='cuda:0'))
(5, 1094, tensor(3.6061, device='cuda:0'))
(5, 1095, tensor(3.7479, device='cuda:0'))
(5, 1096, tensor(3.8410, device='cuda:0'))
(5, 1097, tensor(3.8011, device='cuda:0'))
(5, 1098, tensor(3.7465, device='cuda:0'))
(5, 1099, tensor(3.8888, device='cuda:0'))
(5, 1100, tensor(3.6710, device='cuda:0'))
(5, 1101, tensor(3.7806, device='cuda:0'))
(5, 1102, tensor(3.6817, device='cuda:0'))
(5, 1103, tensor(3.6019, device='cuda:0'))
(5, 1104, tensor(3.7865, device='cuda:0'))
(5, 1105, tensor(3.6127, device='cuda:0'))
(5, 1106, tensor(3.7794, device='cuda:0'))
(5, 1107, tensor(3.8824, device='cuda:0'))
(5, 1108, tensor(3.7048, device='cuda:0'))
(5, 1109, tensor(3.6386, device='cuda:0'))
(5, 1110, tensor(3.8067, device='cuda:0'))
(5, 1111, tensor(3.8191, device='cuda:0'))
(5, 1112, tensor(3.7427, device='cuda:0'))
(5, 1113, tensor(3.7412, device='cuda:0'))
(5, 1114, tensor(3.5973, device='cuda:0'))
(5, 1115, tensor(3.7768, device='cuda:0'))
(5, 1116, tensor(3.6799, device='cuda:0'))
(5, 1117, tensor(3.6925, device='cuda:0'))
(5, 1118, tensor(3.6504, device='cuda:0'))
(5, 1119, tensor(3.7817, device='cuda:0'))
(5, 1120, tensor(3.7799, device='cuda:0'))
(5, 1121, tensor(3.6394, device='cuda:0'))
(5, 1122, tensor(3.7404, device='cuda:0'))
(5, 1123, tensor(3.7006, device='cuda:0'))
(5, 1124, tensor(3.6779, device='cuda:0'))
(5, 1125, tensor(3.6257, device='cuda:0'))
(5, 1126, tensor(3.8770, device='cuda:0'))
(5, 1127, tensor(3.7369, device='cuda:0'))
(5, 1128, tensor(3.7892, device='cuda:0'))
(5, 1129, tensor(3.6474, device='cuda:0'))
(5, 1130, tensor(3.6807, device='cuda:0'))
(5, 1131, tensor(3.6704, device='cuda:0'))
(5, 1132, tensor(3.7848, device='cuda:0'))
(5, 1133, tensor(3.6144, device='cuda:0'))
(5, 1134, tensor(3.7866, device='cuda:0'))
(5, 1135, tensor(3.8180, device='cuda:0'))
(5, 1136, tensor(3.7732, device='cuda:0'))
(5, 1137, tensor(3.6981, device='cuda:0'))
(5, 1138, tensor(3.6867, device='cuda:0'))
(5, 1139, tensor(3.8375, device='cuda:0'))
(5, 1140, tensor(3.6827, device='cuda:0'))
(5, 1141, tensor(3.7363, device='cuda:0'))
(5, 1142, tensor(3.7018, device='cuda:0'))
(5, 1143, tensor(3.7350, device='cuda:0'))
(5, 1144, tensor(3.6508, device='cuda:0'))
(5, 1145, tensor(3.6747, device='cuda:0'))
(5, 1146, tensor(3.7089, device='cuda:0'))
(5, 1147, tensor(3.8891, device='cuda:0'))
(5, 1148, tensor(3.7113, device='cuda:0'))
(5, 1149, tensor(3.7555, device='cuda:0'))
(5, 1150, tensor(3.8140, device='cuda:0'))
(5, 1151, tensor(3.7121, device='cuda:0'))
(5, 1152, tensor(3.6657, device='cuda:0'))
(5, 1153, tensor(3.7233, device='cuda:0'))
(5, 1154, tensor(3.7115, device='cuda:0'))
(5, 1155, tensor(3.7770, device='cuda:0'))
(5, 1156, tensor(3.6922, device='cuda:0'))
(5, 1157, tensor(3.7867, device='cuda:0'))
(5, 1158, tensor(3.7818, device='cuda:0'))
(5, 1159, tensor(3.6700, device='cuda:0'))
(5, 1160, tensor(3.5698, device='cuda:0'))
(5, 1161, tensor(3.8111, device='cuda:0'))
(5, 1162, tensor(3.6643, device='cuda:0'))
(5, 1163, tensor(3.6969, device='cuda:0'))
(5, 1164, tensor(3.5025, device='cuda:0'))
(5, 1165, tensor(3.6641, device='cuda:0'))
(5, 1166, tensor(3.7307, device='cuda:0'))
(5, 1167, tensor(3.7685, device='cuda:0'))
(5, 1168, tensor(3.7316, device='cuda:0'))
(5, 1169, tensor(3.6148, device='cuda:0'))
(5, 1170, tensor(3.5263, device='cuda:0'))
(5, 1171, tensor(3.8170, device='cuda:0'))
(5, 1172, tensor(3.7649, device='cuda:0'))
(5, 1173, tensor(3.7720, device='cuda:0'))
(5, 1174, tensor(3.7349, device='cuda:0'))
(5, 1175, tensor(3.7046, device='cuda:0'))
(5, 1176, tensor(3.7797, device='cuda:0'))
(5, 1177, tensor(3.6873, device='cuda:0'))
(5, 1178, tensor(3.7014, device='cuda:0'))
(5, 1179, tensor(3.9117, device='cuda:0'))
(5, 1180, tensor(3.7623, device='cuda:0'))
(5, 1181, tensor(3.7386, device='cuda:0'))
(5, 1182, tensor(3.7721, device='cuda:0'))
(5, 1183, tensor(3.7583, device='cuda:0'))
(5, 1184, tensor(3.7947, device='cuda:0'))
(5, 1185, tensor(3.7421, device='cuda:0'))
(5, 1186, tensor(3.6413, device='cuda:0'))
(5, 1187, tensor(3.6356, device='cuda:0'))
(5, 1188, tensor(3.7977, device='cuda:0'))
(5, 1189, tensor(3.6966, device='cuda:0'))
(5, 1190, tensor(3.7595, device='cuda:0'))
(5, 1191, tensor(3.6996, device='cuda:0'))
(5, 1192, tensor(3.7412, device='cuda:0'))
(5, 1193, tensor(3.6834, device='cuda:0'))
(5, 1194, tensor(3.8355, device='cuda:0'))
(5, 1195, tensor(3.7079, device='cuda:0'))
(5, 1196, tensor(3.6954, device='cuda:0'))
(5, 1197, tensor(3.6511, device='cuda:0'))
(5, 1198, tensor(3.6218, device='cuda:0'))
(5, 1199, tensor(3.7776, device='cuda:0'))
(5, 1200, tensor(3.7826, device='cuda:0'))
(5, 1201, tensor(3.6742, device='cuda:0'))
(5, 1202, tensor(3.7057, device='cuda:0'))
(5, 1203, tensor(3.7277, device='cuda:0'))
(5, 1204, tensor(3.7278, device='cuda:0'))
(5, 1205, tensor(3.6157, device='cuda:0'))
(5, 1206, tensor(3.8332, device='cuda:0'))
(5, 1207, tensor(3.5912, device='cuda:0'))
(5, 1208, tensor(3.6686, device='cuda:0'))
(5, 1209, tensor(3.8134, device='cuda:0'))
(5, 1210, tensor(3.6979, device='cuda:0'))
(5, 1211, tensor(3.7094, device='cuda:0'))
(5, 1212, tensor(3.6413, device='cuda:0'))
(5, 1213, tensor(3.7083, device='cuda:0'))
(5, 1214, tensor(3.4632, device='cuda:0'))
(5, 1215, tensor(3.7801, device='cuda:0'))
(5, 1216, tensor(3.7440, device='cuda:0'))
(5, 1217, tensor(3.6154, device='cuda:0'))
(5, 1218, tensor(3.8882, device='cuda:0'))
(5, 1219, tensor(3.6451, device='cuda:0'))
(5, 1220, tensor(3.9170, device='cuda:0'))
(5, 1221, tensor(3.6197, device='cuda:0'))
(5, 1222, tensor(3.6109, device='cuda:0'))
(5, 1223, tensor(3.8577, device='cuda:0'))
(5, 1224, tensor(3.7967, device='cuda:0'))
(5, 1225, tensor(3.7436, device='cuda:0'))
(5, 1226, tensor(3.6903, device='cuda:0'))
(5, 1227, tensor(3.6990, device='cuda:0'))
(5, 1228, tensor(3.7780, device='cuda:0'))
(5, 1229, tensor(3.7466, device='cuda:0'))
(5, 1230, tensor(3.6211, device='cuda:0'))
(5, 1231, tensor(3.5966, device='cuda:0'))
(5, 1232, tensor(3.6006, device='cuda:0'))
(5, 1233, tensor(3.8087, device='cuda:0'))
(5, 1234, tensor(3.8618, device='cuda:0'))
(5, 1235, tensor(3.8945, device='cuda:0'))
(5, 1236, tensor(3.8107, device='cuda:0'))
(5, 1237, tensor(3.7861, device='cuda:0'))
(5, 1238, tensor(3.8816, device='cuda:0'))
(5, 1239, tensor(3.7210, device='cuda:0'))
(5, 1240, tensor(3.7246, device='cuda:0'))
(5, 1241, tensor(3.7103, device='cuda:0'))
(5, 1242, tensor(3.7436, device='cuda:0'))
(5, 1243, tensor(3.6834, device='cuda:0'))
(5, 1244, tensor(3.7788, device='cuda:0'))
(5, 1245, tensor(3.6830, device='cuda:0'))
(5, 1246, tensor(3.8190, device='cuda:0'))
(5, 1247, tensor(3.6351, device='cuda:0'))
(5, 1248, tensor(3.6889, device='cuda:0'))
(5, 1249, tensor(3.8103, device='cuda:0'))
(5, 1250, tensor(3.7102, device='cuda:0'))
(5, 1251, tensor(3.7613, device='cuda:0'))
(5, 1252, tensor(3.8185, device='cuda:0'))
(5, 1253, tensor(3.6767, device='cuda:0'))
(5, 1254, tensor(3.6679, device='cuda:0'))
(5, 1255, tensor(3.6740, device='cuda:0'))
(5, 1256, tensor(3.7791, device='cuda:0'))
(5, 1257, tensor(3.8526, device='cuda:0'))
(5, 1258, tensor(3.7613, device='cuda:0'))
(5, 1259, tensor(3.8201, device='cuda:0'))
(5, 1260, tensor(3.7723, device='cuda:0'))
(5, 1261, tensor(3.8562, device='cuda:0'))
(5, 1262, tensor(3.6076, device='cuda:0'))
(5, 1263, tensor(3.6629, device='cuda:0'))
(5, 1264, tensor(3.7424, device='cuda:0'))
(5, 1265, tensor(3.7876, device='cuda:0'))
(5, 1266, tensor(3.6902, device='cuda:0'))
(5, 1267, tensor(3.6701, device='cuda:0'))
(5, 1268, tensor(3.6898, device='cuda:0'))
(5, 1269, tensor(3.6270, device='cuda:0'))
(5, 1270, tensor(3.8302, device='cuda:0'))
(5, 1271, tensor(3.7480, device='cuda:0'))
(5, 1272, tensor(3.6274, device='cuda:0'))
(5, 1273, tensor(3.6276, device='cuda:0'))
(5, 1274, tensor(3.6970, device='cuda:0'))
(5, 1275, tensor(3.7846, device='cuda:0'))
(5, 1276, tensor(3.6474, device='cuda:0'))
(5, 1277, tensor(3.6594, device='cuda:0'))
(5, 1278, tensor(3.8260, device='cuda:0'))
(5, 1279, tensor(3.7862, device='cuda:0'))
(5, 1280, tensor(3.9060, device='cuda:0'))
(5, 1281, tensor(3.6882, device='cuda:0'))
(5, 1282, tensor(3.7284, device='cuda:0'))
(5, 1283, tensor(3.7229, device='cuda:0'))
(5, 1284, tensor(3.6780, device='cuda:0'))
(5, 1285, tensor(3.6839, device='cuda:0'))
(5, 1286, tensor(3.6255, device='cuda:0'))
(5, 1287, tensor(3.8078, device='cuda:0'))
(5, 1288, tensor(3.7075, device='cuda:0'))
(5, 1289, tensor(3.7639, device='cuda:0'))
(5, 1290, tensor(3.7676, device='cuda:0'))
(5, 1291, tensor(3.7299, device='cuda:0'))
(5, 1292, tensor(3.7503, device='cuda:0'))
(5, 1293, tensor(3.7500, device='cuda:0'))
(5, 1294, tensor(3.7756, device='cuda:0'))
(5, 1295, tensor(3.8116, device='cuda:0'))
(5, 1296, tensor(3.7230, device='cuda:0'))
(5, 1297, tensor(3.6261, device='cuda:0'))
(5, 1298, tensor(3.7746, device='cuda:0'))
(5, 1299, tensor(3.6999, device='cuda:0'))
(5, 1300, tensor(3.7714, device='cuda:0'))
(5, 1301, tensor(3.6630, device='cuda:0'))
(5, 1302, tensor(3.7373, device='cuda:0'))
(6, 1303, tensor(3.6570, device='cuda:0'))
(6, 1304, tensor(3.7077, device='cuda:0'))
(6, 1305, tensor(3.7812, device='cuda:0'))
(6, 1306, tensor(3.6816, device='cuda:0'))
(6, 1307, tensor(3.8460, device='cuda:0'))
(6, 1308, tensor(3.6777, device='cuda:0'))
(6, 1309, tensor(3.7066, device='cuda:0'))
(6, 1310, tensor(3.7310, device='cuda:0'))
(6, 1311, tensor(3.7128, device='cuda:0'))
(6, 1312, tensor(3.7635, device='cuda:0'))
(6, 1313, tensor(3.7266, device='cuda:0'))
(6, 1314, tensor(3.7653, device='cuda:0'))
(6, 1315, tensor(3.7004, device='cuda:0'))
(6, 1316, tensor(3.7695, device='cuda:0'))
(6, 1317, tensor(3.7888, device='cuda:0'))
(6, 1318, tensor(3.7142, device='cuda:0'))
(6, 1319, tensor(3.7189, device='cuda:0'))
(6, 1320, tensor(3.7054, device='cuda:0'))
(6, 1321, tensor(3.6918, device='cuda:0'))
(6, 1322, tensor(3.6694, device='cuda:0'))
(6, 1323, tensor(3.6287, device='cuda:0'))
(6, 1324, tensor(3.7129, device='cuda:0'))
(6, 1325, tensor(3.8742, device='cuda:0'))
(6, 1326, tensor(3.5306, device='cuda:0'))
(6, 1327, tensor(3.9331, device='cuda:0'))
(6, 1328, tensor(3.7110, device='cuda:0'))
(6, 1329, tensor(3.6914, device='cuda:0'))
(6, 1330, tensor(3.7838, device='cuda:0'))
(6, 1331, tensor(3.7507, device='cuda:0'))
(6, 1332, tensor(3.7365, device='cuda:0'))
(6, 1333, tensor(3.7647, device='cuda:0'))
(6, 1334, tensor(3.6581, device='cuda:0'))
(6, 1335, tensor(3.6735, device='cuda:0'))
(6, 1336, tensor(3.8057, device='cuda:0'))
(6, 1337, tensor(3.5985, device='cuda:0'))
(6, 1338, tensor(3.7058, device='cuda:0'))
(6, 1339, tensor(3.6948, device='cuda:0'))
(6, 1340, tensor(3.8080, device='cuda:0'))
(6, 1341, tensor(3.6952, device='cuda:0'))
(6, 1342, tensor(3.8252, device='cuda:0'))
(6, 1343, tensor(3.6623, device='cuda:0'))
(6, 1344, tensor(3.6137, device='cuda:0'))
(6, 1345, tensor(3.6883, device='cuda:0'))
(6, 1346, tensor(3.7212, device='cuda:0'))
(6, 1347, tensor(3.5760, device='cuda:0'))
(6, 1348, tensor(3.7712, device='cuda:0'))
(6, 1349, tensor(3.7601, device='cuda:0'))
(6, 1350, tensor(3.6981, device='cuda:0'))
(6, 1351, tensor(3.6687, device='cuda:0'))
(6, 1352, tensor(3.6774, device='cuda:0'))
(6, 1353, tensor(3.7819, device='cuda:0'))
(6, 1354, tensor(3.8134, device='cuda:0'))
(6, 1355, tensor(3.8395, device='cuda:0'))
(6, 1356, tensor(3.7941, device='cuda:0'))
(6, 1357, tensor(3.7225, device='cuda:0'))
(6, 1358, tensor(3.6856, device='cuda:0'))
(6, 1359, tensor(3.5564, device='cuda:0'))
(6, 1360, tensor(3.7394, device='cuda:0'))
(6, 1361, tensor(3.7130, device='cuda:0'))
(6, 1362, tensor(3.6527, device='cuda:0'))
(6, 1363, tensor(3.5162, device='cuda:0'))
(6, 1364, tensor(3.7751, device='cuda:0'))
(6, 1365, tensor(3.7708, device='cuda:0'))
(6, 1366, tensor(3.7407, device='cuda:0'))
(6, 1367, tensor(3.7392, device='cuda:0'))
(6, 1368, tensor(3.7914, device='cuda:0'))
(6, 1369, tensor(3.8543, device='cuda:0'))
(6, 1370, tensor(3.6555, device='cuda:0'))
(6, 1371, tensor(3.8885, device='cuda:0'))
(6, 1372, tensor(3.6851, device='cuda:0'))
(6, 1373, tensor(3.7439, device='cuda:0'))
(6, 1374, tensor(3.6508, device='cuda:0'))
(6, 1375, tensor(3.5276, device='cuda:0'))
(6, 1376, tensor(3.8565, device='cuda:0'))
(6, 1377, tensor(3.7785, device='cuda:0'))
(6, 1378, tensor(3.8262, device='cuda:0'))
(6, 1379, tensor(3.8233, device='cuda:0'))
(6, 1380, tensor(3.7014, device='cuda:0'))
(6, 1381, tensor(3.7020, device='cuda:0'))
(6, 1382, tensor(3.6556, device='cuda:0'))
(6, 1383, tensor(3.7752, device='cuda:0'))
(6, 1384, tensor(3.6003, device='cuda:0'))
(6, 1385, tensor(3.6763, device='cuda:0'))
(6, 1386, tensor(3.6212, device='cuda:0'))
(6, 1387, tensor(3.9086, device='cuda:0'))
(6, 1388, tensor(3.8387, device='cuda:0'))
(6, 1389, tensor(3.7397, device='cuda:0'))
(6, 1390, tensor(3.7214, device='cuda:0'))
(6, 1391, tensor(3.7117, device='cuda:0'))
(6, 1392, tensor(3.7564, device='cuda:0'))
(6, 1393, tensor(3.7744, device='cuda:0'))
(6, 1394, tensor(3.7428, device='cuda:0'))
(6, 1395, tensor(3.6877, device='cuda:0'))
(6, 1396, tensor(3.6762, device='cuda:0'))
(6, 1397, tensor(3.7734, device='cuda:0'))
(6, 1398, tensor(3.7151, device='cuda:0'))
(6, 1399, tensor(3.5693, device='cuda:0'))
(6, 1400, tensor(3.8130, device='cuda:0'))
(6, 1401, tensor(3.5604, device='cuda:0'))
(6, 1402, tensor(3.7017, device='cuda:0'))
(6, 1403, tensor(3.7085, device='cuda:0'))
(6, 1404, tensor(3.5865, device='cuda:0'))
(6, 1405, tensor(3.7904, device='cuda:0'))
(6, 1406, tensor(3.6092, device='cuda:0'))
(6, 1407, tensor(3.7230, device='cuda:0'))
(6, 1408, tensor(3.7697, device='cuda:0'))
(6, 1409, tensor(3.9339, device='cuda:0'))
(6, 1410, tensor(3.9329, device='cuda:0'))
(6, 1411, tensor(3.7139, device='cuda:0'))
(6, 1412, tensor(3.7671, device='cuda:0'))
(6, 1413, tensor(3.8357, device='cuda:0'))
(6, 1414, tensor(3.7065, device='cuda:0'))
(6, 1415, tensor(3.8184, device='cuda:0'))
(6, 1416, tensor(3.7290, device='cuda:0'))
(6, 1417, tensor(3.7059, device='cuda:0'))
(6, 1418, tensor(3.6810, device='cuda:0'))
(6, 1419, tensor(3.7756, device='cuda:0'))
(6, 1420, tensor(3.7249, device='cuda:0'))
(6, 1421, tensor(3.7364, device='cuda:0'))
(6, 1422, tensor(3.7501, device='cuda:0'))
(6, 1423, tensor(3.6661, device='cuda:0'))
(6, 1424, tensor(3.7543, device='cuda:0'))
(6, 1425, tensor(3.7723, device='cuda:0'))
(6, 1426, tensor(3.7551, device='cuda:0'))
(6, 1427, tensor(3.7326, device='cuda:0'))
(6, 1428, tensor(3.6904, device='cuda:0'))
(6, 1429, tensor(3.7463, device='cuda:0'))
(6, 1430, tensor(3.8257, device='cuda:0'))
(6, 1431, tensor(3.6562, device='cuda:0'))
(6, 1432, tensor(3.6819, device='cuda:0'))
(6, 1433, tensor(3.6948, device='cuda:0'))
(6, 1434, tensor(3.7155, device='cuda:0'))
(6, 1435, tensor(3.7345, device='cuda:0'))
(6, 1436, tensor(3.8381, device='cuda:0'))
(6, 1437, tensor(3.8533, device='cuda:0'))
(6, 1438, tensor(3.7492, device='cuda:0'))
(6, 1439, tensor(3.5119, device='cuda:0'))
(6, 1440, tensor(3.7294, device='cuda:0'))
(6, 1441, tensor(3.8011, device='cuda:0'))
(6, 1442, tensor(3.7616, device='cuda:0'))
(6, 1443, tensor(3.6051, device='cuda:0'))
(6, 1444, tensor(3.6306, device='cuda:0'))
(6, 1445, tensor(3.7700, device='cuda:0'))
(6, 1446, tensor(3.6111, device='cuda:0'))
(6, 1447, tensor(3.6973, device='cuda:0'))
(6, 1448, tensor(3.7652, device='cuda:0'))
(6, 1449, tensor(3.6661, device='cuda:0'))
(6, 1450, tensor(3.5924, device='cuda:0'))
(6, 1451, tensor(3.6197, device='cuda:0'))
(6, 1452, tensor(3.8659, device='cuda:0'))
(6, 1453, tensor(3.6924, device='cuda:0'))
(6, 1454, tensor(3.6370, device='cuda:0'))
(6, 1455, tensor(3.6629, device='cuda:0'))
(6, 1456, tensor(3.8489, device='cuda:0'))
(6, 1457, tensor(3.7391, device='cuda:0'))
(6, 1458, tensor(3.7985, device='cuda:0'))
(6, 1459, tensor(3.6883, device='cuda:0'))
(6, 1460, tensor(3.7228, device='cuda:0'))
(6, 1461, tensor(3.8548, device='cuda:0'))
(6, 1462, tensor(3.7209, device='cuda:0'))
(6, 1463, tensor(3.6903, device='cuda:0'))
(6, 1464, tensor(3.6826, device='cuda:0'))
(6, 1465, tensor(3.8070, device='cuda:0'))
(6, 1466, tensor(3.7548, device='cuda:0'))
slurmstepd: error: *** JOB 1384543 ON gpu32 CANCELLED AT 2018-11-15T10:18:59 DUE TO TIME LIMIT ***
