/tmp/slurmd/job1385083/slurm_script: line 9: cd: qb18517/11_DT/dynamicTextureMain/4_C3D_ConvolutionalNN_3D/: No such file or directory
cuda:0
No handlers could be found for logger "libav.h264"
No handlers could be found for logger "libav.h264"
No handlers could be found for logger "libav.h264"
No handlers could be found for logger "libav.h264"
No handlers could be found for logger "libav.h264"
2_C3D_Model_BC.py:93: UserWarning: Implicit dimension choice for log_softmax has been deprecated. Change the call to include dim=X as an argument.
  return F.log_softmax(x)
2_C3D_Model_BC.py:135: UserWarning: invalid index of a 0-dim tensor. This will be an error in PyTorch 0.5. Use tensor.item() to convert a 0-dim tensor to a Python number
  print(epoch,i,loss.data[0])#, loss.data[0])
(0, 1, tensor(3.9185, device='cuda:0'))
(0, 2, tensor(3.7602, device='cuda:0'))
(0, 3, tensor(3.8072, device='cuda:0'))
(0, 4, tensor(3.8689, device='cuda:0'))
(0, 5, tensor(3.8197, device='cuda:0'))
(0, 6, tensor(3.7958, device='cuda:0'))
(0, 7, tensor(3.7891, device='cuda:0'))
(0, 8, tensor(3.8133, device='cuda:0'))
(0, 9, tensor(3.7974, device='cuda:0'))
(0, 10, tensor(3.7487, device='cuda:0'))
(0, 11, tensor(3.6987, device='cuda:0'))
(0, 12, tensor(3.8213, device='cuda:0'))
(0, 13, tensor(3.9075, device='cuda:0'))
(0, 14, tensor(3.7779, device='cuda:0'))
(0, 15, tensor(3.7441, device='cuda:0'))
(0, 16, tensor(3.7731, device='cuda:0'))
(0, 17, tensor(3.7859, device='cuda:0'))
(0, 18, tensor(3.8662, device='cuda:0'))
(0, 19, tensor(3.8312, device='cuda:0'))
(0, 20, tensor(3.8418, device='cuda:0'))
(0, 21, tensor(3.7153, device='cuda:0'))
(0, 22, tensor(3.7388, device='cuda:0'))
(0, 23, tensor(3.7377, device='cuda:0'))
(0, 24, tensor(3.6367, device='cuda:0'))
(0, 25, tensor(3.6748, device='cuda:0'))
(0, 26, tensor(3.8872, device='cuda:0'))
(0, 27, tensor(3.7360, device='cuda:0'))
(0, 28, tensor(3.9159, device='cuda:0'))
(0, 29, tensor(3.7681, device='cuda:0'))
(0, 30, tensor(3.7371, device='cuda:0'))
(0, 31, tensor(3.7740, device='cuda:0'))
(0, 32, tensor(3.7173, device='cuda:0'))
(0, 33, tensor(3.7020, device='cuda:0'))
(0, 34, tensor(3.5129, device='cuda:0'))
(0, 35, tensor(3.7086, device='cuda:0'))
(0, 36, tensor(3.8980, device='cuda:0'))
(0, 37, tensor(3.6880, device='cuda:0'))
(0, 38, tensor(3.7467, device='cuda:0'))
(0, 39, tensor(3.6573, device='cuda:0'))
(0, 40, tensor(3.7830, device='cuda:0'))
(0, 41, tensor(3.7292, device='cuda:0'))
(0, 42, tensor(3.7650, device='cuda:0'))
(0, 43, tensor(3.6558, device='cuda:0'))
(0, 44, tensor(3.7070, device='cuda:0'))
(0, 45, tensor(3.6685, device='cuda:0'))
(0, 46, tensor(3.6386, device='cuda:0'))
(0, 47, tensor(3.8554, device='cuda:0'))
(0, 48, tensor(3.7074, device='cuda:0'))
(0, 49, tensor(3.5982, device='cuda:0'))
(0, 50, tensor(3.6458, device='cuda:0'))
(0, 51, tensor(3.6469, device='cuda:0'))
(0, 52, tensor(3.8467, device='cuda:0'))
(0, 53, tensor(3.6161, device='cuda:0'))
(0, 54, tensor(3.6622, device='cuda:0'))
(0, 55, tensor(3.6847, device='cuda:0'))
(0, 56, tensor(3.7777, device='cuda:0'))
(0, 57, tensor(3.8112, device='cuda:0'))
(0, 58, tensor(3.6376, device='cuda:0'))
(0, 59, tensor(3.5593, device='cuda:0'))
(0, 60, tensor(3.4632, device='cuda:0'))
(0, 61, tensor(3.7868, device='cuda:0'))
(0, 62, tensor(3.6839, device='cuda:0'))
(0, 63, tensor(3.7097, device='cuda:0'))
(0, 64, tensor(3.5883, device='cuda:0'))
(0, 65, tensor(3.6770, device='cuda:0'))
(0, 66, tensor(3.7035, device='cuda:0'))
(0, 67, tensor(3.6244, device='cuda:0'))
(0, 68, tensor(3.5517, device='cuda:0'))
(0, 69, tensor(3.6625, device='cuda:0'))
(0, 70, tensor(3.7108, device='cuda:0'))
(0, 71, tensor(3.6325, device='cuda:0'))
(0, 72, tensor(3.6873, device='cuda:0'))
(0, 73, tensor(3.6831, device='cuda:0'))
(0, 74, tensor(3.6358, device='cuda:0'))
(0, 75, tensor(3.5532, device='cuda:0'))
(0, 76, tensor(3.7198, device='cuda:0'))
(0, 77, tensor(3.6081, device='cuda:0'))
(0, 78, tensor(3.6837, device='cuda:0'))
(0, 79, tensor(3.5839, device='cuda:0'))
(0, 80, tensor(3.6336, device='cuda:0'))
(0, 81, tensor(3.8070, device='cuda:0'))
(0, 82, tensor(3.6456, device='cuda:0'))
(0, 83, tensor(3.6934, device='cuda:0'))
(0, 84, tensor(3.6686, device='cuda:0'))
(0, 85, tensor(3.7357, device='cuda:0'))
(0, 86, tensor(3.6916, device='cuda:0'))
(0, 87, tensor(3.6081, device='cuda:0'))
(0, 88, tensor(3.5538, device='cuda:0'))
(0, 89, tensor(3.6992, device='cuda:0'))
(0, 90, tensor(3.6763, device='cuda:0'))
(0, 91, tensor(3.5728, device='cuda:0'))
(0, 92, tensor(3.6044, device='cuda:0'))
(0, 93, tensor(3.6637, device='cuda:0'))
(0, 94, tensor(3.5958, device='cuda:0'))
(0, 95, tensor(3.4814, device='cuda:0'))
(0, 96, tensor(3.5686, device='cuda:0'))
(0, 97, tensor(3.6981, device='cuda:0'))
(0, 98, tensor(3.6158, device='cuda:0'))
(0, 99, tensor(3.7854, device='cuda:0'))
(0, 100, tensor(3.6189, device='cuda:0'))
(0, 101, tensor(3.5449, device='cuda:0'))
(0, 102, tensor(3.5802, device='cuda:0'))
(0, 103, tensor(3.3107, device='cuda:0'))
(0, 104, tensor(3.8240, device='cuda:0'))
(0, 105, tensor(3.4742, device='cuda:0'))
(0, 106, tensor(3.8932, device='cuda:0'))
(0, 107, tensor(3.7840, device='cuda:0'))
(0, 108, tensor(3.7188, device='cuda:0'))
(0, 109, tensor(3.6603, device='cuda:0'))
(0, 110, tensor(3.6804, device='cuda:0'))
(0, 111, tensor(3.6749, device='cuda:0'))
(0, 112, tensor(3.6639, device='cuda:0'))
(0, 113, tensor(3.6268, device='cuda:0'))
(0, 114, tensor(3.4350, device='cuda:0'))
(0, 115, tensor(3.5525, device='cuda:0'))
(0, 116, tensor(3.7594, device='cuda:0'))
(0, 117, tensor(3.6626, device='cuda:0'))
(0, 118, tensor(3.6721, device='cuda:0'))
(0, 119, tensor(3.4443, device='cuda:0'))
(0, 120, tensor(3.5826, device='cuda:0'))
(0, 121, tensor(3.4001, device='cuda:0'))
(0, 122, tensor(3.3151, device='cuda:0'))
(0, 123, tensor(3.7922, device='cuda:0'))
(0, 124, tensor(3.3213, device='cuda:0'))
(0, 125, tensor(3.7143, device='cuda:0'))
(0, 126, tensor(3.8098, device='cuda:0'))
(0, 127, tensor(3.5709, device='cuda:0'))
(0, 128, tensor(3.6004, device='cuda:0'))
(0, 129, tensor(3.5721, device='cuda:0'))
(0, 130, tensor(3.6930, device='cuda:0'))
(0, 131, tensor(3.4622, device='cuda:0'))
(0, 132, tensor(3.4709, device='cuda:0'))
(0, 133, tensor(3.2056, device='cuda:0'))
(0, 134, tensor(3.6053, device='cuda:0'))
(0, 135, tensor(3.3879, device='cuda:0'))
(0, 136, tensor(3.5625, device='cuda:0'))
(0, 137, tensor(3.3449, device='cuda:0'))
(0, 138, tensor(3.8733, device='cuda:0'))
(0, 139, tensor(3.5206, device='cuda:0'))
(0, 140, tensor(3.4629, device='cuda:0'))
(0, 141, tensor(3.4679, device='cuda:0'))
(0, 142, tensor(3.5910, device='cuda:0'))
(0, 143, tensor(3.5009, device='cuda:0'))
(0, 144, tensor(3.3242, device='cuda:0'))
(0, 145, tensor(3.3069, device='cuda:0'))
(0, 146, tensor(3.3183, device='cuda:0'))
(0, 147, tensor(3.6238, device='cuda:0'))
(0, 148, tensor(3.7227, device='cuda:0'))
(0, 149, tensor(3.4729, device='cuda:0'))
(0, 150, tensor(3.5943, device='cuda:0'))
(0, 151, tensor(3.5838, device='cuda:0'))
(0, 152, tensor(3.7518, device='cuda:0'))
(0, 153, tensor(3.4673, device='cuda:0'))
(0, 154, tensor(3.7708, device='cuda:0'))
(0, 155, tensor(3.4130, device='cuda:0'))
(0, 156, tensor(3.4314, device='cuda:0'))
(0, 157, tensor(3.4149, device='cuda:0'))
(0, 158, tensor(3.6573, device='cuda:0'))
(0, 159, tensor(3.4887, device='cuda:0'))
(0, 160, tensor(3.6827, device='cuda:0'))
(0, 161, tensor(3.6539, device='cuda:0'))
(0, 162, tensor(3.4720, device='cuda:0'))
(0, 163, tensor(3.7006, device='cuda:0'))
(0, 164, tensor(3.6034, device='cuda:0'))
(0, 165, tensor(3.5601, device='cuda:0'))
(0, 166, tensor(3.5993, device='cuda:0'))
(0, 167, tensor(3.3871, device='cuda:0'))
(0, 168, tensor(3.6149, device='cuda:0'))
(0, 169, tensor(3.4080, device='cuda:0'))
(0, 170, tensor(3.6847, device='cuda:0'))
(0, 171, tensor(3.6520, device='cuda:0'))
(0, 172, tensor(3.2653, device='cuda:0'))
(0, 173, tensor(3.7403, device='cuda:0'))
(0, 174, tensor(3.5177, device='cuda:0'))
(0, 175, tensor(3.7448, device='cuda:0'))
(0, 176, tensor(3.6795, device='cuda:0'))
(0, 177, tensor(3.5924, device='cuda:0'))
(0, 178, tensor(3.6129, device='cuda:0'))
(0, 179, tensor(3.5173, device='cuda:0'))
(0, 180, tensor(3.4875, device='cuda:0'))
(0, 181, tensor(3.6542, device='cuda:0'))
(0, 182, tensor(3.5554, device='cuda:0'))
(0, 183, tensor(3.5860, device='cuda:0'))
(0, 184, tensor(3.0841, device='cuda:0'))
(0, 185, tensor(3.3303, device='cuda:0'))
(0, 186, tensor(3.6041, device='cuda:0'))
(0, 187, tensor(3.4082, device='cuda:0'))
(0, 188, tensor(3.7063, device='cuda:0'))
(0, 189, tensor(3.3923, device='cuda:0'))
(0, 190, tensor(3.2495, device='cuda:0'))
(0, 191, tensor(3.6650, device='cuda:0'))
(0, 192, tensor(3.6651, device='cuda:0'))
(0, 193, tensor(3.6746, device='cuda:0'))
(0, 194, tensor(3.5622, device='cuda:0'))
(0, 195, tensor(3.4278, device='cuda:0'))
(0, 196, tensor(3.6626, device='cuda:0'))
(0, 197, tensor(3.6737, device='cuda:0'))
(0, 198, tensor(3.4838, device='cuda:0'))
(0, 199, tensor(3.3333, device='cuda:0'))
(0, 200, tensor(3.7465, device='cuda:0'))
(0, 201, tensor(3.4512, device='cuda:0'))
(0, 202, tensor(3.3177, device='cuda:0'))
(0, 203, tensor(3.7162, device='cuda:0'))
(0, 204, tensor(3.4180, device='cuda:0'))
(0, 205, tensor(3.5636, device='cuda:0'))
(0, 206, tensor(3.4615, device='cuda:0'))
(0, 207, tensor(3.4138, device='cuda:0'))
(0, 208, tensor(3.4863, device='cuda:0'))
(0, 209, tensor(3.3830, device='cuda:0'))
(0, 210, tensor(4.1075, device='cuda:0'))
(0, 211, tensor(3.6044, device='cuda:0'))
(0, 212, tensor(3.6012, device='cuda:0'))
(0, 213, tensor(3.6065, device='cuda:0'))
(0, 214, tensor(3.7339, device='cuda:0'))
(0, 215, tensor(3.6021, device='cuda:0'))
(0, 216, tensor(3.5003, device='cuda:0'))
(0, 217, tensor(3.5518, device='cuda:0'))
No handlers could be found for logger "libav.h264"
No handlers could be found for logger "libav.h264"
No handlers could be found for logger "libav.h264"
No handlers could be found for logger "libav.h264"
No handlers could be found for logger "libav.h264"
(1, 218, tensor(3.1706, device='cuda:0'))
(1, 219, tensor(3.3323, device='cuda:0'))
(1, 220, tensor(4.0521, device='cuda:0'))
(1, 221, tensor(3.3854, device='cuda:0'))
(1, 222, tensor(3.4650, device='cuda:0'))
(1, 223, tensor(3.2962, device='cuda:0'))
(1, 224, tensor(3.4843, device='cuda:0'))
(1, 225, tensor(3.0574, device='cuda:0'))
(1, 226, tensor(3.3562, device='cuda:0'))
(1, 227, tensor(3.6751, device='cuda:0'))
(1, 228, tensor(3.4300, device='cuda:0'))
(1, 229, tensor(3.5373, device='cuda:0'))
(1, 230, tensor(3.5024, device='cuda:0'))
(1, 231, tensor(3.5245, device='cuda:0'))
(1, 232, tensor(3.6747, device='cuda:0'))
(1, 233, tensor(3.4528, device='cuda:0'))
(1, 234, tensor(3.3915, device='cuda:0'))
(1, 235, tensor(3.3513, device='cuda:0'))
(1, 236, tensor(3.5032, device='cuda:0'))
(1, 237, tensor(3.7119, device='cuda:0'))
(1, 238, tensor(3.6891, device='cuda:0'))
(1, 239, tensor(3.4958, device='cuda:0'))
(1, 240, tensor(3.4545, device='cuda:0'))
(1, 241, tensor(3.4902, device='cuda:0'))
(1, 242, tensor(3.3167, device='cuda:0'))
(1, 243, tensor(3.2184, device='cuda:0'))
(1, 244, tensor(3.5497, device='cuda:0'))
(1, 245, tensor(3.2507, device='cuda:0'))
(1, 246, tensor(3.4317, device='cuda:0'))
(1, 247, tensor(3.2319, device='cuda:0'))
(1, 248, tensor(3.6454, device='cuda:0'))
(1, 249, tensor(3.5183, device='cuda:0'))
(1, 250, tensor(3.1782, device='cuda:0'))
(1, 251, tensor(3.4861, device='cuda:0'))
(1, 252, tensor(3.3360, device='cuda:0'))
(1, 253, tensor(3.5086, device='cuda:0'))
(1, 254, tensor(3.5573, device='cuda:0'))
(1, 255, tensor(3.5670, device='cuda:0'))
(1, 256, tensor(3.1668, device='cuda:0'))
(1, 257, tensor(3.3764, device='cuda:0'))
(1, 258, tensor(3.5933, device='cuda:0'))
(1, 259, tensor(3.6835, device='cuda:0'))
(1, 260, tensor(3.6340, device='cuda:0'))
(1, 261, tensor(3.5908, device='cuda:0'))
(1, 262, tensor(3.4613, device='cuda:0'))
(1, 263, tensor(3.4481, device='cuda:0'))
(1, 264, tensor(3.3680, device='cuda:0'))
(1, 265, tensor(3.8040, device='cuda:0'))
(1, 266, tensor(3.5218, device='cuda:0'))
(1, 267, tensor(3.4500, device='cuda:0'))
(1, 268, tensor(3.3261, device='cuda:0'))
(1, 269, tensor(3.3643, device='cuda:0'))
(1, 270, tensor(3.7764, device='cuda:0'))
(1, 271, tensor(3.3872, device='cuda:0'))
(1, 272, tensor(3.5658, device='cuda:0'))
(1, 273, tensor(3.3072, device='cuda:0'))
(1, 274, tensor(3.3677, device='cuda:0'))
(1, 275, tensor(3.2246, device='cuda:0'))
(1, 276, tensor(3.2581, device='cuda:0'))
(1, 277, tensor(3.4642, device='cuda:0'))
(1, 278, tensor(3.5036, device='cuda:0'))
(1, 279, tensor(3.4923, device='cuda:0'))
(1, 280, tensor(3.1760, device='cuda:0'))
(1, 281, tensor(3.3697, device='cuda:0'))
(1, 282, tensor(3.4916, device='cuda:0'))
(1, 283, tensor(3.5367, device='cuda:0'))
(1, 284, tensor(3.3452, device='cuda:0'))
(1, 285, tensor(3.1699, device='cuda:0'))
(1, 286, tensor(3.5665, device='cuda:0'))
(1, 287, tensor(3.5812, device='cuda:0'))
(1, 288, tensor(3.2406, device='cuda:0'))
(1, 289, tensor(3.3443, device='cuda:0'))
(1, 290, tensor(3.4063, device='cuda:0'))
(1, 291, tensor(2.8486, device='cuda:0'))
(1, 292, tensor(3.3786, device='cuda:0'))
(1, 293, tensor(4.0401, device='cuda:0'))
(1, 294, tensor(3.4475, device='cuda:0'))
(1, 295, tensor(3.5486, device='cuda:0'))
(1, 296, tensor(3.5745, device='cuda:0'))
(1, 297, tensor(3.5962, device='cuda:0'))
(1, 298, tensor(3.5159, device='cuda:0'))
(1, 299, tensor(3.6297, device='cuda:0'))
(1, 300, tensor(3.3771, device='cuda:0'))
(1, 301, tensor(3.2234, device='cuda:0'))
(1, 302, tensor(3.1304, device='cuda:0'))
(1, 303, tensor(3.2630, device='cuda:0'))
(1, 304, tensor(3.7608, device='cuda:0'))
(1, 305, tensor(3.4156, device='cuda:0'))
(1, 306, tensor(3.4940, device='cuda:0'))
(1, 307, tensor(3.5538, device='cuda:0'))
(1, 308, tensor(3.3295, device='cuda:0'))
(1, 309, tensor(3.4916, device='cuda:0'))
(1, 310, tensor(3.4798, device='cuda:0'))
(1, 311, tensor(3.2182, device='cuda:0'))
(1, 312, tensor(3.3350, device='cuda:0'))
(1, 313, tensor(3.3986, device='cuda:0'))
(1, 314, tensor(3.7284, device='cuda:0'))
(1, 315, tensor(3.2165, device='cuda:0'))
(1, 316, tensor(3.2863, device='cuda:0'))
(1, 317, tensor(3.3753, device='cuda:0'))
(1, 318, tensor(3.1104, device='cuda:0'))
(1, 319, tensor(2.9068, device='cuda:0'))
(1, 320, tensor(3.2165, device='cuda:0'))
(1, 321, tensor(3.9000, device='cuda:0'))
(1, 322, tensor(3.3656, device='cuda:0'))
(1, 323, tensor(3.4670, device='cuda:0'))
(1, 324, tensor(3.5390, device='cuda:0'))
(1, 325, tensor(3.2907, device='cuda:0'))
(1, 326, tensor(3.4922, device='cuda:0'))
(1, 327, tensor(3.7601, device='cuda:0'))
(1, 328, tensor(3.4948, device='cuda:0'))
(1, 329, tensor(3.3437, device='cuda:0'))
(1, 330, tensor(3.6301, device='cuda:0'))
(1, 331, tensor(3.2662, device='cuda:0'))
(1, 332, tensor(3.3241, device='cuda:0'))
(1, 333, tensor(3.2353, device='cuda:0'))
(1, 334, tensor(3.5776, device='cuda:0'))
(1, 335, tensor(3.4315, device='cuda:0'))
(1, 336, tensor(3.1780, device='cuda:0'))
(1, 337, tensor(3.6232, device='cuda:0'))
(1, 338, tensor(3.5341, device='cuda:0'))
(1, 339, tensor(3.3860, device='cuda:0'))
(1, 340, tensor(3.4482, device='cuda:0'))
(1, 341, tensor(3.1122, device='cuda:0'))
(1, 342, tensor(3.3397, device='cuda:0'))
(1, 343, tensor(3.1147, device='cuda:0'))
(1, 344, tensor(3.2340, device='cuda:0'))
(1, 345, tensor(3.1495, device='cuda:0'))
(1, 346, tensor(3.2970, device='cuda:0'))
(1, 347, tensor(3.5914, device='cuda:0'))
(1, 348, tensor(3.2469, device='cuda:0'))
(1, 349, tensor(3.1606, device='cuda:0'))
(1, 350, tensor(3.2923, device='cuda:0'))
(1, 351, tensor(3.6334, device='cuda:0'))
(1, 352, tensor(3.5092, device='cuda:0'))
(1, 353, tensor(3.2605, device='cuda:0'))
(1, 354, tensor(3.3725, device='cuda:0'))
(1, 355, tensor(3.4534, device='cuda:0'))
(1, 356, tensor(3.1295, device='cuda:0'))
(1, 357, tensor(3.7616, device='cuda:0'))
(1, 358, tensor(3.3755, device='cuda:0'))
(1, 359, tensor(3.2002, device='cuda:0'))
(1, 360, tensor(3.4088, device='cuda:0'))
(1, 361, tensor(3.3987, device='cuda:0'))
(1, 362, tensor(3.0983, device='cuda:0'))
(1, 363, tensor(3.2842, device='cuda:0'))
(1, 364, tensor(2.8311, device='cuda:0'))
(1, 365, tensor(3.4480, device='cuda:0'))
(1, 366, tensor(3.6401, device='cuda:0'))
(1, 367, tensor(3.1210, device='cuda:0'))
(1, 368, tensor(3.2748, device='cuda:0'))
(1, 369, tensor(3.5417, device='cuda:0'))
(1, 370, tensor(3.3926, device='cuda:0'))
(1, 371, tensor(3.1845, device='cuda:0'))
(1, 372, tensor(3.3641, device='cuda:0'))
(1, 373, tensor(3.3406, device='cuda:0'))
(1, 374, tensor(3.4428, device='cuda:0'))
(1, 375, tensor(3.1961, device='cuda:0'))
(1, 376, tensor(3.5375, device='cuda:0'))
(1, 377, tensor(3.3410, device='cuda:0'))
(1, 378, tensor(3.3800, device='cuda:0'))
(1, 379, tensor(3.3119, device='cuda:0'))
(1, 380, tensor(3.3581, device='cuda:0'))
(1, 381, tensor(3.1358, device='cuda:0'))
(1, 382, tensor(3.4959, device='cuda:0'))
(1, 383, tensor(3.4930, device='cuda:0'))
(1, 384, tensor(2.9479, device='cuda:0'))
(1, 385, tensor(3.1969, device='cuda:0'))
(1, 386, tensor(3.3551, device='cuda:0'))
(1, 387, tensor(3.1671, device='cuda:0'))
(1, 388, tensor(3.5540, device='cuda:0'))
(1, 389, tensor(3.6083, device='cuda:0'))
(1, 390, tensor(3.3164, device='cuda:0'))
(1, 391, tensor(3.4783, device='cuda:0'))
(1, 392, tensor(3.2209, device='cuda:0'))
(1, 393, tensor(3.0558, device='cuda:0'))
(1, 394, tensor(3.2993, device='cuda:0'))
(1, 395, tensor(3.5978, device='cuda:0'))
(1, 396, tensor(3.3261, device='cuda:0'))
(1, 397, tensor(3.3569, device='cuda:0'))
(1, 398, tensor(3.2756, device='cuda:0'))
(1, 399, tensor(3.6287, device='cuda:0'))
(1, 400, tensor(3.2506, device='cuda:0'))
(1, 401, tensor(3.1523, device='cuda:0'))
(1, 402, tensor(3.4724, device='cuda:0'))
(1, 403, tensor(3.3829, device='cuda:0'))
(1, 404, tensor(3.2081, device='cuda:0'))
(1, 405, tensor(3.1446, device='cuda:0'))
(1, 406, tensor(3.1537, device='cuda:0'))
(1, 407, tensor(3.1622, device='cuda:0'))
(1, 408, tensor(3.4673, device='cuda:0'))
(1, 409, tensor(3.5465, device='cuda:0'))
(1, 410, tensor(3.3780, device='cuda:0'))
(1, 411, tensor(3.4074, device='cuda:0'))
(1, 412, tensor(3.5252, device='cuda:0'))
(1, 413, tensor(3.2359, device='cuda:0'))
(1, 414, tensor(3.5041, device='cuda:0'))
(1, 415, tensor(3.0018, device='cuda:0'))
(1, 416, tensor(3.3234, device='cuda:0'))
(1, 417, tensor(3.3985, device='cuda:0'))
(1, 418, tensor(3.4066, device='cuda:0'))
(1, 419, tensor(3.2274, device='cuda:0'))
(1, 420, tensor(3.8947, device='cuda:0'))
(1, 421, tensor(3.3692, device='cuda:0'))
(1, 422, tensor(3.5954, device='cuda:0'))
(1, 423, tensor(3.3964, device='cuda:0'))
(1, 424, tensor(3.2701, device='cuda:0'))
(1, 425, tensor(3.4621, device='cuda:0'))
(1, 426, tensor(3.6219, device='cuda:0'))
(1, 427, tensor(3.2568, device='cuda:0'))
(1, 428, tensor(3.2904, device='cuda:0'))
(1, 429, tensor(3.2222, device='cuda:0'))
(1, 430, tensor(3.3651, device='cuda:0'))
(1, 431, tensor(3.3359, device='cuda:0'))
(1, 432, tensor(3.2097, device='cuda:0'))
(1, 433, tensor(3.3991, device='cuda:0'))
(1, 434, tensor(3.6484, device='cuda:0'))
No handlers could be found for logger "libav.h264"
No handlers could be found for logger "libav.h264"
No handlers could be found for logger "libav.h264"
No handlers could be found for logger "libav.h264"
No handlers could be found for logger "libav.h264"
(2, 435, tensor(3.2553, device='cuda:0'))
(2, 436, tensor(3.0603, device='cuda:0'))
(2, 437, tensor(3.6658, device='cuda:0'))
(2, 438, tensor(3.2149, device='cuda:0'))
(2, 439, tensor(3.3232, device='cuda:0'))
(2, 440, tensor(3.0613, device='cuda:0'))
(2, 441, tensor(3.2786, device='cuda:0'))
(2, 442, tensor(3.6241, device='cuda:0'))
(2, 443, tensor(2.9539, device='cuda:0'))
(2, 444, tensor(3.1623, device='cuda:0'))
(2, 445, tensor(3.5309, device='cuda:0'))
(2, 446, tensor(3.3099, device='cuda:0'))
(2, 447, tensor(3.0304, device='cuda:0'))
(2, 448, tensor(3.1607, device='cuda:0'))
(2, 449, tensor(3.3768, device='cuda:0'))
(2, 450, tensor(3.1390, device='cuda:0'))
(2, 451, tensor(3.2533, device='cuda:0'))
(2, 452, tensor(3.4139, device='cuda:0'))
(2, 453, tensor(3.1660, device='cuda:0'))
(2, 454, tensor(3.2459, device='cuda:0'))
(2, 455, tensor(3.1230, device='cuda:0'))
(2, 456, tensor(3.2422, device='cuda:0'))
(2, 457, tensor(3.2585, device='cuda:0'))
(2, 458, tensor(3.1777, device='cuda:0'))
(2, 459, tensor(2.9636, device='cuda:0'))
(2, 460, tensor(3.3095, device='cuda:0'))
(2, 461, tensor(2.7668, device='cuda:0'))
(2, 462, tensor(3.1238, device='cuda:0'))
(2, 463, tensor(3.3257, device='cuda:0'))
(2, 464, tensor(3.3543, device='cuda:0'))
(2, 465, tensor(3.4294, device='cuda:0'))
(2, 466, tensor(3.4662, device='cuda:0'))
(2, 467, tensor(3.4394, device='cuda:0'))
(2, 468, tensor(3.2208, device='cuda:0'))
(2, 469, tensor(3.1105, device='cuda:0'))
(2, 470, tensor(3.1614, device='cuda:0'))
(2, 471, tensor(3.2248, device='cuda:0'))
(2, 472, tensor(3.9858, device='cuda:0'))
(2, 473, tensor(3.2760, device='cuda:0'))
(2, 474, tensor(3.2755, device='cuda:0'))
(2, 475, tensor(3.3844, device='cuda:0'))
(2, 476, tensor(3.3280, device='cuda:0'))
(2, 477, tensor(3.0706, device='cuda:0'))
(2, 478, tensor(2.8576, device='cuda:0'))
(2, 479, tensor(3.2835, device='cuda:0'))
(2, 480, tensor(3.1878, device='cuda:0'))
(2, 481, tensor(3.1036, device='cuda:0'))
(2, 482, tensor(3.3180, device='cuda:0'))
(2, 483, tensor(3.4240, device='cuda:0'))
(2, 484, tensor(3.2545, device='cuda:0'))
(2, 485, tensor(3.1939, device='cuda:0'))
(2, 486, tensor(3.4382, device='cuda:0'))
(2, 487, tensor(3.3693, device='cuda:0'))
(2, 488, tensor(3.0502, device='cuda:0'))
(2, 489, tensor(3.3826, device='cuda:0'))
(2, 490, tensor(3.2049, device='cuda:0'))
(2, 491, tensor(3.3307, device='cuda:0'))
(2, 492, tensor(2.8565, device='cuda:0'))
(2, 493, tensor(3.3917, device='cuda:0'))
(2, 494, tensor(3.0251, device='cuda:0'))
(2, 495, tensor(3.6746, device='cuda:0'))
(2, 496, tensor(3.1603, device='cuda:0'))
(2, 497, tensor(2.8304, device='cuda:0'))
(2, 498, tensor(3.4044, device='cuda:0'))
(2, 499, tensor(3.0753, device='cuda:0'))
(2, 500, tensor(3.3020, device='cuda:0'))
(2, 501, tensor(2.9761, device='cuda:0'))
(2, 502, tensor(3.0342, device='cuda:0'))
(2, 503, tensor(3.4027, device='cuda:0'))
(2, 504, tensor(3.2191, device='cuda:0'))
(2, 505, tensor(2.7929, device='cuda:0'))
(2, 506, tensor(3.0812, device='cuda:0'))
(2, 507, tensor(3.1289, device='cuda:0'))
(2, 508, tensor(3.6205, device='cuda:0'))
(2, 509, tensor(2.9854, device='cuda:0'))
(2, 510, tensor(3.2328, device='cuda:0'))
(2, 511, tensor(3.0709, device='cuda:0'))
(2, 512, tensor(3.2133, device='cuda:0'))
(2, 513, tensor(2.7606, device='cuda:0'))
(2, 514, tensor(3.5134, device='cuda:0'))
(2, 515, tensor(3.0561, device='cuda:0'))
(2, 516, tensor(2.9769, device='cuda:0'))
(2, 517, tensor(3.5510, device='cuda:0'))
(2, 518, tensor(3.3007, device='cuda:0'))
(2, 519, tensor(3.2737, device='cuda:0'))
(2, 520, tensor(3.3303, device='cuda:0'))
(2, 521, tensor(3.3701, device='cuda:0'))
(2, 522, tensor(3.0913, device='cuda:0'))
(2, 523, tensor(3.2300, device='cuda:0'))
(2, 524, tensor(3.3151, device='cuda:0'))
(2, 525, tensor(2.9774, device='cuda:0'))
(2, 526, tensor(3.1009, device='cuda:0'))
(2, 527, tensor(2.8624, device='cuda:0'))
(2, 528, tensor(3.3691, device='cuda:0'))
(2, 529, tensor(3.4238, device='cuda:0'))
(2, 530, tensor(2.7799, device='cuda:0'))
(2, 531, tensor(3.1836, device='cuda:0'))
(2, 532, tensor(3.1116, device='cuda:0'))
(2, 533, tensor(2.9931, device='cuda:0'))
(2, 534, tensor(3.3615, device='cuda:0'))
(2, 535, tensor(3.3103, device='cuda:0'))
(2, 536, tensor(3.2036, device='cuda:0'))
(2, 537, tensor(3.1765, device='cuda:0'))
(2, 538, tensor(3.0507, device='cuda:0'))
(2, 539, tensor(2.9768, device='cuda:0'))
(2, 540, tensor(3.1867, device='cuda:0'))
(2, 541, tensor(2.9325, device='cuda:0'))
(2, 542, tensor(3.0616, device='cuda:0'))
(2, 543, tensor(3.0529, device='cuda:0'))
(2, 544, tensor(3.1505, device='cuda:0'))
(2, 545, tensor(2.5483, device='cuda:0'))
(2, 546, tensor(3.4150, device='cuda:0'))
(2, 547, tensor(3.3542, device='cuda:0'))
(2, 548, tensor(2.8941, device='cuda:0'))
(2, 549, tensor(2.8693, device='cuda:0'))
(2, 550, tensor(3.1834, device='cuda:0'))
(2, 551, tensor(2.7131, device='cuda:0'))
(2, 552, tensor(2.9258, device='cuda:0'))
(2, 553, tensor(3.0000, device='cuda:0'))
(2, 554, tensor(3.3251, device='cuda:0'))
(2, 555, tensor(2.9319, device='cuda:0'))
(2, 556, tensor(3.4080, device='cuda:0'))
(2, 557, tensor(3.0495, device='cuda:0'))
(2, 558, tensor(3.1082, device='cuda:0'))
(2, 559, tensor(3.0080, device='cuda:0'))
(2, 560, tensor(3.7331, device='cuda:0'))
(2, 561, tensor(3.1904, device='cuda:0'))
(2, 562, tensor(2.9205, device='cuda:0'))
(2, 563, tensor(3.2742, device='cuda:0'))
(2, 564, tensor(3.3068, device='cuda:0'))
(2, 565, tensor(3.1081, device='cuda:0'))
(2, 566, tensor(3.0081, device='cuda:0'))
(2, 567, tensor(3.2095, device='cuda:0'))
(2, 568, tensor(3.2091, device='cuda:0'))
(2, 569, tensor(2.8699, device='cuda:0'))
(2, 570, tensor(2.8625, device='cuda:0'))
(2, 571, tensor(3.2275, device='cuda:0'))
(2, 572, tensor(2.8700, device='cuda:0'))
(2, 573, tensor(3.0045, device='cuda:0'))
(2, 574, tensor(3.2550, device='cuda:0'))
(2, 575, tensor(3.0222, device='cuda:0'))
(2, 576, tensor(3.2424, device='cuda:0'))
(2, 577, tensor(3.1661, device='cuda:0'))
(2, 578, tensor(3.1952, device='cuda:0'))
(2, 579, tensor(3.3660, device='cuda:0'))
(2, 580, tensor(2.9647, device='cuda:0'))
(2, 581, tensor(2.8859, device='cuda:0'))
(2, 582, tensor(3.3128, device='cuda:0'))
(2, 583, tensor(3.0851, device='cuda:0'))
(2, 584, tensor(3.1122, device='cuda:0'))
(2, 585, tensor(2.8691, device='cuda:0'))
(2, 586, tensor(3.4097, device='cuda:0'))
(2, 587, tensor(3.1426, device='cuda:0'))
(2, 588, tensor(2.7927, device='cuda:0'))
(2, 589, tensor(3.0569, device='cuda:0'))
(2, 590, tensor(3.2540, device='cuda:0'))
(2, 591, tensor(3.3742, device='cuda:0'))
(2, 592, tensor(3.0867, device='cuda:0'))
(2, 593, tensor(2.8608, device='cuda:0'))
(2, 594, tensor(3.1479, device='cuda:0'))
(2, 595, tensor(3.5473, device='cuda:0'))
(2, 596, tensor(2.9239, device='cuda:0'))
(2, 597, tensor(2.9243, device='cuda:0'))
(2, 598, tensor(3.2476, device='cuda:0'))
(2, 599, tensor(3.2469, device='cuda:0'))
(2, 600, tensor(3.1459, device='cuda:0'))
(2, 601, tensor(3.0686, device='cuda:0'))
(2, 602, tensor(3.2939, device='cuda:0'))
(2, 603, tensor(3.4591, device='cuda:0'))
(2, 604, tensor(2.9749, device='cuda:0'))
(2, 605, tensor(2.9405, device='cuda:0'))
(2, 606, tensor(3.1175, device='cuda:0'))
(2, 607, tensor(3.1646, device='cuda:0'))
(2, 608, tensor(3.2786, device='cuda:0'))
(2, 609, tensor(3.1136, device='cuda:0'))
(2, 610, tensor(2.9220, device='cuda:0'))
(2, 611, tensor(2.9933, device='cuda:0'))
(2, 612, tensor(3.0739, device='cuda:0'))
(2, 613, tensor(2.9980, device='cuda:0'))
(2, 614, tensor(3.1467, device='cuda:0'))
(2, 615, tensor(2.9823, device='cuda:0'))
(2, 616, tensor(3.2537, device='cuda:0'))
(2, 617, tensor(3.2175, device='cuda:0'))
(2, 618, tensor(3.1180, device='cuda:0'))
(2, 619, tensor(3.0414, device='cuda:0'))
(2, 620, tensor(3.0348, device='cuda:0'))
(2, 621, tensor(3.4615, device='cuda:0'))
(2, 622, tensor(2.8880, device='cuda:0'))
(2, 623, tensor(3.1235, device='cuda:0'))
(2, 624, tensor(3.2736, device='cuda:0'))
(2, 625, tensor(3.2272, device='cuda:0'))
(2, 626, tensor(2.8656, device='cuda:0'))
(2, 627, tensor(2.7831, device='cuda:0'))
(2, 628, tensor(3.2380, device='cuda:0'))
(2, 629, tensor(3.3449, device='cuda:0'))
(2, 630, tensor(3.1488, device='cuda:0'))
(2, 631, tensor(3.0940, device='cuda:0'))
(2, 632, tensor(2.9029, device='cuda:0'))
(2, 633, tensor(3.0158, device='cuda:0'))
(2, 634, tensor(2.8684, device='cuda:0'))
(2, 635, tensor(2.8808, device='cuda:0'))
(2, 636, tensor(2.9821, device='cuda:0'))
(2, 637, tensor(3.3588, device='cuda:0'))
(2, 638, tensor(3.2067, device='cuda:0'))
(2, 639, tensor(3.3248, device='cuda:0'))
(2, 640, tensor(2.9545, device='cuda:0'))
(2, 641, tensor(3.0287, device='cuda:0'))
(2, 642, tensor(3.3579, device='cuda:0'))
(2, 643, tensor(2.8384, device='cuda:0'))
(2, 644, tensor(3.1312, device='cuda:0'))
(2, 645, tensor(3.3616, device='cuda:0'))
(2, 646, tensor(3.0164, device='cuda:0'))
(2, 647, tensor(3.5626, device='cuda:0'))
(2, 648, tensor(3.1405, device='cuda:0'))
(2, 649, tensor(3.2581, device='cuda:0'))
(2, 650, tensor(3.6299, device='cuda:0'))
(2, 651, tensor(2.7484, device='cuda:0'))
No handlers could be found for logger "libav.h264"
No handlers could be found for logger "libav.h264"
No handlers could be found for logger "libav.h264"
No handlers could be found for logger "libav.h264"
No handlers could be found for logger "libav.h264"
(3, 652, tensor(2.9549, device='cuda:0'))
(3, 653, tensor(3.4171, device='cuda:0'))
(3, 654, tensor(3.2610, device='cuda:0'))
(3, 655, tensor(2.8041, device='cuda:0'))
(3, 656, tensor(3.0604, device='cuda:0'))
(3, 657, tensor(3.0062, device='cuda:0'))
(3, 658, tensor(2.9076, device='cuda:0'))
(3, 659, tensor(2.9494, device='cuda:0'))
(3, 660, tensor(2.8941, device='cuda:0'))
(3, 661, tensor(3.4439, device='cuda:0'))
(3, 662, tensor(3.2093, device='cuda:0'))
(3, 663, tensor(2.8056, device='cuda:0'))
(3, 664, tensor(3.0805, device='cuda:0'))
(3, 665, tensor(2.9733, device='cuda:0'))
(3, 666, tensor(2.8535, device='cuda:0'))
(3, 667, tensor(3.1650, device='cuda:0'))
(3, 668, tensor(2.7068, device='cuda:0'))
(3, 669, tensor(3.1376, device='cuda:0'))
(3, 670, tensor(3.7835, device='cuda:0'))
(3, 671, tensor(3.2893, device='cuda:0'))
(3, 672, tensor(2.9787, device='cuda:0'))
(3, 673, tensor(3.1258, device='cuda:0'))
(3, 674, tensor(3.0055, device='cuda:0'))
(3, 675, tensor(3.2300, device='cuda:0'))
(3, 676, tensor(2.9109, device='cuda:0'))
(3, 677, tensor(3.2047, device='cuda:0'))
(3, 678, tensor(3.1182, device='cuda:0'))
(3, 679, tensor(2.9394, device='cuda:0'))
(3, 680, tensor(2.7287, device='cuda:0'))
(3, 681, tensor(2.9464, device='cuda:0'))
(3, 682, tensor(3.1353, device='cuda:0'))
(3, 683, tensor(3.0862, device='cuda:0'))
(3, 684, tensor(3.5151, device='cuda:0'))
(3, 685, tensor(3.3024, device='cuda:0'))
(3, 686, tensor(3.1292, device='cuda:0'))
(3, 687, tensor(3.0739, device='cuda:0'))
(3, 688, tensor(2.9792, device='cuda:0'))
(3, 689, tensor(3.4789, device='cuda:0'))
(3, 690, tensor(3.6010, device='cuda:0'))
(3, 691, tensor(3.0821, device='cuda:0'))
(3, 692, tensor(3.0659, device='cuda:0'))
(3, 693, tensor(2.5996, device='cuda:0'))
(3, 694, tensor(2.5879, device='cuda:0'))
(3, 695, tensor(2.8691, device='cuda:0'))
(3, 696, tensor(3.3134, device='cuda:0'))
(3, 697, tensor(2.9953, device='cuda:0'))
(3, 698, tensor(2.8680, device='cuda:0'))
(3, 699, tensor(2.8707, device='cuda:0'))
(3, 700, tensor(2.6515, device='cuda:0'))
(3, 701, tensor(2.7327, device='cuda:0'))
(3, 702, tensor(2.9686, device='cuda:0'))
(3, 703, tensor(2.7755, device='cuda:0'))
(3, 704, tensor(3.2679, device='cuda:0'))
(3, 705, tensor(2.8322, device='cuda:0'))
(3, 706, tensor(3.1771, device='cuda:0'))
(3, 707, tensor(3.0272, device='cuda:0'))
(3, 708, tensor(3.1100, device='cuda:0'))
(3, 709, tensor(2.8778, device='cuda:0'))
(3, 710, tensor(3.1835, device='cuda:0'))
(3, 711, tensor(3.0510, device='cuda:0'))
(3, 712, tensor(3.1279, device='cuda:0'))
(3, 713, tensor(2.9084, device='cuda:0'))
(3, 714, tensor(2.6519, device='cuda:0'))
(3, 715, tensor(2.9967, device='cuda:0'))
(3, 716, tensor(3.3526, device='cuda:0'))
(3, 717, tensor(2.7046, device='cuda:0'))
(3, 718, tensor(3.4072, device='cuda:0'))
(3, 719, tensor(2.9609, device='cuda:0'))
(3, 720, tensor(2.9939, device='cuda:0'))
(3, 721, tensor(2.9313, device='cuda:0'))
(3, 722, tensor(3.3497, device='cuda:0'))
(3, 723, tensor(2.9200, device='cuda:0'))
(3, 724, tensor(2.7545, device='cuda:0'))
(3, 725, tensor(2.7962, device='cuda:0'))
(3, 726, tensor(3.0020, device='cuda:0'))
(3, 727, tensor(2.8872, device='cuda:0'))
(3, 728, tensor(3.3914, device='cuda:0'))
(3, 729, tensor(2.7265, device='cuda:0'))
(3, 730, tensor(2.7608, device='cuda:0'))
(3, 731, tensor(2.8591, device='cuda:0'))
(3, 732, tensor(3.1566, device='cuda:0'))
(3, 733, tensor(2.8216, device='cuda:0'))
(3, 734, tensor(3.0989, device='cuda:0'))
(3, 735, tensor(3.0424, device='cuda:0'))
(3, 736, tensor(2.9709, device='cuda:0'))
(3, 737, tensor(2.8997, device='cuda:0'))
(3, 738, tensor(2.8899, device='cuda:0'))
(3, 739, tensor(3.0330, device='cuda:0'))
(3, 740, tensor(3.1142, device='cuda:0'))
(3, 741, tensor(3.2430, device='cuda:0'))
(3, 742, tensor(2.6680, device='cuda:0'))
(3, 743, tensor(3.1739, device='cuda:0'))
(3, 744, tensor(3.2489, device='cuda:0'))
(3, 745, tensor(2.6310, device='cuda:0'))
(3, 746, tensor(3.0899, device='cuda:0'))
(3, 747, tensor(3.0002, device='cuda:0'))
(3, 748, tensor(3.2365, device='cuda:0'))
(3, 749, tensor(3.4068, device='cuda:0'))
(3, 750, tensor(2.9413, device='cuda:0'))
(3, 751, tensor(2.8474, device='cuda:0'))
(3, 752, tensor(2.9876, device='cuda:0'))
(3, 753, tensor(3.1048, device='cuda:0'))
(3, 754, tensor(2.9264, device='cuda:0'))
(3, 755, tensor(3.0107, device='cuda:0'))
(3, 756, tensor(3.4471, device='cuda:0'))
(3, 757, tensor(2.9567, device='cuda:0'))
(3, 758, tensor(2.8144, device='cuda:0'))
(3, 759, tensor(2.9338, device='cuda:0'))
(3, 760, tensor(2.8630, device='cuda:0'))
(3, 761, tensor(3.0555, device='cuda:0'))
(3, 762, tensor(3.2519, device='cuda:0'))
(3, 763, tensor(3.0770, device='cuda:0'))
(3, 764, tensor(2.5754, device='cuda:0'))
(3, 765, tensor(3.0050, device='cuda:0'))
(3, 766, tensor(2.6249, device='cuda:0'))
(3, 767, tensor(2.2751, device='cuda:0'))
(3, 768, tensor(3.2319, device='cuda:0'))
(3, 769, tensor(2.8057, device='cuda:0'))
(3, 770, tensor(3.4083, device='cuda:0'))
(3, 771, tensor(3.0916, device='cuda:0'))
(3, 772, tensor(3.4987, device='cuda:0'))
(3, 773, tensor(3.2015, device='cuda:0'))
(3, 774, tensor(3.3590, device='cuda:0'))
(3, 775, tensor(3.0224, device='cuda:0'))
(3, 776, tensor(2.8494, device='cuda:0'))
(3, 777, tensor(2.7133, device='cuda:0'))
(3, 778, tensor(2.4478, device='cuda:0'))
(3, 779, tensor(3.6297, device='cuda:0'))
(3, 780, tensor(2.7266, device='cuda:0'))
(3, 781, tensor(3.1894, device='cuda:0'))
(3, 782, tensor(3.1811, device='cuda:0'))
(3, 783, tensor(3.1150, device='cuda:0'))
(3, 784, tensor(3.0152, device='cuda:0'))
(3, 785, tensor(2.8797, device='cuda:0'))
(3, 786, tensor(2.9731, device='cuda:0'))
(3, 787, tensor(2.7353, device='cuda:0'))
(3, 788, tensor(2.9032, device='cuda:0'))
(3, 789, tensor(3.0598, device='cuda:0'))
(3, 790, tensor(2.9099, device='cuda:0'))
(3, 791, tensor(2.9850, device='cuda:0'))
(3, 792, tensor(2.5776, device='cuda:0'))
(3, 793, tensor(2.7858, device='cuda:0'))
(3, 794, tensor(2.8365, device='cuda:0'))
(3, 795, tensor(2.5900, device='cuda:0'))
(3, 796, tensor(2.7798, device='cuda:0'))
(3, 797, tensor(2.7674, device='cuda:0'))
(3, 798, tensor(2.6637, device='cuda:0'))
(3, 799, tensor(3.4105, device='cuda:0'))
(3, 800, tensor(2.9856, device='cuda:0'))
(3, 801, tensor(2.7453, device='cuda:0'))
(3, 802, tensor(3.3073, device='cuda:0'))
(3, 803, tensor(2.7954, device='cuda:0'))
(3, 804, tensor(2.8447, device='cuda:0'))
(3, 805, tensor(2.7578, device='cuda:0'))
(3, 806, tensor(2.5167, device='cuda:0'))
(3, 807, tensor(2.8892, device='cuda:0'))
(3, 808, tensor(3.0677, device='cuda:0'))
(3, 809, tensor(2.9901, device='cuda:0'))
(3, 810, tensor(2.9575, device='cuda:0'))
(3, 811, tensor(3.0469, device='cuda:0'))
(3, 812, tensor(3.0946, device='cuda:0'))
(3, 813, tensor(2.6504, device='cuda:0'))
(3, 814, tensor(3.7321, device='cuda:0'))
(3, 815, tensor(3.3708, device='cuda:0'))
(3, 816, tensor(2.4327, device='cuda:0'))
(3, 817, tensor(3.3393, device='cuda:0'))
(3, 818, tensor(2.9778, device='cuda:0'))
(3, 819, tensor(2.9629, device='cuda:0'))
(3, 820, tensor(2.8818, device='cuda:0'))
(3, 821, tensor(2.7901, device='cuda:0'))
(3, 822, tensor(3.1181, device='cuda:0'))
(3, 823, tensor(3.2979, device='cuda:0'))
(3, 824, tensor(2.6422, device='cuda:0'))
(3, 825, tensor(2.8272, device='cuda:0'))
(3, 826, tensor(2.8723, device='cuda:0'))
(3, 827, tensor(2.5768, device='cuda:0'))
(3, 828, tensor(2.7096, device='cuda:0'))
(3, 829, tensor(2.8557, device='cuda:0'))
(3, 830, tensor(2.7307, device='cuda:0'))
(3, 831, tensor(2.8818, device='cuda:0'))
(3, 832, tensor(2.8394, device='cuda:0'))
(3, 833, tensor(2.7117, device='cuda:0'))
(3, 834, tensor(2.8409, device='cuda:0'))
(3, 835, tensor(3.3452, device='cuda:0'))
(3, 836, tensor(3.0357, device='cuda:0'))
(3, 837, tensor(2.8018, device='cuda:0'))
(3, 838, tensor(3.3212, device='cuda:0'))
(3, 839, tensor(2.9159, device='cuda:0'))
(3, 840, tensor(2.5837, device='cuda:0'))
(3, 841, tensor(3.3384, device='cuda:0'))
(3, 842, tensor(2.9077, device='cuda:0'))
(3, 843, tensor(3.0188, device='cuda:0'))
(3, 844, tensor(3.2850, device='cuda:0'))
(3, 845, tensor(3.1341, device='cuda:0'))
(3, 846, tensor(3.0144, device='cuda:0'))
(3, 847, tensor(2.6678, device='cuda:0'))
(3, 848, tensor(2.8516, device='cuda:0'))
(3, 849, tensor(2.5562, device='cuda:0'))
(3, 850, tensor(2.4366, device='cuda:0'))
(3, 851, tensor(2.2877, device='cuda:0'))
(3, 852, tensor(3.4887, device='cuda:0'))
(3, 853, tensor(3.2031, device='cuda:0'))
(3, 854, tensor(2.7417, device='cuda:0'))
(3, 855, tensor(3.0310, device='cuda:0'))
(3, 856, tensor(3.0022, device='cuda:0'))
(3, 857, tensor(2.9503, device='cuda:0'))
(3, 858, tensor(2.6000, device='cuda:0'))
(3, 859, tensor(2.6456, device='cuda:0'))
(3, 860, tensor(3.0273, device='cuda:0'))
(3, 861, tensor(3.4251, device='cuda:0'))
(3, 862, tensor(2.8644, device='cuda:0'))
(3, 863, tensor(2.9069, device='cuda:0'))
(3, 864, tensor(2.9995, device='cuda:0'))
(3, 865, tensor(2.9874, device='cuda:0'))
(3, 866, tensor(2.9332, device='cuda:0'))
(3, 867, tensor(2.9316, device='cuda:0'))
(3, 868, tensor(2.9842, device='cuda:0'))
No handlers could be found for logger "libav.h264"
No handlers could be found for logger "libav.h264"
No handlers could be found for logger "libav.h264"
No handlers could be found for logger "libav.h264"
No handlers could be found for logger "libav.h264"
(4, 869, tensor(2.6534, device='cuda:0'))
(4, 870, tensor(2.7482, device='cuda:0'))
(4, 871, tensor(3.2638, device='cuda:0'))
(4, 872, tensor(2.8031, device='cuda:0'))
(4, 873, tensor(3.2896, device='cuda:0'))
(4, 874, tensor(2.7571, device='cuda:0'))
(4, 875, tensor(2.9930, device='cuda:0'))
(4, 876, tensor(2.8662, device='cuda:0'))
(4, 877, tensor(2.9570, device='cuda:0'))
(4, 878, tensor(2.7331, device='cuda:0'))
(4, 879, tensor(2.9792, device='cuda:0'))
(4, 880, tensor(2.7181, device='cuda:0'))
(4, 881, tensor(2.3161, device='cuda:0'))
(4, 882, tensor(2.7224, device='cuda:0'))
(4, 883, tensor(2.8742, device='cuda:0'))
(4, 884, tensor(3.3021, device='cuda:0'))
(4, 885, tensor(2.7742, device='cuda:0'))
(4, 886, tensor(2.7696, device='cuda:0'))
(4, 887, tensor(2.4014, device='cuda:0'))
(4, 888, tensor(3.0270, device='cuda:0'))
(4, 889, tensor(2.6613, device='cuda:0'))
(4, 890, tensor(3.3169, device='cuda:0'))
(4, 891, tensor(2.8242, device='cuda:0'))
(4, 892, tensor(3.1957, device='cuda:0'))
(4, 893, tensor(2.8674, device='cuda:0'))
(4, 894, tensor(2.8124, device='cuda:0'))
(4, 895, tensor(2.7905, device='cuda:0'))
(4, 896, tensor(2.6511, device='cuda:0'))
(4, 897, tensor(2.9867, device='cuda:0'))
(4, 898, tensor(3.1737, device='cuda:0'))
(4, 899, tensor(3.1462, device='cuda:0'))
(4, 900, tensor(3.0685, device='cuda:0'))
(4, 901, tensor(2.7845, device='cuda:0'))
(4, 902, tensor(2.7903, device='cuda:0'))
(4, 903, tensor(2.7418, device='cuda:0'))
(4, 904, tensor(2.9284, device='cuda:0'))
(4, 905, tensor(2.9386, device='cuda:0'))
(4, 906, tensor(1.9959, device='cuda:0'))
(4, 907, tensor(3.2418, device='cuda:0'))
(4, 908, tensor(3.2317, device='cuda:0'))
(4, 909, tensor(2.6321, device='cuda:0'))
(4, 910, tensor(3.0148, device='cuda:0'))
(4, 911, tensor(2.4810, device='cuda:0'))
(4, 912, tensor(3.0332, device='cuda:0'))
(4, 913, tensor(3.0664, device='cuda:0'))
(4, 914, tensor(2.9518, device='cuda:0'))
(4, 915, tensor(2.6785, device='cuda:0'))
(4, 916, tensor(2.9220, device='cuda:0'))
(4, 917, tensor(2.5994, device='cuda:0'))
(4, 918, tensor(2.8473, device='cuda:0'))
(4, 919, tensor(2.8157, device='cuda:0'))
(4, 920, tensor(2.6136, device='cuda:0'))
(4, 921, tensor(2.8033, device='cuda:0'))
(4, 922, tensor(2.8307, device='cuda:0'))
(4, 923, tensor(3.0726, device='cuda:0'))
(4, 924, tensor(2.7201, device='cuda:0'))
(4, 925, tensor(2.7856, device='cuda:0'))
(4, 926, tensor(2.7371, device='cuda:0'))
(4, 927, tensor(2.0903, device='cuda:0'))
(4, 928, tensor(3.1548, device='cuda:0'))
(4, 929, tensor(2.4557, device='cuda:0'))
(4, 930, tensor(2.9246, device='cuda:0'))
(4, 931, tensor(3.0926, device='cuda:0'))
(4, 932, tensor(2.9155, device='cuda:0'))
(4, 933, tensor(2.7393, device='cuda:0'))
(4, 934, tensor(2.8273, device='cuda:0'))
(4, 935, tensor(2.5182, device='cuda:0'))
(4, 936, tensor(2.7932, device='cuda:0'))
(4, 937, tensor(3.0570, device='cuda:0'))
(4, 938, tensor(3.0873, device='cuda:0'))
(4, 939, tensor(2.7399, device='cuda:0'))
(4, 940, tensor(2.7210, device='cuda:0'))
(4, 941, tensor(2.7186, device='cuda:0'))
(4, 942, tensor(2.8600, device='cuda:0'))
(4, 943, tensor(2.9264, device='cuda:0'))
(4, 944, tensor(2.7482, device='cuda:0'))
(4, 945, tensor(2.5217, device='cuda:0'))
(4, 946, tensor(2.5051, device='cuda:0'))
(4, 947, tensor(2.5764, device='cuda:0'))
(4, 948, tensor(2.5952, device='cuda:0'))
(4, 949, tensor(2.6519, device='cuda:0'))
(4, 950, tensor(3.0168, device='cuda:0'))
(4, 951, tensor(3.1681, device='cuda:0'))
(4, 952, tensor(2.7973, device='cuda:0'))
(4, 953, tensor(2.6559, device='cuda:0'))
(4, 954, tensor(3.3396, device='cuda:0'))
(4, 955, tensor(2.3797, device='cuda:0'))
(4, 956, tensor(2.9914, device='cuda:0'))
(4, 957, tensor(3.2290, device='cuda:0'))
(4, 958, tensor(2.9244, device='cuda:0'))
(4, 959, tensor(3.1121, device='cuda:0'))
(4, 960, tensor(2.8691, device='cuda:0'))
(4, 961, tensor(3.2489, device='cuda:0'))
(4, 962, tensor(2.8745, device='cuda:0'))
(4, 963, tensor(2.5545, device='cuda:0'))
(4, 964, tensor(2.5148, device='cuda:0'))
(4, 965, tensor(2.6102, device='cuda:0'))
(4, 966, tensor(2.3358, device='cuda:0'))
(4, 967, tensor(3.1559, device='cuda:0'))
(4, 968, tensor(2.8146, device='cuda:0'))
(4, 969, tensor(3.0452, device='cuda:0'))
(4, 970, tensor(3.0346, device='cuda:0'))
(4, 971, tensor(2.9255, device='cuda:0'))
(4, 972, tensor(2.8158, device='cuda:0'))
(4, 973, tensor(2.6962, device='cuda:0'))
(4, 974, tensor(2.5190, device='cuda:0'))
(4, 975, tensor(2.4759, device='cuda:0'))
(4, 976, tensor(2.9101, device='cuda:0'))
(4, 977, tensor(2.7550, device='cuda:0'))
(4, 978, tensor(2.9060, device='cuda:0'))
(4, 979, tensor(3.4952, device='cuda:0'))
(4, 980, tensor(2.8140, device='cuda:0'))
slurmstepd: error: *** JOB 1385083 ON gpu28 CANCELLED AT 2018-11-15T16:02:22 DUE TO TIME LIMIT ***
